#
# A fatal error has been detected by the Java Runtime Environment:
#
#  Internal Error (safepoint.cpp:919), pid=77348, tid=36355
#  fatal error: Illegal threadstate encountered: 4
#
# JRE version: OpenJDK Runtime Environment Temurin-11.0.12+7 (11.0.12+7) (build 11.0.12+7)
# Java VM: OpenJDK 64-Bit Server VM Temurin-11.0.12+7 (11.0.12+7, mixed mode, tiered, compressed oops, g1 gc, bsd-amd64)
# No core dump will be written. Core dumps have been disabled. To enable core dumping, try "ulimit -c unlimited" before starting Java again
#
# If you would like to submit a bug report, please visit:
#   https://github.com/adoptium/adoptium-support/issues
# The crash happened outside the Java Virtual Machine in native code.
# See problematic frame for where to report the bug.
#

---------------  S U M M A R Y ------------

Command Line: --module-path=/Users/szabosandor/.m2/repository/org/openjfx/javafx-base/17.0.0.1/javafx-base-17.0.0.1-mac.jar:/Users/szabosandor/.m2/repository/org/openjfx/javafx-base/17.0.0.1/javafx-base-17.0.0.1.jar:/Users/szabosandor/.m2/repository/org/openjfx/javafx-controls/11/javafx-controls-11-mac.jar:/Users/szabosandor/.m2/repository/org/openjfx/javafx-controls/11/javafx-controls-11.jar:/Users/szabosandor/.m2/repository/org/openjfx/javafx-fxml/11/javafx-fxml-11-mac.jar:/Users/szabosandor/.m2/repository/org/openjfx/javafx-fxml/11/javafx-fxml-11.jar:/Users/szabosandor/.m2/repository/org/openjfx/javafx-graphics/11/javafx-graphics-11-mac.jar:/Users/szabosandor/.m2/repository/org/openjfx/javafx-graphics/11/javafx-graphics-11.jar --add-modules=javafx.base,javafx.controls,javafx.fxml,javafx.graphics hu.unideb.inf.Main

Host: MacBookAir9,1 x86_64 1100 MHz, 4 cores, 8G, Darwin 21.2.0
Time: Fri May 13 18:49:34 2022 CEST elapsed time: 125.363615 seconds (0d 0h 2m 5s)

---------------  T H R E A D  ---------------

Current thread (0x00007f99687fe800):  JavaThread "InvokeLaterDispatcher" daemon [_thread_in_native, id=36355, stack(0x000070000b861000,0x000070000b961000)]

Stack: [0x000070000b861000,0x000070000b961000],  sp=0x000070000b95f300,  free space=1016k
Native frames: (J=compiled Java code, A=aot compiled Java code, j=interpreted, Vv=VM code, C=native code)
V  [libjvm.dylib+0x7c656e]  _ZN7VMError14report_and_dieEiPKcS1_P13__va_list_tagP6ThreadPhPvS7_S1_im+0x652
V  [libjvm.dylib+0x7c6c69]  _ZN7VMError14report_and_dieEP6ThreadPvPKciS4_S4_P13__va_list_tag+0x47
V  [libjvm.dylib+0x27a592]  _Z12report_fatalPKciS0_z+0xb5
V  [libjvm.dylib+0x69d09d]  _ZN20SafepointSynchronize5blockEP10JavaThread+0x1cf
V  [libjvm.dylib+0x77f1f2]  _ZN10JavaThread44check_safepoint_and_suspend_for_native_transEPS_+0xa8
V  [libjvm.dylib+0x3f4a70]  jni_DeleteGlobalRef+0x93
C  [libglass.dylib+0x8871]  -[GlassRunnable dealloc]+0x31
C  [Foundation+0x80e9b]  -[_NSThreadPerformInfo dealloc]+0x2a
C  [Foundation+0x4dcc7]  -[NSObject(NSThreadPerformAdditions) performSelectorOnMainThread:withObject:waitUntilDone:]+0x7c
J 4376  com.sun.glass.ui.mac.MacApplication._submitForLaterInvocation(Ljava/lang/Runnable;)V javafx.graphics (0 bytes) @ 0x0000000121ddf98f [0x0000000121ddf8c0+0x00000000000000cf]
J 4375 c1 com.sun.glass.ui.mac.MacApplication.submitForLaterInvocation(Ljava/lang/Runnable;)V javafx.graphics (6 bytes) @ 0x000000011af000b4 [0x000000011af00040+0x0000000000000074]
j  com.sun.glass.ui.InvokeLaterDispatcher.run()V+82 javafx.graphics
v  ~StubRoutines::call_stub
V  [libjvm.dylib+0x3b910e]  _ZN9JavaCalls11call_helperEP9JavaValueRK12methodHandleP17JavaCallArgumentsP6Thread+0x21a
V  [libjvm.dylib+0x3b8558]  _ZN9JavaCalls12call_virtualEP9JavaValueP5KlassP6SymbolS5_P17JavaCallArgumentsP6Thread+0xee
V  [libjvm.dylib+0x3b8614]  _ZN9JavaCalls12call_virtualEP9JavaValue6HandleP5KlassP6SymbolS6_P6Thread+0x62
V  [libjvm.dylib+0x43f4e6]  _ZL12thread_entryP10JavaThreadP6Thread+0x78
V  [libjvm.dylib+0x77dbc6]  _ZN10JavaThread17thread_main_innerEv+0x82
V  [libjvm.dylib+0x77da10]  _ZN10JavaThread3runEv+0x174
V  [libjvm.dylib+0x77b8ec]  _ZN6Thread8call_runEv+0x68
V  [libjvm.dylib+0x62a3c1]  _ZL19thread_native_entryP6Thread+0x139
C  [libsystem_pthread.dylib+0x64f4]  _pthread_start+0x7d
C  [libsystem_pthread.dylib+0x200f]  thread_start+0xf

Java frames: (J=compiled Java code, j=interpreted, Vv=VM code)
J 4376  com.sun.glass.ui.mac.MacApplication._submitForLaterInvocation(Ljava/lang/Runnable;)V javafx.graphics (0 bytes) @ 0x0000000121ddf91c [0x0000000121ddf8c0+0x000000000000005c]
J 4375 c1 com.sun.glass.ui.mac.MacApplication.submitForLaterInvocation(Ljava/lang/Runnable;)V javafx.graphics (6 bytes) @ 0x000000011af000b4 [0x000000011af00040+0x0000000000000074]
j  com.sun.glass.ui.InvokeLaterDispatcher.run()V+82 javafx.graphics
v  ~StubRoutines::call_stub

---------------  P R O C E S S  ---------------

Threads class SMR info:
_java_thread_list=0x000060000272d3a0, length=22, elements={
0x00007f9966809800, 0x00007f996903b000, 0x00007f996903e000, 0x00007f9966849000,
0x00007f9967845800, 0x00007f9968068000, 0x00007f9967849000, 0x00007f996784c000,
0x00007f9968102000, 0x00007f996817c800, 0x00007f9968266000, 0x00007f996c102000,
0x00007f996c119000, 0x00007f99687fe800, 0x00007f996c124800, 0x00007f996abc9800,
0x00007f996c18e000, 0x00007f996c138800, 0x00007f996c29e000, 0x00007f996c56b800,
0x00007f996c590800, 0x00007f9967edf800
}

Java Threads: ( => current thread )
  0x00007f9966809800 JavaThread "main" [_thread_blocked, id=6659, stack(0x000070000a016000,0x000070000a116000)]
  0x00007f996903b000 JavaThread "Reference Handler" daemon [_thread_blocked, id=18435, stack(0x000070000a72b000,0x000070000a82b000)]
  0x00007f996903e000 JavaThread "Finalizer" daemon [_thread_blocked, id=18179, stack(0x000070000a82e000,0x000070000a92e000)]
  0x00007f9966849000 JavaThread "Signal Dispatcher" daemon [_thread_blocked, id=17155, stack(0x000070000aa37000,0x000070000ab37000)]
  0x00007f9967845800 JavaThread "Service Thread" daemon [_thread_blocked, id=43267, stack(0x000070000ab3a000,0x000070000ac3a000)]
  0x00007f9968068000 JavaThread "C2 CompilerThread0" daemon [_thread_blocked, id=42755, stack(0x000070000ac3d000,0x000070000ad3d000)]
  0x00007f9967849000 JavaThread "C1 CompilerThread0" daemon [_thread_blocked, id=42499, stack(0x000070000ad40000,0x000070000ae40000)]
  0x00007f996784c000 JavaThread "Sweeper thread" daemon [_thread_blocked, id=22787, stack(0x000070000ae43000,0x000070000af43000)]
  0x00007f9968102000 JavaThread "Common-Cleaner" daemon [_thread_blocked, id=23299, stack(0x000070000af46000,0x000070000b046000)]
  0x00007f996817c800 JavaThread "H2 TCP Server (tcp://172.19.3.110:9092)" [_thread_in_native, id=40963, stack(0x000070000b352000,0x000070000b452000)]
  0x00007f9968266000 JavaThread "H2 Console Server (http://172.19.3.110:8082)" [_thread_in_native, id=25607, stack(0x000070000b455000,0x000070000b555000)]
  0x00007f996c102000 JavaThread "JavaFX-Launcher" [_thread_blocked, id=40223, stack(0x000070000b65b000,0x000070000b75b000)]
  0x00007f996c119000 JavaThread "QuantumRenderer-0" daemon [_thread_blocked, id=39695, stack(0x000070000b75e000,0x000070000b85e000)]
=>0x00007f99687fe800 JavaThread "InvokeLaterDispatcher" daemon [_thread_in_native, id=36355, stack(0x000070000b861000,0x000070000b961000)]
  0x00007f996c124800 JavaThread "JavaFX Application Thread" [_thread_in_native_trans, id=259, stack(0x00007ff7b7ab4000,0x00007ff7b82b4000)]
  0x00007f996abc9800 JavaThread "Thread-7" daemon [_thread_in_native, id=82703, stack(0x000070000b964000,0x000070000b9e4000)]
  0x00007f996c18e000 JavaThread "Prism Font Disposer" daemon [_thread_blocked, id=53791, stack(0x000070000bb70000,0x000070000bc70000)]
  0x00007f996c138800 JavaThread "Cleaner-0" daemon [_thread_blocked, id=65027, stack(0x000070000bcf6000,0x000070000bdf6000)]
  0x00007f996c29e000 JavaThread "MVStore background writer nio:/Users/szabosandor/mydatabase.mv.db" daemon [_thread_blocked, id=17851, stack(0x000070000b9e7000,0x000070000bae7000)]
  0x00007f996c56b800 JavaThread "Hibernate Connection Pool Validation Thread" daemon [_thread_blocked, id=65475, stack(0x000070000bdf9000,0x000070000bef9000)]
  0x00007f996c590800 JavaThread "Hibernate Connection Pool Validation Thread" daemon [_thread_blocked, id=85831, stack(0x000070000c105000,0x000070000c205000)]
  0x00007f9967edf800 JavaThread "Hibernate Connection Pool Validation Thread" daemon [_thread_blocked, id=90299, stack(0x000070000c28b000,0x000070000c38b000)]

Other Threads:
  0x00007f9969035800 VMThread "VM Thread" [stack: 0x000070000a628000,0x000070000a728000] [id=13571]
  0x00007f99690c1000 WatcherThread [stack: 0x000070000b049000,0x000070000b149000] [id=23811]
  0x00007f996680a800 GCTaskThread "GC Thread#0" [stack: 0x000070000a119000,0x000070000a219000] [id=20995]
  0x00007f996688a800 GCTaskThread "GC Thread#1" [stack: 0x000070000b14c000,0x000070000b24c000] [id=24067]
  0x00007f9968185000 GCTaskThread "GC Thread#2" [stack: 0x000070000b24f000,0x000070000b34f000] [id=41219]
  0x00007f9967b41000 GCTaskThread "GC Thread#3" [stack: 0x000070000b558000,0x000070000b658000] [id=26375]
  0x00007f9966838800 ConcurrentGCThread "G1 Main Marker" [stack: 0x000070000a21c000,0x000070000a31c000] [id=20483]
  0x00007f9968009800 ConcurrentGCThread "G1 Conc#0" [stack: 0x000070000a31f000,0x000070000a41f000] [id=19715]
  0x00007f9968060000 ConcurrentGCThread "G1 Refine#0" [stack: 0x000070000a422000,0x000070000a522000] [id=19203]
  0x00007f996c18c000 ConcurrentGCThread "G1 Refine#1" [stack: 0x000070000befc000,0x000070000bffc000] [id=88427]
  0x00007f9968061000 ConcurrentGCThread "G1 Young RemSet Sampling" [stack: 0x000070000a525000,0x000070000a625000] [id=12291]

Threads with active compile tasks:

VM state:not at safepoint (normal execution)

VM Mutex/Monitor currently owned by a thread: None

Heap address: 0x0000000780000000, size: 2048 MB, Compressed Oops mode: Zero based, Oop shift amount: 3
Narrow klass base: 0x0000000800000000, Narrow klass shift: 0
Compressed class space size: 1073741824 Address: 0x0000000800000000

Heap:
 garbage-first heap   total 166912K, used 74351K [0x0000000780000000, 0x0000000800000000)
  region size 1024K, 3 young (3072K), 1 survivors (1024K)
 Metaspace       used 58049K, capacity 59577K, committed 59640K, reserved 1101824K
  class space    used 7036K, capacity 7648K, committed 7672K, reserved 1048576K
Heap Regions: E=young(eden), S=young(survivor), O=old, HS=humongous(starts), HC=humongous(continues), CS=collection set, F=free, A=archive, TAMS=top-at-mark-start (previous, next)
|   0|0x0000000780000000, 0x0000000780100000, 0x0000000780100000|100%|HS|  |TAMS 0x0000000780100000, 0x0000000780000000| Complete 
|   1|0x0000000780100000, 0x0000000780200000, 0x0000000780200000|100%| O|  |TAMS 0x0000000780200000, 0x0000000780100000| Untracked 
|   2|0x0000000780200000, 0x0000000780300000, 0x0000000780300000|100%| O|  |TAMS 0x0000000780300000, 0x0000000780200000| Untracked 
|   3|0x0000000780300000, 0x0000000780400000, 0x0000000780400000|100%|HS|  |TAMS 0x0000000780400000, 0x0000000780300000| Complete 
|   4|0x0000000780400000, 0x0000000780500000, 0x0000000780500000|100%|HC|  |TAMS 0x0000000780500000, 0x0000000780400000| Complete 
|   5|0x0000000780500000, 0x0000000780600000, 0x0000000780600000|100%| O|  |TAMS 0x0000000780600000, 0x0000000780500000| Untracked 
|   6|0x0000000780600000, 0x0000000780700000, 0x0000000780700000|100%| O|  |TAMS 0x0000000780700000, 0x0000000780600000| Untracked 
|   7|0x0000000780700000, 0x0000000780800000, 0x0000000780800000|100%| O|  |TAMS 0x0000000780800000, 0x0000000780700000| Untracked 
|   8|0x0000000780800000, 0x0000000780900000, 0x0000000780900000|100%| O|  |TAMS 0x0000000780900000, 0x0000000780800000| Untracked 
|   9|0x0000000780900000, 0x0000000780a00000, 0x0000000780a00000|100%|HS|  |TAMS 0x0000000780a00000, 0x0000000780900000| Complete 
|  10|0x0000000780a00000, 0x0000000780b00000, 0x0000000780b00000|100%|HC|  |TAMS 0x0000000780b00000, 0x0000000780a00000| Complete 
|  11|0x0000000780b00000, 0x0000000780c00000, 0x0000000780c00000|100%|HS|  |TAMS 0x0000000780c00000, 0x0000000780b00000| Complete 
|  12|0x0000000780c00000, 0x0000000780d00000, 0x0000000780d00000|100%|HC|  |TAMS 0x0000000780d00000, 0x0000000780c00000| Complete 
|  13|0x0000000780d00000, 0x0000000780e00000, 0x0000000780e00000|100%|HS|  |TAMS 0x0000000780e00000, 0x0000000780d00000| Complete 
|  14|0x0000000780e00000, 0x0000000780f00000, 0x0000000780f00000|100%|HC|  |TAMS 0x0000000780f00000, 0x0000000780e00000| Complete 
|  15|0x0000000780f00000, 0x0000000781000000, 0x0000000781000000|100%|HS|  |TAMS 0x0000000781000000, 0x0000000780f00000| Complete 
|  16|0x0000000781000000, 0x0000000781100000, 0x0000000781100000|100%|HC|  |TAMS 0x0000000781100000, 0x0000000781000000| Complete 
|  17|0x0000000781100000, 0x0000000781200000, 0x0000000781200000|100%| O|  |TAMS 0x0000000781200000, 0x0000000781100000| Untracked 
|  18|0x0000000781200000, 0x0000000781300000, 0x0000000781300000|100%|HS|  |TAMS 0x0000000781300000, 0x0000000781200000| Complete 
|  19|0x0000000781300000, 0x0000000781400000, 0x0000000781400000|100%|HC|  |TAMS 0x0000000781400000, 0x0000000781300000| Complete 
|  20|0x0000000781400000, 0x0000000781500000, 0x0000000781500000|100%|HC|  |TAMS 0x0000000781500000, 0x0000000781400000| Complete 
|  21|0x0000000781500000, 0x0000000781600000, 0x0000000781600000|100%|HC|  |TAMS 0x0000000781600000, 0x0000000781500000| Complete 
|  22|0x0000000781600000, 0x0000000781700000, 0x0000000781700000|100%|HC|  |TAMS 0x0000000781700000, 0x0000000781600000| Complete 
|  23|0x0000000781700000, 0x0000000781800000, 0x0000000781800000|100%|HC|  |TAMS 0x0000000781800000, 0x0000000781700000| Complete 
|  24|0x0000000781800000, 0x0000000781900000, 0x0000000781900000|100%|HS|  |TAMS 0x0000000781900000, 0x0000000781800000| Complete 
|  25|0x0000000781900000, 0x0000000781a00000, 0x0000000781a00000|100%|HC|  |TAMS 0x0000000781a00000, 0x0000000781900000| Complete 
|  26|0x0000000781a00000, 0x0000000781b00000, 0x0000000781b00000|100%|HS|  |TAMS 0x0000000781b00000, 0x0000000781a00000| Complete 
|  27|0x0000000781b00000, 0x0000000781c00000, 0x0000000781c00000|100%|HC|  |TAMS 0x0000000781c00000, 0x0000000781b00000| Complete 
|  28|0x0000000781c00000, 0x0000000781d00000, 0x0000000781d00000|100%|HS|  |TAMS 0x0000000781d00000, 0x0000000781c00000| Complete 
|  29|0x0000000781d00000, 0x0000000781e00000, 0x0000000781e00000|100%|HC|  |TAMS 0x0000000781e00000, 0x0000000781d00000| Complete 
|  30|0x0000000781e00000, 0x0000000781f00000, 0x0000000781f00000|100%| O|  |TAMS 0x0000000781f00000, 0x0000000781e00000| Untracked 
|  31|0x0000000781f00000, 0x0000000781f00000, 0x0000000782000000|  0%| F|  |TAMS 0x0000000781f00000, 0x0000000781f00000| Untracked 
|  32|0x0000000782000000, 0x0000000782000000, 0x0000000782100000|  0%| F|  |TAMS 0x0000000782000000, 0x0000000782000000| Untracked 
|  33|0x0000000782100000, 0x0000000782100000, 0x0000000782200000|  0%| F|  |TAMS 0x0000000782100000, 0x0000000782100000| Untracked 
|  34|0x0000000782200000, 0x0000000782200000, 0x0000000782300000|  0%| F|  |TAMS 0x0000000782200000, 0x0000000782200000| Untracked 
|  35|0x0000000782300000, 0x0000000782400000, 0x0000000782400000|100%| O|  |TAMS 0x0000000782400000, 0x0000000782300000| Untracked 
|  36|0x0000000782400000, 0x0000000782500000, 0x0000000782500000|100%| O|  |TAMS 0x0000000782500000, 0x0000000782400000| Untracked 
|  37|0x0000000782500000, 0x0000000782500000, 0x0000000782600000|  0%| F|  |TAMS 0x0000000782500000, 0x0000000782500000| Untracked 
|  38|0x0000000782600000, 0x0000000782600000, 0x0000000782700000|  0%| F|  |TAMS 0x0000000782600000, 0x0000000782600000| Untracked 
|  39|0x0000000782700000, 0x0000000782800000, 0x0000000782800000|100%|HS|  |TAMS 0x0000000782800000, 0x0000000782700000| Complete 
|  40|0x0000000782800000, 0x0000000782900000, 0x0000000782900000|100%|HC|  |TAMS 0x0000000782900000, 0x0000000782800000| Complete 
|  41|0x0000000782900000, 0x0000000782a00000, 0x0000000782a00000|100%|HS|  |TAMS 0x0000000782a00000, 0x0000000782900000| Complete 
|  42|0x0000000782a00000, 0x0000000782b00000, 0x0000000782b00000|100%|HC|  |TAMS 0x0000000782b00000, 0x0000000782a00000| Complete 
|  43|0x0000000782b00000, 0x0000000782b00000, 0x0000000782c00000|  0%| F|  |TAMS 0x0000000782b00000, 0x0000000782b00000| Untracked 
|  44|0x0000000782c00000, 0x0000000782c00000, 0x0000000782d00000|  0%| F|  |TAMS 0x0000000782c00000, 0x0000000782c00000| Untracked 
|  45|0x0000000782d00000, 0x0000000782d00000, 0x0000000782e00000|  0%| F|  |TAMS 0x0000000782d00000, 0x0000000782d00000| Untracked 
|  46|0x0000000782e00000, 0x0000000782f00000, 0x0000000782f00000|100%| O|  |TAMS 0x0000000782f00000, 0x0000000782e00000| Untracked 
|  47|0x0000000782f00000, 0x0000000782f00000, 0x0000000783000000|  0%| F|  |TAMS 0x0000000782f00000, 0x0000000782f00000| Untracked 
|  48|0x0000000783000000, 0x0000000783000000, 0x0000000783100000|  0%| F|  |TAMS 0x0000000783000000, 0x0000000783000000| Untracked 
|  49|0x0000000783100000, 0x0000000783100000, 0x0000000783200000|  0%| F|  |TAMS 0x0000000783100000, 0x0000000783100000| Untracked 
|  50|0x0000000783200000, 0x0000000783200000, 0x0000000783300000|  0%| F|  |TAMS 0x0000000783200000, 0x0000000783200000| Untracked 
|  51|0x0000000783300000, 0x0000000783300000, 0x0000000783400000|  0%| F|  |TAMS 0x0000000783300000, 0x0000000783300000| Untracked 
|  52|0x0000000783400000, 0x0000000783500000, 0x0000000783500000|100%| O|  |TAMS 0x0000000783500000, 0x0000000783400000| Untracked 
|  53|0x0000000783500000, 0x0000000783600000, 0x0000000783600000|100%| O|  |TAMS 0x0000000783600000, 0x0000000783500000| Untracked 
|  54|0x0000000783600000, 0x0000000783700000, 0x0000000783700000|100%| O|  |TAMS 0x0000000783700000, 0x0000000783600000| Untracked 
|  55|0x0000000783700000, 0x0000000783800000, 0x0000000783800000|100%| O|  |TAMS 0x0000000783700000, 0x0000000783700000| Untracked 
|  56|0x0000000783800000, 0x0000000783900000, 0x0000000783900000|100%| O|  |TAMS 0x0000000783800000, 0x0000000783800000| Untracked 
|  57|0x0000000783900000, 0x0000000783a00000, 0x0000000783a00000|100%|HS|  |TAMS 0x0000000783a00000, 0x0000000783900000| Complete 
|  58|0x0000000783a00000, 0x0000000783b00000, 0x0000000783b00000|100%|HC|  |TAMS 0x0000000783b00000, 0x0000000783a00000| Complete 
|  59|0x0000000783b00000, 0x0000000783c00000, 0x0000000783c00000|100%|HS|  |TAMS 0x0000000783c00000, 0x0000000783b00000| Complete 
|  60|0x0000000783c00000, 0x0000000783d00000, 0x0000000783d00000|100%|HC|  |TAMS 0x0000000783d00000, 0x0000000783c00000| Complete 
|  61|0x0000000783d00000, 0x0000000783e00000, 0x0000000783e00000|100%| O|  |TAMS 0x0000000783e00000, 0x0000000783d00000| Untracked 
|  62|0x0000000783e00000, 0x0000000783f00000, 0x0000000783f00000|100%| O|  |TAMS 0x0000000783f00000, 0x0000000783e00000| Untracked 
|  63|0x0000000783f00000, 0x0000000783f33600, 0x0000000784000000| 20%| O|  |TAMS 0x0000000783f00000, 0x0000000783f00000| Untracked 
|  64|0x0000000784000000, 0x0000000784000000, 0x0000000784100000|  0%| F|  |TAMS 0x0000000784000000, 0x0000000784000000| Untracked 
|  65|0x0000000784100000, 0x0000000784100000, 0x0000000784200000|  0%| F|  |TAMS 0x0000000784100000, 0x0000000784100000| Untracked 
|  66|0x0000000784200000, 0x0000000784200000, 0x0000000784300000|  0%| F|  |TAMS 0x0000000784200000, 0x0000000784200000| Untracked 
|  67|0x0000000784300000, 0x0000000784300000, 0x0000000784400000|  0%| F|  |TAMS 0x0000000784300000, 0x0000000784300000| Untracked 
|  68|0x0000000784400000, 0x0000000784400000, 0x0000000784500000|  0%| F|  |TAMS 0x0000000784400000, 0x0000000784400000| Untracked 
|  69|0x0000000784500000, 0x0000000784600000, 0x0000000784600000|100%| O|  |TAMS 0x0000000784600000, 0x0000000784500000| Untracked 
|  70|0x0000000784600000, 0x0000000784700000, 0x0000000784700000|100%| O|  |TAMS 0x0000000784700000, 0x0000000784600000| Untracked 
|  71|0x0000000784700000, 0x0000000784800000, 0x0000000784800000|100%| O|  |TAMS 0x0000000784800000, 0x0000000784700000| Untracked 
|  72|0x0000000784800000, 0x0000000784900000, 0x0000000784900000|100%| O|  |TAMS 0x0000000784900000, 0x0000000784800000| Untracked 
|  73|0x0000000784900000, 0x0000000784a00000, 0x0000000784a00000|100%|HS|  |TAMS 0x0000000784a00000, 0x0000000784900000| Complete 
|  74|0x0000000784a00000, 0x0000000784b00000, 0x0000000784b00000|100%| O|  |TAMS 0x0000000784b00000, 0x0000000784a00000| Untracked 
|  75|0x0000000784b00000, 0x0000000784b00000, 0x0000000784c00000|  0%| F|  |TAMS 0x0000000784b00000, 0x0000000784b00000| Untracked 
|  76|0x0000000784c00000, 0x0000000784c00000, 0x0000000784d00000|  0%| F|  |TAMS 0x0000000784c00000, 0x0000000784c00000| Untracked 
|  77|0x0000000784d00000, 0x0000000784d00000, 0x0000000784e00000|  0%| F|  |TAMS 0x0000000784d00000, 0x0000000784d00000| Untracked 
|  78|0x0000000784e00000, 0x0000000784e00000, 0x0000000784f00000|  0%| F|  |TAMS 0x0000000784e00000, 0x0000000784e00000| Untracked 
|  79|0x0000000784f00000, 0x0000000784f00000, 0x0000000785000000|  0%| F|  |TAMS 0x0000000784f00000, 0x0000000784f00000| Untracked 
|  80|0x0000000785000000, 0x0000000785000000, 0x0000000785100000|  0%| F|  |TAMS 0x0000000785000000, 0x0000000785000000| Untracked 
|  81|0x0000000785100000, 0x0000000785200000, 0x0000000785200000|100%| O|  |TAMS 0x0000000785200000, 0x0000000785100000| Untracked 
|  82|0x0000000785200000, 0x0000000785300000, 0x0000000785300000|100%| O|  |TAMS 0x0000000785300000, 0x0000000785200000| Untracked 
|  83|0x0000000785300000, 0x0000000785400000, 0x0000000785400000|100%| O|  |TAMS 0x0000000785400000, 0x0000000785300000| Untracked 
|  84|0x0000000785400000, 0x0000000785500000, 0x0000000785500000|100%| O|  |TAMS 0x0000000785500000, 0x0000000785400000| Untracked 
|  85|0x0000000785500000, 0x0000000785500000, 0x0000000785600000|  0%| F|  |TAMS 0x0000000785500000, 0x0000000785500000| Untracked 
|  86|0x0000000785600000, 0x0000000785700000, 0x0000000785700000|100%|HS|  |TAMS 0x0000000785700000, 0x0000000785600000| Complete 
|  87|0x0000000785700000, 0x0000000785800000, 0x0000000785800000|100%|HC|  |TAMS 0x0000000785800000, 0x0000000785700000| Complete 
|  88|0x0000000785800000, 0x0000000785900000, 0x0000000785900000|100%| O|  |TAMS 0x0000000785900000, 0x0000000785800000| Untracked 
|  89|0x0000000785900000, 0x0000000785a00000, 0x0000000785a00000|100%|HS|  |TAMS 0x0000000785a00000, 0x0000000785900000| Complete 
|  90|0x0000000785a00000, 0x0000000785b00000, 0x0000000785b00000|100%|HC|  |TAMS 0x0000000785b00000, 0x0000000785a00000| Complete 
|  91|0x0000000785b00000, 0x0000000785c00000, 0x0000000785c00000|100%|HC|  |TAMS 0x0000000785c00000, 0x0000000785b00000| Complete 
|  92|0x0000000785c00000, 0x0000000785d00000, 0x0000000785d00000|100%|HC|  |TAMS 0x0000000785d00000, 0x0000000785c00000| Complete 
|  93|0x0000000785d00000, 0x0000000785e00000, 0x0000000785e00000|100%| O|  |TAMS 0x0000000785d96800, 0x0000000785d00000| Untracked 
|  94|0x0000000785e00000, 0x0000000785e00000, 0x0000000785f00000|  0%| F|  |TAMS 0x0000000785e00000, 0x0000000785e00000| Untracked 
|  95|0x0000000785f00000, 0x0000000785f00000, 0x0000000786000000|  0%| F|  |TAMS 0x0000000785f00000, 0x0000000785f00000| Untracked 
|  96|0x0000000786000000, 0x0000000786000000, 0x0000000786100000|  0%| F|  |TAMS 0x0000000786000000, 0x0000000786000000| Untracked 
|  97|0x0000000786100000, 0x0000000786100000, 0x0000000786200000|  0%| F|  |TAMS 0x0000000786100000, 0x0000000786100000| Untracked 
|  98|0x0000000786200000, 0x0000000786200000, 0x0000000786300000|  0%| F|  |TAMS 0x0000000786200000, 0x0000000786200000| Untracked 
|  99|0x0000000786300000, 0x0000000786400000, 0x0000000786400000|100%|HS|  |TAMS 0x0000000786300000, 0x0000000786300000| Complete 
| 100|0x0000000786400000, 0x0000000786400000, 0x0000000786500000|  0%| F|  |TAMS 0x0000000786400000, 0x0000000786400000| Untracked 
| 101|0x0000000786500000, 0x0000000786500000, 0x0000000786600000|  0%| F|  |TAMS 0x0000000786500000, 0x0000000786500000| Untracked 
| 102|0x0000000786600000, 0x0000000786600000, 0x0000000786700000|  0%| F|  |TAMS 0x0000000786600000, 0x0000000786600000| Untracked 
| 103|0x0000000786700000, 0x0000000786700000, 0x0000000786800000|  0%| F|  |TAMS 0x0000000786700000, 0x0000000786700000| Untracked 
| 104|0x0000000786800000, 0x0000000786800000, 0x0000000786900000|  0%| F|  |TAMS 0x0000000786800000, 0x0000000786800000| Untracked 
| 105|0x0000000786900000, 0x0000000786900000, 0x0000000786a00000|  0%| F|  |TAMS 0x0000000786900000, 0x0000000786900000| Untracked 
| 106|0x0000000786a00000, 0x0000000786a00000, 0x0000000786b00000|  0%| F|  |TAMS 0x0000000786a00000, 0x0000000786a00000| Untracked 
| 107|0x0000000786b00000, 0x0000000786b00000, 0x0000000786c00000|  0%| F|  |TAMS 0x0000000786b00000, 0x0000000786b00000| Untracked 
| 108|0x0000000786c00000, 0x0000000786c00000, 0x0000000786d00000|  0%| F|  |TAMS 0x0000000786c00000, 0x0000000786c00000| Untracked 
| 109|0x0000000786d00000, 0x0000000786d00000, 0x0000000786e00000|  0%| F|  |TAMS 0x0000000786d00000, 0x0000000786d00000| Untracked 
| 110|0x0000000786e00000, 0x0000000786e00000, 0x0000000786f00000|  0%| F|  |TAMS 0x0000000786e00000, 0x0000000786e00000| Untracked 
| 111|0x0000000786f00000, 0x0000000786f00000, 0x0000000787000000|  0%| F|  |TAMS 0x0000000786f00000, 0x0000000786f00000| Untracked 
| 112|0x0000000787000000, 0x0000000787000000, 0x0000000787100000|  0%| F|  |TAMS 0x0000000787000000, 0x0000000787000000| Untracked 
| 113|0x0000000787100000, 0x0000000787100000, 0x0000000787200000|  0%| F|  |TAMS 0x0000000787100000, 0x0000000787100000| Untracked 
| 114|0x0000000787200000, 0x0000000787200000, 0x0000000787300000|  0%| F|  |TAMS 0x0000000787200000, 0x0000000787200000| Untracked 
| 115|0x0000000787300000, 0x0000000787300000, 0x0000000787400000|  0%| F|  |TAMS 0x0000000787300000, 0x0000000787300000| Untracked 
| 116|0x0000000787400000, 0x0000000787400000, 0x0000000787500000|  0%| F|  |TAMS 0x0000000787400000, 0x0000000787400000| Untracked 
| 117|0x0000000787500000, 0x0000000787500000, 0x0000000787600000|  0%| F|  |TAMS 0x0000000787500000, 0x0000000787500000| Untracked 
| 118|0x0000000787600000, 0x0000000787600000, 0x0000000787700000|  0%| F|  |TAMS 0x0000000787600000, 0x0000000787600000| Untracked 
| 119|0x0000000787700000, 0x0000000787700000, 0x0000000787800000|  0%| F|  |TAMS 0x0000000787700000, 0x0000000787700000| Untracked 
| 120|0x0000000787800000, 0x0000000787800000, 0x0000000787900000|  0%| F|  |TAMS 0x0000000787800000, 0x0000000787800000| Untracked 
| 121|0x0000000787900000, 0x0000000787900000, 0x0000000787a00000|  0%| F|  |TAMS 0x0000000787900000, 0x0000000787900000| Untracked 
| 122|0x0000000787a00000, 0x0000000787a00000, 0x0000000787b00000|  0%| F|  |TAMS 0x0000000787a00000, 0x0000000787a00000| Untracked 
| 123|0x0000000787b00000, 0x0000000787b00000, 0x0000000787c00000|  0%| F|  |TAMS 0x0000000787b00000, 0x0000000787b00000| Untracked 
| 124|0x0000000787c00000, 0x0000000787c00000, 0x0000000787d00000|  0%| F|  |TAMS 0x0000000787c00000, 0x0000000787c00000| Untracked 
| 125|0x0000000787d00000, 0x0000000787d00000, 0x0000000787e00000|  0%| F|  |TAMS 0x0000000787d00000, 0x0000000787d00000| Untracked 
| 126|0x0000000787e00000, 0x0000000787e00000, 0x0000000787f00000|  0%| F|  |TAMS 0x0000000787e00000, 0x0000000787e00000| Untracked 
| 127|0x0000000787f00000, 0x0000000787f00000, 0x0000000788000000|  0%| F|  |TAMS 0x0000000787f00000, 0x0000000787f00000| Untracked 
| 128|0x0000000788000000, 0x0000000788000000, 0x0000000788100000|  0%| F|  |TAMS 0x0000000788000000, 0x0000000788000000| Untracked 
| 129|0x0000000788100000, 0x0000000788100000, 0x0000000788200000|  0%| F|  |TAMS 0x0000000788100000, 0x0000000788100000| Untracked 
| 130|0x0000000788200000, 0x0000000788200000, 0x0000000788300000|  0%| F|  |TAMS 0x0000000788200000, 0x0000000788200000| Untracked 
| 131|0x0000000788300000, 0x0000000788300000, 0x0000000788400000|  0%| F|  |TAMS 0x0000000788300000, 0x0000000788300000| Untracked 
| 132|0x0000000788400000, 0x0000000788400000, 0x0000000788500000|  0%| F|  |TAMS 0x0000000788400000, 0x0000000788400000| Untracked 
| 133|0x0000000788500000, 0x0000000788500000, 0x0000000788600000|  0%| F|  |TAMS 0x0000000788500000, 0x0000000788500000| Untracked 
| 134|0x0000000788600000, 0x0000000788600000, 0x0000000788700000|  0%| F|  |TAMS 0x0000000788600000, 0x0000000788600000| Untracked 
| 135|0x0000000788700000, 0x0000000788700000, 0x0000000788800000|  0%| F|  |TAMS 0x0000000788700000, 0x0000000788700000| Untracked 
| 136|0x0000000788800000, 0x0000000788800000, 0x0000000788900000|  0%| F|  |TAMS 0x0000000788800000, 0x0000000788800000| Untracked 
| 137|0x0000000788900000, 0x0000000788900000, 0x0000000788a00000|  0%| F|  |TAMS 0x0000000788900000, 0x0000000788900000| Untracked 
| 138|0x0000000788a00000, 0x0000000788a00000, 0x0000000788b00000|  0%| F|  |TAMS 0x0000000788a00000, 0x0000000788a00000| Untracked 
| 139|0x0000000788b00000, 0x0000000788b00000, 0x0000000788c00000|  0%| F|  |TAMS 0x0000000788b00000, 0x0000000788b00000| Untracked 
| 140|0x0000000788c00000, 0x0000000788c00000, 0x0000000788d00000|  0%| F|  |TAMS 0x0000000788c00000, 0x0000000788c00000| Untracked 
| 141|0x0000000788d00000, 0x0000000788d00000, 0x0000000788e00000|  0%| F|  |TAMS 0x0000000788d00000, 0x0000000788d00000| Untracked 
| 142|0x0000000788e00000, 0x0000000788e00000, 0x0000000788f00000|  0%| F|  |TAMS 0x0000000788e00000, 0x0000000788e00000| Untracked 
| 143|0x0000000788f00000, 0x0000000788f00000, 0x0000000789000000|  0%| F|  |TAMS 0x0000000788f00000, 0x0000000788f00000| Untracked 
| 144|0x0000000789000000, 0x0000000789000000, 0x0000000789100000|  0%| F|  |TAMS 0x0000000789000000, 0x0000000789000000| Untracked 
| 145|0x0000000789100000, 0x0000000789100000, 0x0000000789200000|  0%| F|  |TAMS 0x0000000789100000, 0x0000000789100000| Untracked 
| 146|0x0000000789200000, 0x0000000789200000, 0x0000000789300000|  0%| F|  |TAMS 0x0000000789200000, 0x0000000789200000| Untracked 
| 147|0x0000000789300000, 0x0000000789300000, 0x0000000789400000|  0%| F|  |TAMS 0x0000000789300000, 0x0000000789300000| Untracked 
| 148|0x0000000789400000, 0x0000000789400000, 0x0000000789500000|  0%| F|  |TAMS 0x0000000789400000, 0x0000000789400000| Untracked 
| 149|0x0000000789500000, 0x0000000789500000, 0x0000000789600000|  0%| F|  |TAMS 0x0000000789500000, 0x0000000789500000| Untracked 
| 150|0x0000000789600000, 0x0000000789600000, 0x0000000789700000|  0%| F|  |TAMS 0x0000000789600000, 0x0000000789600000| Untracked 
| 151|0x0000000789700000, 0x0000000789700000, 0x0000000789800000|  0%| F|  |TAMS 0x0000000789700000, 0x0000000789700000| Untracked 
| 152|0x0000000789800000, 0x0000000789800000, 0x0000000789900000|  0%| F|  |TAMS 0x0000000789800000, 0x0000000789800000| Untracked 
| 153|0x0000000789900000, 0x00000007899686e0, 0x0000000789a00000| 40%| S|CS|TAMS 0x0000000789900000, 0x0000000789900000| Complete 
| 154|0x0000000789a00000, 0x0000000789b00000, 0x0000000789b00000|100%| O|  |TAMS 0x0000000789b00000, 0x0000000789a00000| Untracked 
| 155|0x0000000789b00000, 0x0000000789b00000, 0x0000000789c00000|  0%| F|  |TAMS 0x0000000789b00000, 0x0000000789b00000| Untracked 
| 156|0x0000000789c00000, 0x0000000789c00000, 0x0000000789d00000|  0%| F|  |TAMS 0x0000000789c00000, 0x0000000789c00000| Untracked 
| 157|0x0000000789d00000, 0x0000000789d00000, 0x0000000789e00000|  0%| F|  |TAMS 0x0000000789d00000, 0x0000000789d00000| Untracked 
| 158|0x0000000789e00000, 0x0000000789e00000, 0x0000000789f00000|  0%| F|  |TAMS 0x0000000789e00000, 0x0000000789e00000| Untracked 
| 159|0x0000000789f00000, 0x0000000789f07508, 0x000000078a000000|  2%| E|  |TAMS 0x0000000789f00000, 0x0000000789f00000| Complete 
| 160|0x000000078a000000, 0x000000078a100000, 0x000000078a100000|100%| O|  |TAMS 0x000000078a100000, 0x000000078a000000| Untracked 
| 161|0x000000078a100000, 0x000000078a200000, 0x000000078a200000|100%| E|CS|TAMS 0x000000078a100000, 0x000000078a100000| Complete 
| 162|0x000000078a200000, 0x000000078a300000, 0x000000078a300000|100%| O|  |TAMS 0x000000078a300000, 0x000000078a200000| Untracked 

Card table byte_map: [0x000000010841a000,0x000000010881a000] _byte_map_base: 0x000000010481a000

Marking Bits (Prev, Next): (CMBitMap*) 0x00007f9966830018, (CMBitMap*) 0x00007f9966830050
 Prev Bits: [0x0000000109d24000, 0x000000010bd24000)
 Next Bits: [0x000000010bd24000, 0x000000010dd24000)

Polling page: 0x0000000107d8b000

Metaspace:

Usage:
  Non-class:     50.71 MB capacity,    49.82 MB ( 98%) used,   730.42 KB (  1%) free+waste,   185.75 KB ( <1%) overhead. 
      Class:      7.47 MB capacity,     6.87 MB ( 92%) used,   526.47 KB (  7%) free+waste,    85.12 KB (  1%) overhead. 
       Both:     58.18 MB capacity,    56.69 MB ( 97%) used,     1.23 MB (  2%) free+waste,   270.88 KB ( <1%) overhead. 

Virtual space:
  Non-class space:       52.00 MB reserved,      50.75 MB ( 98%) committed 
      Class space:        1.00 GB reserved,       7.49 MB ( <1%) committed 
             Both:        1.05 GB reserved,      58.24 MB (  5%) committed 

Chunk freelists:
   Non-Class:  3.00 KB
       Class:  0 bytes
        Both:  3.00 KB

MaxMetaspaceSize: unlimited
CompressedClassSpaceSize: 1.00 GB
Initial GC threshold: 20.80 MB
Current GC threshold: 96.66 MB
CDS: off

CodeHeap 'non-profiled nmethods': size=120032Kb used=6208Kb max_used=6208Kb free=113824Kb
 bounds [0x0000000121c17000, 0x0000000122227000, 0x000000012914f000]
CodeHeap 'profiled nmethods': size=120032Kb used=23028Kb max_used=23028Kb free=97003Kb
 bounds [0x000000011a6df000, 0x000000011bd5f000, 0x0000000121c17000]
CodeHeap 'non-nmethods': size=5696Kb used=1598Kb max_used=1648Kb free=4097Kb
 bounds [0x000000011a14f000, 0x000000011a3bf000, 0x000000011a6df000]
 total_blobs=11830 nmethods=10856 adapters=886
 compilation: enabled
              stopped_count=0, restarted_count=0
 full_count=0

Compilation events (20 events):
Event: 125.348 Thread 0x00007f9968068000 11036       4       net.bytebuddy.matcher.ElementMatcher$Junction$Conjunction::matches (32 bytes)
Event: 125.348 Thread 0x00007f9968068000 nmethod 11036 0x0000000122224190 code [0x0000000122224320, 0x00000001222243f8]
Event: 125.348 Thread 0x00007f9968068000 11097       4       java.lang.AbstractStringBuilder::charAt (36 bytes)
Event: 125.350 Thread 0x00007f9967849000 nmethod 11096 0x000000011bd55510 code [0x000000011bd55940, 0x000000011bd58000]
Event: 125.350 Thread 0x00007f9967849000 11098       3       com.sun.javafx.scene.EventHandlerProperties$EventHandlerProperty::invalidated (22 bytes)
Event: 125.350 Thread 0x00007f9968068000 nmethod 11097 0x0000000122224510 code [0x00000001222246a0, 0x00000001222247b8]
Event: 125.350 Thread 0x00007f9968068000 11034       4       net.bytebuddy.description.method.MethodDescription$TypeSubstituting::getParameters (22 bytes)
Event: 125.350 Thread 0x00007f9967849000 nmethod 11098 0x000000011bd58b90 code [0x000000011bd58d80, 0x000000011bd59230]
Event: 125.350 Thread 0x00007f9967849000 11092       1       javafx.scene.Parent::getChildrenUnmodifiable (5 bytes)
Event: 125.350 Thread 0x00007f9967849000 nmethod 11092 0x0000000122224990 code [0x0000000122224b40, 0x0000000122224bf0]
Event: 125.350 Thread 0x00007f9967849000 11099       3       javafx.scene.control.TextInputControl$StyleableProperties$1::getStyleableProperty (9 bytes)
Event: 125.351 Thread 0x00007f9967849000 nmethod 11099 0x000000011bd59390 code [0x000000011bd595e0, 0x000000011bd5a080]
Event: 125.351 Thread 0x00007f9967849000 11100       3       javafx.scene.control.TextInputControl$StyleableProperties$1::getStyleableProperty (8 bytes)
Event: 125.352 Thread 0x00007f9967849000 nmethod 11100 0x000000011bd5a390 code [0x000000011bd5a620, 0x000000011bd5b1e0]
Event: 125.352 Thread 0x00007f9967849000 11101       3       com.sun.javafx.font.PrismCompositeFontResource::getGlyphBoundingBox (32 bytes)
Event: 125.353 Thread 0x00007f9967849000 nmethod 11101 0x000000011bd5b590 code [0x000000011bd5b760, 0x000000011bd5bab0]
Event: 125.353 Thread 0x00007f9967849000 11102       3       com.sun.javafx.font.PrismCompositeFontResource::getFamilyName (10 bytes)
Event: 125.353 Thread 0x00007f9967849000 nmethod 11102 0x000000011bd5bc10 code [0x000000011bd5bdc0, 0x000000011bd5bf80]
Event: 125.356 Thread 0x00007f9967849000 11103       1       com.sun.prism.paint.Stop::getColor (5 bytes)
Event: 125.356 Thread 0x00007f9967849000 nmethod 11103 0x0000000122224c90 code [0x0000000122224e40, 0x0000000122224ef0]

GC Heap History (20 events):
Event: 95.308 GC heap before
{Heap before GC invocations=36 (full 0):
 garbage-first heap   total 166912K, used 114688K [0x0000000780000000, 0x0000000800000000)
  region size 1024K, 14 young (14336K), 4 survivors (4096K)
 Metaspace       used 57224K, capacity 58704K, committed 58872K, reserved 1099776K
  class space    used 7015K, capacity 7594K, committed 7672K, reserved 1048576K
}
Event: 95.315 GC heap after
{Heap after GC invocations=37 (full 0):
 garbage-first heap   total 166912K, used 104586K [0x0000000780000000, 0x0000000800000000)
  region size 1024K, 1 young (1024K), 1 survivors (1024K)
 Metaspace       used 57224K, capacity 58704K, committed 58872K, reserved 1099776K
  class space    used 7015K, capacity 7594K, committed 7672K, reserved 1048576K
}
Event: 97.119 GC heap before
{Heap before GC invocations=38 (full 0):
 garbage-first heap   total 166912K, used 87178K [0x0000000780000000, 0x0000000800000000)
  region size 1024K, 2 young (2048K), 1 survivors (1024K)
 Metaspace       used 57257K, capacity 58704K, committed 58872K, reserved 1099776K
  class space    used 7015K, capacity 7594K, committed 7672K, reserved 1048576K
}
Event: 97.126 GC heap after
{Heap after GC invocations=39 (full 0):
 garbage-first heap   total 166912K, used 85096K [0x0000000780000000, 0x0000000800000000)
  region size 1024K, 1 young (1024K), 1 survivors (1024K)
 Metaspace       used 57257K, capacity 58704K, committed 58872K, reserved 1099776K
  class space    used 7015K, capacity 7594K, committed 7672K, reserved 1048576K
}
Event: 98.669 GC heap before
{Heap before GC invocations=40 (full 0):
 garbage-first heap   total 166912K, used 107624K [0x0000000780000000, 0x0000000800000000)
  region size 1024K, 3 young (3072K), 1 survivors (1024K)
 Metaspace       used 57274K, capacity 58705K, committed 58872K, reserved 1099776K
  class space    used 7015K, capacity 7594K, committed 7672K, reserved 1048576K
}
Event: 98.680 GC heap after
{Heap after GC invocations=41 (full 0):
 garbage-first heap   total 166912K, used 104757K [0x0000000780000000, 0x0000000800000000)
  region size 1024K, 1 young (1024K), 1 survivors (1024K)
 Metaspace       used 57274K, capacity 58705K, committed 58872K, reserved 1099776K
  class space    used 7015K, capacity 7594K, committed 7672K, reserved 1048576K
}
Event: 99.765 GC heap before
{Heap before GC invocations=42 (full 0):
 garbage-first heap   total 166912K, used 118069K [0x0000000780000000, 0x0000000800000000)
  region size 1024K, 2 young (2048K), 1 survivors (1024K)
 Metaspace       used 57293K, capacity 58775K, committed 59128K, reserved 1101824K
  class space    used 7016K, capacity 7595K, committed 7672K, reserved 1048576K
}
Event: 99.775 GC heap after
{Heap after GC invocations=43 (full 0):
 garbage-first heap   total 166912K, used 113784K [0x0000000780000000, 0x0000000800000000)
  region size 1024K, 1 young (1024K), 1 survivors (1024K)
 Metaspace       used 57293K, capacity 58775K, committed 59128K, reserved 1101824K
  class space    used 7016K, capacity 7595K, committed 7672K, reserved 1048576K
}
Event: 112.179 GC heap before
{Heap before GC invocations=44 (full 0):
 garbage-first heap   total 166912K, used 134264K [0x0000000780000000, 0x0000000800000000)
  region size 1024K, 9 young (9216K), 1 survivors (1024K)
 Metaspace       used 57464K, capacity 58973K, committed 59384K, reserved 1101824K
  class space    used 7016K, capacity 7596K, committed 7672K, reserved 1048576K
}
Event: 112.187 GC heap after
{Heap after GC invocations=45 (full 0):
 garbage-first heap   total 166912K, used 96692K [0x0000000780000000, 0x0000000800000000)
  region size 1024K, 2 young (2048K), 2 survivors (2048K)
 Metaspace       used 57464K, capacity 58973K, committed 59384K, reserved 1101824K
  class space    used 7016K, capacity 7596K, committed 7672K, reserved 1048576K
}
Event: 114.984 GC heap before
{Heap before GC invocations=46 (full 0):
 garbage-first heap   total 166912K, used 114100K [0x0000000780000000, 0x0000000800000000)
  region size 1024K, 12 young (12288K), 2 survivors (2048K)
 Metaspace       used 57608K, capacity 59081K, committed 59384K, reserved 1101824K
  class space    used 7021K, capacity 7630K, committed 7672K, reserved 1048576K
}
Event: 114.996 GC heap after
{Heap after GC invocations=47 (full 0):
 garbage-first heap   total 166912K, used 100910K [0x0000000780000000, 0x0000000800000000)
  region size 1024K, 2 young (2048K), 2 survivors (2048K)
 Metaspace       used 57608K, capacity 59081K, committed 59384K, reserved 1101824K
  class space    used 7021K, capacity 7630K, committed 7672K, reserved 1048576K
}
Event: 115.181 GC heap before
{Heap before GC invocations=48 (full 0):
 garbage-first heap   total 166912K, used 130606K [0x0000000780000000, 0x0000000800000000)
  region size 1024K, 23 young (23552K), 2 survivors (2048K)
 Metaspace       used 57700K, capacity 59181K, committed 59384K, reserved 1101824K
  class space    used 7024K, capacity 7635K, committed 7672K, reserved 1048576K
}
Event: 115.191 GC heap after
{Heap after GC invocations=49 (full 0):
 garbage-first heap   total 166912K, used 111281K [0x0000000780000000, 0x0000000800000000)
  region size 1024K, 3 young (3072K), 3 survivors (3072K)
 Metaspace       used 57700K, capacity 59181K, committed 59384K, reserved 1101824K
  class space    used 7024K, capacity 7635K, committed 7672K, reserved 1048576K
}
Event: 123.213 GC heap before
{Heap before GC invocations=49 (full 0):
 garbage-first heap   total 166912K, used 117425K [0x0000000780000000, 0x0000000800000000)
  region size 1024K, 10 young (10240K), 3 survivors (3072K)
 Metaspace       used 57744K, capacity 59245K, committed 59384K, reserved 1101824K
  class space    used 7024K, capacity 7635K, committed 7672K, reserved 1048576K
}
Event: 123.226 GC heap after
{Heap after GC invocations=50 (full 0):
 garbage-first heap   total 166912K, used 112605K [0x0000000780000000, 0x0000000800000000)
  region size 1024K, 2 young (2048K), 2 survivors (2048K)
 Metaspace       used 57744K, capacity 59245K, committed 59384K, reserved 1101824K
  class space    used 7024K, capacity 7635K, committed 7672K, reserved 1048576K
}
Event: 125.264 GC heap before
{Heap before GC invocations=51 (full 0):
 garbage-first heap   total 166912K, used 109533K [0x0000000780000000, 0x0000000800000000)
  region size 1024K, 18 young (18432K), 2 survivors (2048K)
 Metaspace       used 57948K, capacity 59442K, committed 59640K, reserved 1101824K
  class space    used 7033K, capacity 7647K, committed 7672K, reserved 1048576K
}
Event: 125.269 GC heap after
{Heap after GC invocations=52 (full 0):
 garbage-first heap   total 166912K, used 89052K [0x0000000780000000, 0x0000000800000000)
  region size 1024K, 3 young (3072K), 3 survivors (3072K)
 Metaspace       used 57948K, capacity 59442K, committed 59640K, reserved 1101824K
  class space    used 7033K, capacity 7647K, committed 7672K, reserved 1048576K
}
Event: 125.330 GC heap before
{Heap before GC invocations=52 (full 0):
 garbage-first heap   total 166912K, used 94172K [0x0000000780000000, 0x0000000800000000)
  region size 1024K, 8 young (8192K), 3 survivors (3072K)
 Metaspace       used 58040K, capacity 59512K, committed 59640K, reserved 1101824K
  class space    used 7036K, capacity 7648K, committed 7672K, reserved 1048576K
}
Event: 125.346 GC heap after
{Heap after GC invocations=53 (full 0):
 garbage-first heap   total 166912K, used 73327K [0x0000000780000000, 0x0000000800000000)
  region size 1024K, 1 young (1024K), 1 survivors (1024K)
 Metaspace       used 58040K, capacity 59512K, committed 59640K, reserved 1101824K
  class space    used 7036K, capacity 7648K, committed 7672K, reserved 1048576K
}

Deoptimization events (20 events):
Event: 125.271 Thread 0x00007f996c124800 Uncommon trap: trap_request=0xffffff6e fr.pc=0x000000012221bb1c relative=0x00000000000001bc
Event: 125.271 Thread 0x00007f996c124800 Uncommon trap: reason=speculate_class_check action=maybe_recompile pc=0x000000012221bb1c method=jdk.internal.reflect.UnsafeObjectFieldAccessorImpl.get(Ljava/lang/Object;)Ljava/lang/Object; @ 13 c2
Event: 125.271 Thread 0x00007f996c124800 DEOPT PACKING pc=0x000000012221bb1c sp=0x00007ff7b82abf30
Event: 125.271 Thread 0x00007f996c124800 DEOPT UNPACKING pc=0x000000011a198ea5 sp=0x00007ff7b82abe28 mode 2
Event: 125.276 Thread 0x00007f996c124800 Uncommon trap: trap_request=0xffffff6e fr.pc=0x000000012221bb1c relative=0x00000000000001bc
Event: 125.276 Thread 0x00007f996c124800 Uncommon trap: reason=speculate_class_check action=maybe_recompile pc=0x000000012221bb1c method=jdk.internal.reflect.UnsafeObjectFieldAccessorImpl.get(Ljava/lang/Object;)Ljava/lang/Object; @ 13 c2
Event: 125.276 Thread 0x00007f996c124800 DEOPT PACKING pc=0x000000012221bb1c sp=0x00007ff7b82abf30
Event: 125.276 Thread 0x00007f996c124800 DEOPT UNPACKING pc=0x000000011a198ea5 sp=0x00007ff7b82abe28 mode 2
Event: 125.297 Thread 0x00007f996c124800 Uncommon trap: trap_request=0xffffff6e fr.pc=0x000000012221bb1c relative=0x00000000000001bc
Event: 125.297 Thread 0x00007f996c124800 Uncommon trap: reason=speculate_class_check action=maybe_recompile pc=0x000000012221bb1c method=jdk.internal.reflect.UnsafeObjectFieldAccessorImpl.get(Ljava/lang/Object;)Ljava/lang/Object; @ 13 c2
Event: 125.297 Thread 0x00007f996c124800 DEOPT PACKING pc=0x000000012221bb1c sp=0x00007ff7b82ac1f0
Event: 125.297 Thread 0x00007f996c124800 DEOPT UNPACKING pc=0x000000011a198ea5 sp=0x00007ff7b82ac0d8 mode 2
Event: 125.297 Thread 0x00007f996c124800 Uncommon trap: trap_request=0xffffff6e fr.pc=0x000000012221c224 relative=0x00000000000000e4
Event: 125.297 Thread 0x00007f996c124800 Uncommon trap: reason=speculate_class_check action=maybe_recompile pc=0x000000012221c224 method=jdk.internal.reflect.UnsafeObjectFieldAccessorImpl.get(Ljava/lang/Object;)Ljava/lang/Object; @ 13 c2
Event: 125.297 Thread 0x00007f996c124800 DEOPT PACKING pc=0x000000012221c224 sp=0x00007ff7b82ac0e0
Event: 125.297 Thread 0x00007f996c124800 DEOPT UNPACKING pc=0x000000011a198ea5 sp=0x00007ff7b82ac098 mode 2
Event: 125.297 Thread 0x00007f996c124800 Uncommon trap: trap_request=0xffffff6e fr.pc=0x000000012221c224 relative=0x00000000000000e4
Event: 125.297 Thread 0x00007f996c124800 Uncommon trap: reason=speculate_class_check action=maybe_recompile pc=0x000000012221c224 method=jdk.internal.reflect.UnsafeObjectFieldAccessorImpl.get(Ljava/lang/Object;)Ljava/lang/Object; @ 13 c2
Event: 125.297 Thread 0x00007f996c124800 DEOPT PACKING pc=0x000000012221c224 sp=0x00007ff7b82ac0e0
Event: 125.297 Thread 0x00007f996c124800 DEOPT UNPACKING pc=0x000000011a198ea5 sp=0x00007ff7b82ac098 mode 2

Classes redefined (0 events):
No events

Internal exceptions (20 events):
Event: 99.802 Thread 0x00007f996c124800 Exception <a 'java/io/FileNotFoundException'{0x0000000789f107e0}> (0x0000000789f107e0) thrown at [./src/hotspot/share/prims/jni.cpp, line 615]
Event: 99.813 Thread 0x00007f996c124800 Exception <a 'java/io/FileNotFoundException'{0x0000000789f21348}> (0x0000000789f21348) thrown at [./src/hotspot/share/prims/jni.cpp, line 615]
Event: 99.825 Thread 0x00007f996c124800 Exception <a 'java/io/FileNotFoundException'{0x0000000789f3a2d8}> (0x0000000789f3a2d8) thrown at [./src/hotspot/share/prims/jni.cpp, line 615]
Event: 99.833 Thread 0x00007f996c124800 Exception <a 'java/io/FileNotFoundException'{0x0000000789f70830}> (0x0000000789f70830) thrown at [./src/hotspot/share/prims/jni.cpp, line 615]
Event: 112.179 Thread 0x00007f996c124800 Exception <a 'java/io/FileNotFoundException'{0x0000000789620af0}> (0x0000000789620af0) thrown at [./src/hotspot/share/prims/jni.cpp, line 615]
Event: 112.197 Thread 0x00007f996c124800 Exception <a 'java/io/FileNotFoundException'{0x0000000789f463a8}> (0x0000000789f463a8) thrown at [./src/hotspot/share/prims/jni.cpp, line 615]
Event: 112.210 Thread 0x00007f996c124800 Exception <a 'java/io/FileNotFoundException'{0x0000000789f81b80}> (0x0000000789f81b80) thrown at [./src/hotspot/share/prims/jni.cpp, line 615]
Event: 112.216 Thread 0x00007f996c124800 Exception <a 'java/io/FileNotFoundException'{0x0000000789fa8cb8}> (0x0000000789fa8cb8) thrown at [./src/hotspot/share/prims/jni.cpp, line 615]
Event: 114.983 Thread 0x00007f996c124800 Exception <a 'java/io/FileNotFoundException'{0x00000007896f6370}> (0x00000007896f6370) thrown at [./src/hotspot/share/prims/jni.cpp, line 615]
Event: 115.013 Thread 0x00007f996c124800 Exception <a 'java/io/FileNotFoundException'{0x0000000789f202b0}> (0x0000000789f202b0) thrown at [./src/hotspot/share/prims/jni.cpp, line 615]
Event: 115.107 Thread 0x00007f996c124800 Exception <a 'java/io/FileNotFoundException'{0x00000007897d5f78}> (0x00000007897d5f78) thrown at [./src/hotspot/share/prims/jni.cpp, line 615]
Event: 115.116 Thread 0x00007f996c124800 Exception <a 'java/io/FileNotFoundException'{0x0000000789600ab0}> (0x0000000789600ab0) thrown at [./src/hotspot/share/prims/jni.cpp, line 615]
Event: 115.118 Thread 0x00007f996c124800 Exception <a 'java/io/FileNotFoundException'{0x000000078961d210}> (0x000000078961d210) thrown at [./src/hotspot/share/prims/jni.cpp, line 615]
Event: 123.212 Thread 0x00007f996c124800 Exception <a 'java/io/FileNotFoundException'{0x0000000789845670}> (0x0000000789845670) thrown at [./src/hotspot/share/prims/jni.cpp, line 615]
Event: 123.233 Thread 0x00007f996c124800 Exception <a 'java/io/FileNotFoundException'{0x0000000789f10f28}> (0x0000000789f10f28) thrown at [./src/hotspot/share/prims/jni.cpp, line 615]
Event: 123.250 Thread 0x00007f996c124800 Exception <a 'java/io/FileNotFoundException'{0x0000000789f1a880}> (0x0000000789f1a880) thrown at [./src/hotspot/share/prims/jni.cpp, line 615]
Event: 123.253 Thread 0x00007f996c124800 Exception <a 'java/io/FileNotFoundException'{0x0000000789f38788}> (0x0000000789f38788) thrown at [./src/hotspot/share/prims/jni.cpp, line 615]
Event: 123.267 Thread 0x00007f996c124800 Exception <a 'java/io/FileNotFoundException'{0x0000000789f6fd68}> (0x0000000789f6fd68) thrown at [./src/hotspot/share/prims/jni.cpp, line 615]
Event: 123.272 Thread 0x00007f996c124800 Exception <a 'java/io/FileNotFoundException'{0x0000000789f81808}> (0x0000000789f81808) thrown at [./src/hotspot/share/prims/jni.cpp, line 615]
Event: 125.182 Thread 0x00007f996c124800 Exception <a 'java/io/FileNotFoundException'{0x000000078948bc20}> (0x000000078948bc20) thrown at [./src/hotspot/share/prims/jni.cpp, line 615]

Events (20 events):
Event: 125.288 loading class com/ibm/ejs/jts/jta/TransactionManagerFactory done
Event: 125.288 loading class com/ibm/ejs/jts/jta/TransactionManagerFactory
Event: 125.288 loading class com/ibm/ejs/jts/jta/TransactionManagerFactory done
Event: 125.288 loading class com/ibm/ws/Transaction/TransactionManagerFactory
Event: 125.288 loading class com/ibm/ws/Transaction/TransactionManagerFactory done
Event: 125.289 loading class com/ibm/ws/Transaction/TransactionManagerFactory
Event: 125.289 loading class com/ibm/ws/Transaction/TransactionManagerFactory done
Event: 125.289 loading class com/ibm/ws/Transaction/TransactionManagerFactory
Event: 125.289 loading class com/ibm/ws/Transaction/TransactionManagerFactory done
Event: 125.289 loading class com/ibm/ws/Transaction/TransactionManagerFactory
Event: 125.289 loading class com/ibm/ws/Transaction/TransactionManagerFactory done
Event: 125.294 Executing VM operation: RevokeBias
Event: 125.294 Executing VM operation: RevokeBias done
Event: 125.296 Executing VM operation: RevokeBias
Event: 125.297 Executing VM operation: RevokeBias done
Event: 125.297 Protecting memory [0x000070000c38e000,0x000070000c392000] with protection modes 3
Event: 125.297 Thread 0x00007f9966e52000 Thread exited: 0x00007f9966e52000
Event: 125.328 Executing VM operation: G1CollectForAllocation
Event: 125.346 Executing VM operation: G1CollectForAllocation done
Event: 125.359 Executing VM operation: RevokeBias


Dynamic libraries:
0x0000000107d6c000 	/Library/Java/JavaVirtualMachines/temurin-11.jdk/Contents/Home/lib/jli/libjli.dylib
0x00007ff81b2e7000 	/System/Library/Frameworks/Cocoa.framework/Versions/A/Cocoa
0x00007ff80716c000 	/System/Library/Frameworks/AppKit.framework/Versions/C/AppKit
0x00007ff80a662000 	/System/Library/Frameworks/CoreData.framework/Versions/A/CoreData
0x00007ff805583000 	/System/Library/Frameworks/Foundation.framework/Versions/C/Foundation
0x00007ff80f422000 	/usr/lib/libSystem.B.dylib
0x00007ff807ffb000 	/System/Library/PrivateFrameworks/UIFoundation.framework/Versions/A/UIFoundation
0x00007ff815298000 	/System/Library/PrivateFrameworks/RemoteViewServices.framework/Versions/A/RemoteViewServices
0x00007ff80d688000 	/System/Library/PrivateFrameworks/XCTTargetBootstrap.framework/Versions/A/XCTTargetBootstrap
0x00007ff811232000 	/System/Library/PrivateFrameworks/InternationalSupport.framework/Versions/A/InternationalSupport
0x00007ff8112bc000 	/System/Library/PrivateFrameworks/UserActivity.framework/Versions/A/UserActivity
0x00007ff810612000 	/usr/lib/libspindump.dylib
0x00007ff808289000 	/System/Library/Frameworks/UniformTypeIdentifiers.framework/Versions/A/UniformTypeIdentifiers
0x00007ff80bdc5000 	/usr/lib/libapp_launch_measurement.dylib
0x00007ff80b02e000 	/System/Library/PrivateFrameworks/CoreAnalytics.framework/Versions/A/CoreAnalytics
0x00007ff80bdc8000 	/System/Library/PrivateFrameworks/CoreAutoLayout.framework/Versions/A/CoreAutoLayout
0x00007ff80cfe8000 	/System/Library/Frameworks/Metal.framework/Versions/A/Metal
0x00007ff80dcfe000 	/usr/lib/liblangid.dylib
0x00007ff80d68c000 	/System/Library/PrivateFrameworks/CoreSVG.framework/Versions/A/CoreSVG
0x00007ff809650000 	/System/Library/PrivateFrameworks/SkyLight.framework/Versions/A/SkyLight
0x00007ff8099e3000 	/System/Library/Frameworks/CoreGraphics.framework/Versions/A/CoreGraphics
0x00007ff815907000 	/System/Library/Frameworks/Accelerate.framework/Versions/A/Accelerate
0x00007ff81008d000 	/System/Library/PrivateFrameworks/IconServices.framework/Versions/A/IconServices
0x00007ff80cfcd000 	/System/Library/Frameworks/IOSurface.framework/Versions/A/IOSurface
0x00007ff80b05c000 	/usr/lib/libDiagnosticMessagesClient.dylib
0x00007ff80f342000 	/usr/lib/libz.1.dylib
0x00007ff818f76000 	/System/Library/Frameworks/ApplicationServices.framework/Versions/A/ApplicationServices
0x00007ff80d674000 	/System/Library/PrivateFrameworks/DFRFoundation.framework/Versions/A/DFRFoundation
0x00007ff806a5d000 	/usr/lib/libicucore.A.dylib
0x00007ff811f57000 	/System/Library/Frameworks/AudioToolbox.framework/Versions/A/AudioToolbox
0x00007ff81123e000 	/System/Library/PrivateFrameworks/DataDetectorsCore.framework/Versions/A/DataDetectorsCore
0x00007ff90cb9d000 	/System/Library/PrivateFrameworks/TextInput.framework/Versions/A/TextInput
0x00007ff8095d4000 	/usr/lib/libMobileGestalt.dylib
0x00007ff80d37c000 	/System/Library/Frameworks/Carbon.framework/Versions/A/Frameworks/HIToolbox.framework/Versions/A/HIToolbox
0x00007ff80b7f2000 	/System/Library/Frameworks/QuartzCore.framework/Versions/A/QuartzCore
0x00007ff8066fd000 	/System/Library/Frameworks/Security.framework/Versions/A/Security
0x00007ff8152d0000 	/System/Library/Frameworks/Carbon.framework/Versions/A/Frameworks/SpeechRecognition.framework/Versions/A/SpeechRecognition
0x00007ff80bb25000 	/System/Library/PrivateFrameworks/CoreUI.framework/Versions/A/CoreUI
0x00007ff805fd5000 	/System/Library/Frameworks/CoreAudio.framework/Versions/A/CoreAudio
0x00007ff80b14a000 	/System/Library/Frameworks/DiskArbitration.framework/Versions/A/DiskArbitration
0x00007ff8109f9000 	/System/Library/PrivateFrameworks/MultitouchSupport.framework/Versions/A/MultitouchSupport
0x00007ff8095d3000 	/usr/lib/libenergytrace.dylib
0x00007ff807058000 	/System/Library/Frameworks/IOKit.framework/Versions/A/IOKit
0x00007ff8156bc000 	/System/Library/Frameworks/CoreServices.framework/Versions/A/CoreServices
0x00007ff80bd5f000 	/System/Library/PrivateFrameworks/PerformanceAnalysis.framework/Versions/A/PerformanceAnalysis
0x00007ffa1c368000 	/System/Library/Frameworks/OpenGL.framework/Versions/A/OpenGL
0x00007ff80e973000 	/System/Library/PrivateFrameworks/MobileKeyBag.framework/Versions/A/MobileKeyBag
0x00007ff804544000 	/usr/lib/libobjc.A.dylib
0x00007ff80a0af000 	/System/Library/Frameworks/ColorSync.framework/Versions/A/ColorSync
0x00007ff8046fd000 	/System/Library/Frameworks/CoreFoundation.framework/Versions/A/CoreFoundation
0x00007ff80d905000 	/System/Library/Frameworks/CoreImage.framework/Versions/A/CoreImage
0x00007ff805deb000 	/System/Library/Frameworks/CoreText.framework/Versions/A/CoreText
0x00007ff80d6bb000 	/System/Library/Frameworks/ImageIO.framework/Versions/A/ImageIO
0x00007ff80f428000 	/System/Library/PrivateFrameworks/SoftLinking.framework/Versions/A/SoftLinking
0x00007ff80be10000 	/usr/lib/libxml2.2.dylib
0x00007ff80460a000 	/usr/lib/libc++.1.dylib
0x00007ff80f6ac000 	/usr/lib/libcompression.dylib
0x00007ff811168000 	/System/Library/PrivateFrameworks/TextureIO.framework/Versions/A/TextureIO
0x00007ff80fd9f000 	/usr/lib/libate.dylib
0x00007ff80f41d000 	/usr/lib/system/libcache.dylib
0x00007ff80f3d9000 	/usr/lib/system/libcommonCrypto.dylib
0x00007ff80f402000 	/usr/lib/system/libcompiler_rt.dylib
0x00007ff80f3f8000 	/usr/lib/system/libcopyfile.dylib
0x00007ff80443e000 	/usr/lib/system/libcorecrypto.dylib
0x00007ff8044fd000 	/usr/lib/system/libdispatch.dylib
0x00007ff8046bc000 	/usr/lib/system/libdyld.dylib
0x00007ff80f414000 	/usr/lib/system/libkeymgr.dylib
0x00007ff80f3b7000 	/usr/lib/system/libmacho.dylib
0x00007ff80ea47000 	/usr/lib/system/libquarantine.dylib
0x00007ff80f412000 	/usr/lib/system/libremovefile.dylib
0x00007ff809620000 	/usr/lib/system/libsystem_asl.dylib
0x00007ff8043ec000 	/usr/lib/system/libsystem_blocks.dylib
0x00007ff804581000 	/usr/lib/system/libsystem_c.dylib
0x00007ff80f40a000 	/usr/lib/system/libsystem_collections.dylib
0x00007ff80dcef000 	/usr/lib/system/libsystem_configuration.dylib
0x00007ff80cfb0000 	/usr/lib/system/libsystem_containermanager.dylib
0x00007ff80f0f4000 	/usr/lib/system/libsystem_coreservices.dylib
0x00007ff806ce6000 	/usr/lib/system/libsystem_darwin.dylib
0x00007ff80f415000 	/usr/lib/system/libsystem_dnssd.dylib
0x00007ff80457e000 	/usr/lib/system/libsystem_featureflags.dylib
0x00007ff8046d2000 	/usr/lib/system/libsystem_info.dylib
0x00007ff80f355000 	/usr/lib/system/libsystem_m.dylib
0x00007ff8044d1000 	/usr/lib/system/libsystem_malloc.dylib
0x00007ff8095bd000 	/usr/lib/system/libsystem_networkextension.dylib
0x00007ff80710e000 	/usr/lib/system/libsystem_notify.dylib
0x00007ff815591000 	/usr/lib/system/libsystem_product_info_filter.dylib
0x00007ff80dcf3000 	/usr/lib/system/libsystem_sandbox.dylib
0x00007ff80f40f000 	/usr/lib/system/libsystem_secinit.dylib
0x00007ff804679000 	/usr/lib/system/libsystem_kernel.dylib
0x00007ff8046c8000 	/usr/lib/system/libsystem_platform.dylib
0x00007ff8046b0000 	/usr/lib/system/libsystem_pthread.dylib
0x00007ff80ae75000 	/usr/lib/system/libsystem_symptoms.dylib
0x00007ff804425000 	/usr/lib/system/libsystem_trace.dylib
0x00007ff80f3e5000 	/usr/lib/system/libunwind.dylib
0x00007ff8043ee000 	/usr/lib/system/libxpc.dylib
0x00007ff804663000 	/usr/lib/libc++abi.dylib
0x00007ff80f3f0000 	/usr/lib/liboah.dylib
0x00007ff80fb7d000 	/usr/lib/liblzma.5.dylib
0x00007ff805294000 	/System/Library/Frameworks/SystemConfiguration.framework/Versions/A/SystemConfiguration
0x00007ff80f424000 	/usr/lib/libfakelink.dylib
0x00007ff809126000 	/System/Library/Frameworks/CFNetwork.framework/Versions/A/CFNetwork
0x00007ff80f563000 	/usr/lib/libarchive.2.dylib
0x00007ff80dcfa000 	/System/Library/PrivateFrameworks/AppleSystemInfo.framework/Versions/A/AppleSystemInfo
0x00007ff80ea6e000 	/usr/lib/libbsm.0.dylib
0x00007ff80875c000 	/usr/lib/libnetwork.dylib
0x00007ff80f3bd000 	/usr/lib/system/libkxld.dylib
0x00007ff80e69c000 	/System/Library/PrivateFrameworks/IOMobileFramebuffer.framework/Versions/A/IOMobileFramebuffer
0x00007ffb1a116000 	/usr/lib/libCoreEntitlements.dylib
0x00007ff80f0d6000 	/System/Library/PrivateFrameworks/AppleFSCompression.framework/Versions/A/AppleFSCompression
0x00007ff80ea56000 	/usr/lib/libcoretls.dylib
0x00007ff80fb97000 	/usr/lib/libcoretls_cfhelpers.dylib
0x00007ff80f6a7000 	/usr/lib/libpam.2.dylib
0x00007ff80aa97000 	/usr/lib/libsqlite3.dylib
0x00007ff80fc06000 	/usr/lib/libxar.1.dylib
0x00007ff80f0e6000 	/usr/lib/libbz2.1.0.dylib
0x00007ff80f429000 	/usr/lib/libpcap.A.dylib
0x00007ff80ae6c000 	/usr/lib/libdns_services.dylib
0x00007ff80f676000 	/usr/lib/libapple_nghttp2.dylib
0x00007ff80f460000 	/usr/lib/libiconv.2.dylib
0x00007ff80f3b6000 	/usr/lib/libcharset.1.dylib
0x00007ff80bd93000 	/System/Library/Frameworks/CoreServices.framework/Versions/A/Frameworks/FSEvents.framework/Versions/A/FSEvents
0x00007ff806cf0000 	/System/Library/Frameworks/CoreServices.framework/Versions/A/Frameworks/CarbonCore.framework/Versions/A/CarbonCore
0x00007ff80b0af000 	/System/Library/Frameworks/CoreServices.framework/Versions/A/Frameworks/Metadata.framework/Versions/A/Metadata
0x00007ff80f0f9000 	/System/Library/Frameworks/CoreServices.framework/Versions/A/Frameworks/OSServices.framework/Versions/A/OSServices
0x00007ff80f5ea000 	/System/Library/Frameworks/CoreServices.framework/Versions/A/Frameworks/SearchKit.framework/Versions/A/SearchKit
0x00007ff80adfe000 	/System/Library/Frameworks/CoreServices.framework/Versions/A/Frameworks/AE.framework/Versions/A/AE
0x00007ff804c00000 	/System/Library/Frameworks/CoreServices.framework/Versions/A/Frameworks/LaunchServices.framework/Versions/A/LaunchServices
0x00007ff80fb2e000 	/System/Library/Frameworks/CoreServices.framework/Versions/A/Frameworks/DictionaryServices.framework/Versions/A/DictionaryServices
0x00007ff80bda0000 	/System/Library/Frameworks/CoreServices.framework/Versions/A/Frameworks/SharedFileList.framework/Versions/A/SharedFileList
0x00007ff80ea4a000 	/usr/lib/libCheckFix.dylib
0x00007ff809637000 	/System/Library/PrivateFrameworks/TCC.framework/Versions/A/TCC
0x00007ff80dd00000 	/System/Library/PrivateFrameworks/CoreNLP.framework/Versions/A/CoreNLP
0x00007ff80b05f000 	/System/Library/PrivateFrameworks/MetadataUtilities.framework/Versions/A/MetadataUtilities
0x00007ff805344000 	/usr/lib/libmecabra.dylib
0x00007ff80ea7e000 	/usr/lib/libmecab.dylib
0x00007ff80530f000 	/usr/lib/libCRFSuite.dylib
0x00007ff80eadb000 	/usr/lib/libgermantok.dylib
0x00007ff80f651000 	/usr/lib/libThaiTokenizer.dylib
0x00007ff80b151000 	/System/Library/Frameworks/Accelerate.framework/Versions/A/Frameworks/vImage.framework/Versions/A/vImage
0x00007ff815693000 	/System/Library/Frameworks/Accelerate.framework/Versions/A/Frameworks/vecLib.framework/Versions/A/vecLib
0x00007ff80fc47000 	/System/Library/Frameworks/Accelerate.framework/Versions/A/Frameworks/vecLib.framework/Versions/A/libvMisc.dylib
0x00007ff80e4ba000 	/System/Library/Frameworks/Accelerate.framework/Versions/A/Frameworks/vecLib.framework/Versions/A/libvDSP.dylib
0x00007ff804f78000 	/System/Library/Frameworks/Accelerate.framework/Versions/A/Frameworks/vecLib.framework/Versions/A/libBLAS.dylib
0x00007ff80f788000 	/System/Library/Frameworks/Accelerate.framework/Versions/A/Frameworks/vecLib.framework/Versions/A/libLAPACK.dylib
0x00007ff80eade000 	/System/Library/Frameworks/Accelerate.framework/Versions/A/Frameworks/vecLib.framework/Versions/A/libLinearAlgebra.dylib
0x00007ff80f68f000 	/System/Library/Frameworks/Accelerate.framework/Versions/A/Frameworks/vecLib.framework/Versions/A/libSparseBLAS.dylib
0x00007ff80f782000 	/System/Library/Frameworks/Accelerate.framework/Versions/A/Frameworks/vecLib.framework/Versions/A/libQuadrature.dylib
0x00007ff80ddea000 	/System/Library/Frameworks/Accelerate.framework/Versions/A/Frameworks/vecLib.framework/Versions/A/libBNNS.dylib
0x00007ff805225000 	/System/Library/Frameworks/Accelerate.framework/Versions/A/Frameworks/vecLib.framework/Versions/A/libSparse.dylib
0x00007ff80dde3000 	/System/Library/PrivateFrameworks/LinguisticData.framework/Versions/A/LinguisticData
0x00007ff8051da000 	/System/Library/PrivateFrameworks/Lexicon.framework/Versions/A/Lexicon
0x00007ff80fc40000 	/usr/lib/libChineseTokenizer.dylib
0x00007ff80593e000 	/System/Library/PrivateFrameworks/LanguageModeling.framework/Versions/A/LanguageModeling
0x00007ff80f653000 	/System/Library/PrivateFrameworks/AppleSauce.framework/Versions/A/AppleSauce
0x00007ff80e68a000 	/System/Library/PrivateFrameworks/CoreEmoji.framework/Versions/A/CoreEmoji
0x00007ff80f552000 	/usr/lib/libcmph.dylib
0x00007ff80bd77000 	/System/Library/Frameworks/OpenDirectory.framework/Versions/A/Frameworks/CFOpenDirectory.framework/Versions/A/CFOpenDirectory
0x00007ff80bd6b000 	/System/Library/Frameworks/OpenDirectory.framework/Versions/A/OpenDirectory
0x00007ff80fb99000 	/System/Library/PrivateFrameworks/APFS.framework/Versions/A/APFS
0x00007ff80e9ab000 	/System/Library/Frameworks/SecurityFoundation.framework/Versions/A/SecurityFoundation
0x00007ff80fc14000 	/usr/lib/libutil.dylib
0x00007ff80701b000 	/System/Library/PrivateFrameworks/CoreServicesStore.framework/Versions/A/CoreServicesStore
0x00007ff80fc18000 	/usr/lib/libxslt.1.dylib
0x00007ff80ea38000 	/System/Library/PrivateFrameworks/BackgroundTaskManagement.framework/Versions/A/BackgroundTaskManagement
0x00007ff811088000 	/System/Library/Frameworks/ImageIO.framework/Versions/A/Resources/libRadiance.dylib
0x00007ff811091000 	/System/Library/Frameworks/ImageIO.framework/Versions/A/Resources/libJPEG.dylib
0x00007ff810fe1000 	/System/Library/Frameworks/ImageIO.framework/Versions/A/Resources/libPng.dylib
0x00007ff811002000 	/System/Library/Frameworks/ImageIO.framework/Versions/A/Resources/libTIFF.dylib
0x00007ff8110f1000 	/System/Library/Frameworks/ImageIO.framework/Versions/A/Resources/libGIF.dylib
0x00007ff810912000 	/System/Library/Frameworks/ImageIO.framework/Versions/A/Resources/libJP2.dylib
0x00007ff810054000 	/usr/lib/libexpat.1.dylib
0x00007ff8108c7000 	/System/Library/PrivateFrameworks/AppleJPEG.framework/Versions/A/AppleJPEG
0x00007ff80d243000 	/System/Library/PrivateFrameworks/FontServices.framework/libFontParser.dylib
0x00007ff80ada8000 	/System/Library/PrivateFrameworks/RunningBoardServices.framework/Versions/A/RunningBoardServices
0x00007ff81b861000 	/System/Library/PrivateFrameworks/IOSurfaceAccelerator.framework/Versions/A/IOSurfaceAccelerator
0x00007ff8109f5000 	/System/Library/PrivateFrameworks/WatchdogClient.framework/Versions/A/WatchdogClient
0x00007ff805a2d000 	/System/Library/Frameworks/CoreDisplay.framework/Versions/A/CoreDisplay
0x00007ff80d142000 	/System/Library/Frameworks/CoreMedia.framework/Versions/A/CoreMedia
0x00007ff80cfdf000 	/System/Library/PrivateFrameworks/IOAccelerator.framework/Versions/A/IOAccelerator
0x00007ff80bef3000 	/System/Library/Frameworks/CoreVideo.framework/Versions/A/CoreVideo
0x00007ff80f6a5000 	/System/Library/Frameworks/MetalPerformanceShaders.framework/Versions/A/MetalPerformanceShaders
0x00007ff810a30000 	/System/Library/Frameworks/VideoToolbox.framework/Versions/A/VideoToolbox
0x00007ff80acf0000 	/System/Library/PrivateFrameworks/BaseBoard.framework/Versions/A/BaseBoard
0x00007ff80aa7d000 	/System/Library/PrivateFrameworks/ProtocolBuffer.framework/Versions/A/ProtocolBuffer
0x00007ff811081000 	/System/Library/PrivateFrameworks/GPUWrangler.framework/Versions/A/GPUWrangler
0x00007ff811064000 	/System/Library/PrivateFrameworks/IOPresentment.framework/Versions/A/IOPresentment
0x00007ff81108b000 	/System/Library/PrivateFrameworks/DSExternalDisplay.framework/Versions/A/DSExternalDisplay
0x00007ffa1c35c000 	/System/Library/Frameworks/OpenGL.framework/Versions/A/Libraries/libCoreFSCache.dylib
0x00007ffb08400000 	/System/Library/PrivateFrameworks/GPUCompiler.framework/Versions/31001/Libraries/libGPUCompilerUtils.dylib
0x00007ff8110f6000 	/System/Library/PrivateFrameworks/CMCaptureCore.framework/Versions/A/CMCaptureCore
0x00007ff810600000 	/System/Library/PrivateFrameworks/AppServerSupport.framework/Versions/A/AppServerSupport
0x00007ff8127dd000 	/System/Library/PrivateFrameworks/perfdata.framework/Versions/A/perfdata
0x00007ff805b59000 	/System/Library/PrivateFrameworks/AudioToolboxCore.framework/Versions/A/AudioToolboxCore
0x00007ff80d11f000 	/System/Library/PrivateFrameworks/caulk.framework/Versions/A/caulk
0x00007ff812101000 	/usr/lib/libAudioStatistics.dylib
0x00007ff90942e000 	/System/Library/PrivateFrameworks/SystemPolicy.framework/Versions/A/SystemPolicy
0x00007ff812356000 	/usr/lib/libSMC.dylib
0x00007ff81b19a000 	/System/Library/Frameworks/CoreMIDI.framework/Versions/A/CoreMIDI
0x00007ff810fb1000 	/usr/lib/libAudioToolboxUtility.dylib
0x00007ff905840000 	/System/Library/PrivateFrameworks/OSAServicesClient.framework/Versions/A/OSAServicesClient
0x00007ff8127ea000 	/usr/lib/libperfcheck.dylib
0x00007ff909ec0000 	/usr/lib/libmis.dylib
0x00007ffa1c3b8000 	/System/Library/Frameworks/OpenGL.framework/Versions/A/Libraries/libGLU.dylib
0x00007ffa1c37b000 	/System/Library/Frameworks/OpenGL.framework/Versions/A/Libraries/libGFXShared.dylib
0x00007ffa1c589000 	/System/Library/Frameworks/OpenGL.framework/Versions/A/Libraries/libGL.dylib
0x00007ffa1c384000 	/System/Library/Frameworks/OpenGL.framework/Versions/A/Libraries/libGLImage.dylib
0x00007ffa1c378000 	/System/Library/Frameworks/OpenGL.framework/Versions/A/Libraries/libCVMSPluginSupport.dylib
0x00007ffa1c363000 	/System/Library/Frameworks/OpenGL.framework/Versions/A/Libraries/libCoreVMClient.dylib
0x00007ff80dc7e000 	/System/Library/Frameworks/MetalPerformanceShaders.framework/Versions/A/Frameworks/MPSCore.framework/Versions/A/MPSCore
0x00007ff80f041000 	/System/Library/Frameworks/MetalPerformanceShaders.framework/Versions/A/Frameworks/MPSImage.framework/Versions/A/MPSImage
0x00007ff80eaf4000 	/System/Library/Frameworks/MetalPerformanceShaders.framework/Versions/A/Frameworks/MPSNeuralNetwork.framework/Versions/A/MPSNeuralNetwork
0x00007ff80ef69000 	/System/Library/Frameworks/MetalPerformanceShaders.framework/Versions/A/Frameworks/MPSMatrix.framework/Versions/A/MPSMatrix
0x00007ff80ed25000 	/System/Library/Frameworks/MetalPerformanceShaders.framework/Versions/A/Frameworks/MPSRayIntersector.framework/Versions/A/MPSRayIntersector
0x00007ff80efa2000 	/System/Library/Frameworks/MetalPerformanceShaders.framework/Versions/A/Frameworks/MPSNDArray.framework/Versions/A/MPSNDArray
0x00007ffa20f7a000 	/System/Library/Frameworks/MetalPerformanceShaders.framework/Versions/A/Frameworks/MPSFunctions.framework/Versions/A/MPSFunctions
0x00007ff804e5b000 	/System/Library/PrivateFrameworks/MetalTools.framework/Versions/A/MetalTools
0x00007ff80dcf8000 	/System/Library/PrivateFrameworks/AggregateDictionary.framework/Versions/A/AggregateDictionary
0x00007ff80fe36000 	/usr/lib/libIOReport.dylib
0x00007ffa1d998000 	/System/Library/Frameworks/OpenCL.framework/Versions/A/OpenCL
0x00007ff81019a000 	/System/Library/PrivateFrameworks/FaceCore.framework/Versions/A/FaceCore
0x00007ff81018b000 	/System/Library/PrivateFrameworks/GraphVisualizer.framework/Versions/A/GraphVisualizer
0x00007ffb0830b000 	/System/Library/PrivateFrameworks/FontServices.framework/Versions/A/FontServices
0x00007ff8105b7000 	/System/Library/PrivateFrameworks/OTSVG.framework/Versions/A/OTSVG
0x00007ff80badb000 	/System/Library/Frameworks/ApplicationServices.framework/Versions/A/Frameworks/ATS.framework/Versions/A/Resources/libFontRegistry.dylib
0x00007ff810608000 	/System/Library/PrivateFrameworks/FontServices.framework/libhvf.dylib
0x00007ffb0830c000 	/System/Library/PrivateFrameworks/FontServices.framework/libXTFontStaticRegistryData.dylib
0x00007ff810004000 	/System/Library/PrivateFrameworks/AppleVA.framework/Versions/A/AppleVA
0x00007ff812125000 	/System/Library/Frameworks/ApplicationServices.framework/Versions/A/Frameworks/ATS.framework/Versions/A/ATS
0x00007ff80a1ab000 	/System/Library/Frameworks/ApplicationServices.framework/Versions/A/Frameworks/HIServices.framework/Versions/A/HIServices
0x00007ff811100000 	/System/Library/Frameworks/ApplicationServices.framework/Versions/A/Frameworks/PrintCore.framework/Versions/A/PrintCore
0x00007ff8124a9000 	/System/Library/Frameworks/ApplicationServices.framework/Versions/A/Frameworks/QD.framework/Versions/A/QD
0x00007ff8124a1000 	/System/Library/Frameworks/ApplicationServices.framework/Versions/A/Frameworks/ColorSyncLegacy.framework/Versions/A/ColorSyncLegacy
0x00007ff812115000 	/System/Library/Frameworks/ApplicationServices.framework/Versions/A/Frameworks/SpeechSynthesis.framework/Versions/A/SpeechSynthesis
0x00007ff8110c1000 	/System/Library/Frameworks/ApplicationServices.framework/Versions/A/Frameworks/ATSUI.framework/Versions/A/ATSUI
0x00007ff812436000 	/usr/lib/libcups.2.dylib
0x00007ff8127f9000 	/System/Library/Frameworks/Kerberos.framework/Versions/A/Kerberos
0x00007ff812808000 	/System/Library/Frameworks/GSS.framework/Versions/A/GSS
0x00007ff812191000 	/usr/lib/libresolv.9.dylib
0x00007ff810617000 	/System/Library/PrivateFrameworks/Heimdal.framework/Versions/A/Heimdal
0x00007ff8192f1000 	/System/Library/Frameworks/Kerberos.framework/Versions/A/Libraries/libHeimdalProxy.dylib
0x00007ff80ae7d000 	/System/Library/Frameworks/Network.framework/Versions/A/Network
0x00007ff81006e000 	/usr/lib/libheimdal-asn1.dylib
0x00007ff812854000 	/System/Library/PrivateFrameworks/CommonAuth.framework/Versions/A/CommonAuth
0x00007ff812092000 	/System/Library/PrivateFrameworks/AudioSession.framework/Versions/A/AudioSession
0x00007ff8100fe000 	/System/Library/PrivateFrameworks/MediaExperience.framework/Versions/A/MediaExperience
0x00007ff811f26000 	/System/Library/PrivateFrameworks/AudioSession.framework/libSessionUtility.dylib
0x00007ff8124b5000 	/System/Library/PrivateFrameworks/AudioResourceArbitration.framework/Versions/A/AudioResourceArbitration
0x00007ff8164a6000 	/System/Library/PrivateFrameworks/PowerLog.framework/Versions/A/PowerLog
0x00007ff810077000 	/System/Library/PrivateFrameworks/IconFoundation.framework/Versions/A/IconFoundation
0x00007ff8152c0000 	/System/Library/PrivateFrameworks/SpeechRecognitionCore.framework/Versions/A/SpeechRecognitionCore
0x00007ffa0d823000 	/System/Library/CoreServices/Encodings/libLatin2Converter.dylib
0x0000000108b32000 	/Library/Java/JavaVirtualMachines/temurin-11.jdk/Contents/Home/lib/server/libjvm.dylib
0x0000000107d9b000 	/Library/Java/JavaVirtualMachines/temurin-11.jdk/Contents/Home/lib/libverify.dylib
0x0000000107dd8000 	/Library/Java/JavaVirtualMachines/temurin-11.jdk/Contents/Home/lib/libjava.dylib
0x0000000107dac000 	/Library/Java/JavaVirtualMachines/temurin-11.jdk/Contents/Home/lib/libjimage.dylib
0x0000000107dc4000 	/Library/Java/JavaVirtualMachines/temurin-11.jdk/Contents/Home/lib/libzip.dylib
0x000000010887e000 	/Library/Java/JavaVirtualMachines/temurin-11.jdk/Contents/Home/lib/libnio.dylib
0x00000001088aa000 	/Library/Java/JavaVirtualMachines/temurin-11.jdk/Contents/Home/lib/libnet.dylib
0x0000000108873000 	/Library/Java/JavaVirtualMachines/temurin-11.jdk/Contents/Home/lib/libextnet.dylib
0x000000010889d000 	/Users/szabosandor/.openjfx/cache/17.0.0.1/libprism_es2.dylib
0x00007ff806fdc000 	/System/Library/PrivateFrameworks/CoreServicesInternal.framework/Versions/A/CoreServicesInternal
0x00007ffa1c594000 	/System/Library/Frameworks/OpenGL.framework/Versions/A/Resources/GLEngine.bundle/GLEngine
0x00007ffa1c3f6000 	/System/Library/Frameworks/OpenGL.framework/Versions/A/Libraries/libGLProgrammability.dylib
0x00007ffa145ea000 	/System/Library/Extensions/AppleIntelICLGraphicsGLDriver.bundle/Contents/MacOS/AppleIntelICLGraphicsGLDriver
0x00007ff913d89000 	/System/Library/PrivateFrameworks/GPUSupport.framework/Versions/A/Libraries/libGPUSupportMercury.dylib
0x00007ffa1c723000 	/System/Library/Frameworks/OpenGL.framework/Versions/A/Resources/GLRendererFloat.bundle/GLRendererFloat
0x000000012b82e000 	/Users/szabosandor/.openjfx/cache/17.0.0.1/libglass.dylib
0x00007ff816a97000 	/System/Library/Frameworks/FileProvider.framework/Versions/A/FileProvider
0x00007ff80ac5c000 	/System/Library/Frameworks/Accounts.framework/Versions/A/Accounts
0x00007ff816c0e000 	/System/Library/PrivateFrameworks/GenerationalStorage.framework/Versions/A/GenerationalStorage
0x00007ff817720000 	/System/Library/PrivateFrameworks/CoreSymbolication.framework/Versions/A/CoreSymbolication
0x00007ff81649b000 	/System/Library/PrivateFrameworks/SymptomDiagnosticReporter.framework/Versions/A/SymptomDiagnosticReporter
0x00007ff80829d000 	/System/Library/PrivateFrameworks/DesktopServicesPriv.framework/Versions/A/DesktopServicesPriv
0x00007ff80711d000 	/usr/lib/libsandbox.1.dylib
0x00007ff80bf72000 	/System/Library/PrivateFrameworks/UserManagement.framework/Versions/A/UserManagement
0x00007ff8176e5000 	/System/Library/PrivateFrameworks/DebugSymbols.framework/Versions/A/DebugSymbols
0x00007ff812496000 	/System/Library/PrivateFrameworks/NetAuth.framework/Versions/A/NetAuth
0x00007ff813384000 	/System/Library/PrivateFrameworks/Sharing.framework/Versions/A/Sharing
0x00007ff80bf45000 	/System/Library/PrivateFrameworks/login.framework/Versions/A/Frameworks/loginsupport.framework/Versions/A/loginsupport
0x00007ff818825000 	/System/Library/PrivateFrameworks/Apple80211.framework/Versions/A/Apple80211
0x00007ff80f126000 	/System/Library/PrivateFrameworks/AuthKit.framework/Versions/A/AuthKit
0x00007ff80e780000 	/System/Library/PrivateFrameworks/CoreUtils.framework/Versions/A/CoreUtils
0x00007ff80e6a7000 	/System/Library/Frameworks/CoreWLAN.framework/Versions/A/CoreWLAN
0x00007ff8134df000 	/System/Library/Frameworks/IOBluetooth.framework/Versions/A/IOBluetooth
0x00007ff81888d000 	/System/Library/PrivateFrameworks/CoreWiFi.framework/Versions/A/CoreWiFi
0x00007ff8172ba000 	/System/Library/PrivateFrameworks/FrontBoardServices.framework/Versions/A/FrontBoardServices
0x00007ff81734c000 	/System/Library/PrivateFrameworks/BoardServices.framework/Versions/A/BoardServices
0x00007ff80e99a000 	/System/Library/PrivateFrameworks/AssertionServices.framework/Versions/A/AssertionServices
0x00007ff818a11000 	/System/Library/PrivateFrameworks/BackBoardServices.framework/Versions/A/BackBoardServices
0x00007ff8128e3000 	/System/Library/PrivateFrameworks/CorePhoneNumbers.framework/Versions/A/CorePhoneNumbers
0x00007ff8165b8000 	/System/Library/PrivateFrameworks/DiskManagement.framework/Versions/A/DiskManagement
0x00007ff8164cc000 	/System/Library/PrivateFrameworks/AppleIDAuthSupport.framework/Versions/A/AppleIDAuthSupport
0x00007ffa22f10000 	/System/Library/PrivateFrameworks/AAAFoundation.framework/Versions/A/AAAFoundation
0x00007ff8128c4000 	/System/Library/PrivateFrameworks/KeychainCircle.framework/Versions/A/KeychainCircle
0x00007ff816584000 	/System/Library/PrivateFrameworks/MediaKit.framework/Versions/A/MediaKit
0x00007ff8164d8000 	/System/Library/Frameworks/DiscRecording.framework/Versions/A/DiscRecording
0x00007ff80ff7c000 	/usr/lib/libCoreStorage.dylib
0x00007ff818d00000 	/usr/lib/libcsfde.dylib
0x00007ff8135ac000 	/System/Library/PrivateFrameworks/ProtectedCloudStorage.framework/Versions/A/ProtectedCloudStorage
0x00007ff818cfc000 	/System/Library/PrivateFrameworks/EFILogin.framework/Versions/A/EFILogin
0x00007ff816c34000 	/System/Library/PrivateFrameworks/OctagonTrust.framework/Versions/A/OctagonTrust
0x00007ffb0762d000 	/System/Library/PrivateFrameworks/CoreUtilsExtras.framework/Versions/A/CoreUtilsExtras
0x00007ff81640e000 	/System/Library/Frameworks/CoreBluetooth.framework/Versions/A/CoreBluetooth
0x00007ff819376000 	/System/Library/Frameworks/AudioUnit.framework/Versions/A/AudioUnit
0x00007ff80ff74000 	/usr/lib/libMatch.1.dylib
0x00007ff90e30f000 	/System/Library/Frameworks/Accelerate.framework/Versions/A/Frameworks/vImage.framework/Versions/A/Libraries/libCGInterfaces.dylib
0x000000012d0fa000 	/usr/lib/libobjc-trampolines.dylib
0x00007ff80bc6b000 	/System/Library/PrivateFrameworks/ViewBridge.framework/Versions/A/ViewBridge
0x000000012f22e000 	/Users/szabosandor/.openjfx/cache/17.0.0.1/libjavafx_iio.dylib
0x000000012f1f4000 	/Users/szabosandor/.openjfx/cache/17.0.0.1/libjavafx_font.dylib
0x00007ff8106d1000 	/System/Library/PrivateFrameworks/login.framework/Versions/A/login
0x00007ff907e7e000 	/usr/lib/libFosl_dynamic.dylib
0x00007ff90db9d000 	/usr/lib/libncurses.5.4.dylib
0x00007ffa154f6000 	/System/Library/Extensions/AppleIntelICLGraphicsMTLDriver.bundle/Contents/MacOS/AppleIntelICLGraphicsMTLDriver
0x00007ff909edb000 	/System/Library/PrivateFrameworks/GPURawCounter.framework/Versions/A/GPURawCounter
0x00007ffb1a224000 	/usr/lib/libRosetta.dylib
0x00000001317ec000 	/System/Library/Frameworks/FileProvider.framework/OverrideBundles/CloudDocsFileProvider.bundle/Contents/MacOS/CloudDocsFileProvider
0x00007ff80c16d000 	/System/Library/PrivateFrameworks/CloudDocs.framework/Versions/A/CloudDocs
0x00007ff81901e000 	/System/Library/PrivateFrameworks/AppleAccount.framework/Versions/A/AppleAccount
0x00007ff813593000 	/System/Library/PrivateFrameworks/AppContainer.framework/Versions/A/AppContainer
0x00007ff813056000 	/System/Library/PrivateFrameworks/IDS.framework/Versions/A/IDS
0x00007ff819173000 	/System/Library/PrivateFrameworks/AppleIDSSOAuthentication.framework/Versions/A/AppleIDSSOAuthentication
0x00007ff80bf48000 	/System/Library/PrivateFrameworks/ApplePushService.framework/Versions/A/ApplePushService
0x00007ff818d80000 	/System/Library/PrivateFrameworks/AppSupport.framework/Versions/A/AppSupport
0x00007ff811e8a000 	/System/Library/PrivateFrameworks/IMFoundation.framework/Versions/A/IMFoundation
0x00007ff905083000 	/System/Library/PrivateFrameworks/Marco.framework/Versions/A/Marco
0x00007ff8131ca000 	/System/Library/PrivateFrameworks/IDSFoundation.framework/Versions/A/IDSFoundation
0x00007ff80acd8000 	/System/Library/PrivateFrameworks/CommonUtilities.framework/Versions/A/CommonUtilities
0x00007ff909adb000 	/System/Library/PrivateFrameworks/FTServices.framework/Versions/A/FTServices
0x00007ff81cb76000 	/System/Library/PrivateFrameworks/Engram.framework/Versions/A/Engram
0x00007ff81cb1d000 	/usr/lib/libtidy.A.dylib
0x00007ff810883000 	/System/Library/PrivateFrameworks/Bom.framework/Versions/A/Bom
0x00007ff80fe3e000 	/System/Library/PrivateFrameworks/CrashReporterSupport.framework/Versions/A/CrashReporterSupport
0x00007ff913b52000 	/System/Library/PrivateFrameworks/FTAWD.framework/Versions/A/FTAWD
0x00007ff915c7c000 	/System/Library/PrivateFrameworks/OSAnalytics.framework/Versions/A/OSAnalytics
0x00007ff920c15000 	/System/Library/PrivateFrameworks/Symbolication.framework/Versions/A/Symbolication
0x00007ff909e9d000 	/System/Library/PrivateFrameworks/MallocStackLogging.framework/Versions/A/MallocStackLogging
0x00007ff81597f000 	/System/Library/PrivateFrameworks/CoreDaemon.framework/Versions/B/CoreDaemon
0x00007ff81597a000 	/System/Library/PrivateFrameworks/AppleSRP.framework/Versions/A/AppleSRP
0x00007ff80ea42000 	/System/Library/Frameworks/ServiceManagement.framework/Versions/A/ServiceManagement
0x00007ff8135a8000 	/System/Library/PrivateFrameworks/SecCodeWrapper.framework/Versions/A/SecCodeWrapper
0x00000001317c2000 	/System/Library/Frameworks/FileProvider.framework/OverrideBundles/FileProviderOverride.bundle/Contents/MacOS/FileProviderOverride
0x0000000131886000 	/System/Library/Frameworks/FileProvider.framework/OverrideBundles/FinderSyncCollaborationFileProviderOverride.bundle/Contents/MacOS/FinderSyncCollaborationFileProviderOverride
0x00007ff91a2c0000 	/System/Library/PrivateFrameworks/FinderSyncPriv.framework/Versions/A/FinderSyncPriv
0x00007ff80bf98000 	/System/Library/Frameworks/CloudKit.framework/Versions/A/CloudKit
0x00007ff819424000 	/System/Library/PrivateFrameworks/C2.framework/Versions/A/C2
0x00007ff80cf0e000 	/System/Library/Frameworks/CoreLocation.framework/Versions/A/CoreLocation
0x00007ff81941c000 	/System/Library/Frameworks/PushKit.framework/Versions/A/PushKit
0x00007ff8177d6000 	/System/Library/PrivateFrameworks/CoreTime.framework/Versions/A/CoreTime
0x00007ff81af13000 	/System/Library/PrivateFrameworks/RTCReporting.framework/Versions/A/RTCReporting
0x00007ff813872000 	/System/Library/PrivateFrameworks/GeoServices.framework/Versions/A/GeoServices
0x00007ff811efd000 	/System/Library/PrivateFrameworks/LocationSupport.framework/Versions/A/LocationSupport
0x00007ffb08af5000 	/System/Library/PrivateFrameworks/GeoServicesCore.framework/Versions/A/GeoServicesCore
0x00007ff905880000 	/System/Library/PrivateFrameworks/PhoneNumbers.framework/Versions/A/PhoneNumbers
0x00007ff818c85000 	/System/Library/PrivateFrameworks/RemoteServiceDiscovery.framework/Versions/A/RemoteServiceDiscovery
0x00007ff81598b000 	/System/Library/PrivateFrameworks/SystemAdministration.framework/Versions/A/SystemAdministration
0x00007ff811328000 	/System/Library/Frameworks/MediaToolbox.framework/Versions/A/MediaToolbox
0x00007ff81528c000 	/System/Library/Frameworks/DirectoryService.framework/Versions/A/DirectoryService
0x00007ff818b9e000 	/System/Library/PrivateFrameworks/DiskImages.framework/Versions/A/DiskImages
0x00007ff818d78000 	/System/Library/PrivateFrameworks/LoginUIKit.framework/Versions/A/Frameworks/LoginUICore.framework/Versions/A/LoginUICore
0x00007ff81087f000 	/usr/lib/libodfde.dylib
0x00007ff816a67000 	/System/Library/PrivateFrameworks/CoreAVCHD.framework/Versions/A/CoreAVCHD
0x00007ff81594f000 	/System/Library/Frameworks/MediaAccessibility.framework/Versions/A/MediaAccessibility
0x00007ff816a63000 	/System/Library/PrivateFrameworks/Mangrove.framework/Versions/A/Mangrove
0x00007ff81595a000 	/System/Library/PrivateFrameworks/AlgosScoreFramework.framework/Versions/A/AlgosScoreFramework
0x00007ffb04a79000 	/System/Library/PrivateFrameworks/CMPhoto.framework/Versions/A/CMPhoto
0x00007ff8175bb000 	/System/Library/PrivateFrameworks/AppleVPA.framework/Versions/A/AppleVPA
0x00007ff8166a8000 	/System/Library/PrivateFrameworks/CoreAUC.framework/Versions/A/CoreAUC
0x00007ff818d0c000 	/usr/lib/libcurl.4.dylib
0x00007ff818a69000 	/usr/lib/libcrypto.44.dylib
0x00007ff818b71000 	/usr/lib/libssl.46.dylib
0x00007ff818a2f000 	/System/Library/Frameworks/LDAP.framework/Versions/A/LDAP
0x00007ff818a67000 	/System/Library/PrivateFrameworks/TrustEvaluationAgent.framework/Versions/A/TrustEvaluationAgent
0x00007ff8121aa000 	/usr/lib/libsasl2.2.dylib


VM Arguments:
jvm_args: --module-path=/Users/szabosandor/.m2/repository/org/openjfx/javafx-base/17.0.0.1/javafx-base-17.0.0.1-mac.jar:/Users/szabosandor/.m2/repository/org/openjfx/javafx-base/17.0.0.1/javafx-base-17.0.0.1.jar:/Users/szabosandor/.m2/repository/org/openjfx/javafx-controls/11/javafx-controls-11-mac.jar:/Users/szabosandor/.m2/repository/org/openjfx/javafx-controls/11/javafx-controls-11.jar:/Users/szabosandor/.m2/repository/org/openjfx/javafx-fxml/11/javafx-fxml-11-mac.jar:/Users/szabosandor/.m2/repository/org/openjfx/javafx-fxml/11/javafx-fxml-11.jar:/Users/szabosandor/.m2/repository/org/openjfx/javafx-graphics/11/javafx-graphics-11-mac.jar:/Users/szabosandor/.m2/repository/org/openjfx/javafx-graphics/11/javafx-graphics-11.jar --add-modules=javafx.base,javafx.controls,javafx.fxml,javafx.graphics 
java_command: hu.unideb.inf.Main
java_class_path (initial): /Users/szabosandor/Desktop/Virsly-Projekt/target/classes:/Users/szabosandor/.m2/repository/antlr/antlr/2.7.7/antlr-2.7.7.jar:/Users/szabosandor/.m2/repository/com/fasterxml/classmate/1.3.4/classmate-1.3.4.jar:/Users/szabosandor/.m2/repository/com/google/protobuf/protobuf-java/3.11.4/protobuf-java-3.11.4.jar:/Users/szabosandor/.m2/repository/com/h2database/h2/1.4.199/h2-1.4.199.jar:/Users/szabosandor/.m2/repository/com/sun/istack/istack-commons-runtime/3.0.7/istack-commons-runtime-3.0.7.jar:/Users/szabosandor/.m2/repository/com/sun/xml/fastinfoset/FastInfoset/1.2.15/FastInfoset-1.2.15.jar:/Users/szabosandor/.m2/repository/javax/activation/javax.activation-api/1.2.0/javax.activation-api-1.2.0.jar:/Users/szabosandor/.m2/repository/javax/persistence/javax.persistence-api/2.2/javax.persistence-api-2.2.jar:/Users/szabosandor/.m2/repository/javax/xml/bind/jaxb-api/2.3.1/jaxb-api-2.3.1.jar:/Users/szabosandor/.m2/repository/mysql/mysql-connector-java/8.0.22/mysql-connector-java-8.0.22.jar:/Users/szabosandor/.m2/repository/net/bytebuddy/byte-buddy/1.9.11/byte-buddy-1.9.11.jar:/Users/szabosandor/.m2/repository/org/dom4j/dom4j/2.1.1/dom4j-2.1.1.jar:/Users/szabosandor/.m2/repository/org/glassfish/jaxb/jaxb-runtime/2.3.1/jaxb-runtime-2.3.1.jar:/Users/szabosandor/.m2/repository/org/glassfish/jaxb/txw2/2.3.1/txw2-2.3.1.jar:/Users/szabosandor/.m2/repository/org/hibernate/hibernate-core/5.4.4.Final/hibernate-core-5.4.4.Final.jar:/Users/szabosandor/.m2/repository/org/hibernate/hibernate-entitymanager/5.4.4.Final/hibernate-entitymanager-5.4.4.Final.jar:/Users/szabosandor/.m2/repository/org/hibernate/common/hibernate-commons-annotations/5.1.0.Final/hibernate-commons-annotations-5.1.0.Final.jar:/Users/szabosandor/.m2/repository/org/javassist/javassist/3.24.0-GA/javassist-3.24.0-GA.jar:/Users/szabosandor/.m2/repository/org/jboss/jandex/2.0.5.Final/jandex-2.0.5.Final.jar:/Users/szabosandor/.m2/repository/org/jboss/logging/jboss-logging/3.3.2.Final/jboss-logging
Launcher Type: SUN_STANDARD

[Global flags]
     intx CICompilerCount                          = 3                                         {product} {ergonomic}
     uint ConcGCThreads                            = 1                                         {product} {ergonomic}
     uint G1ConcRefinementThreads                  = 4                                         {product} {ergonomic}
   size_t G1HeapRegionSize                         = 1048576                                   {product} {ergonomic}
    uintx GCDrainStackTargetSize                   = 64                                        {product} {ergonomic}
   size_t InitialHeapSize                          = 134217728                                 {product} {ergonomic}
   size_t MarkStackSize                            = 4194304                                   {product} {ergonomic}
   size_t MaxHeapSize                              = 2147483648                                {product} {ergonomic}
   size_t MaxNewSize                               = 1287651328                                {product} {ergonomic}
   size_t MinHeapDeltaBytes                        = 1048576                                   {product} {ergonomic}
    uintx NonNMethodCodeHeapSize                   = 5830732                                {pd product} {ergonomic}
    uintx NonProfiledCodeHeapSize                  = 122913754                              {pd product} {ergonomic}
    uintx ProfiledCodeHeapSize                     = 122913754                              {pd product} {ergonomic}
    uintx ReservedCodeCacheSize                    = 251658240                              {pd product} {ergonomic}
     bool SegmentedCodeCache                       = true                                      {product} {ergonomic}
     bool UseCompressedClassPointers               = true                                 {lp64_product} {ergonomic}
     bool UseCompressedOops                        = true                                 {lp64_product} {ergonomic}
     bool UseG1GC                                  = true                                      {product} {ergonomic}

Logging:
Log output configuration:
 #0: stdout all=warning uptime,level,tags
 #1: stderr all=off uptime,level,tags

Environment Variables:
PATH=/usr/local/bin:/usr/bin:/bin:/usr/sbin:/sbin:/usr/local/share/dotnet:~/.dotnet/tools:/Library/Frameworks/Mono.framework/Versions/Current/Commands:/Users/szabosandor/.zsh/misc
SHELL=/bin/zsh
LC_CTYPE=hu_HU.UTF-8

Signal Handlers:
SIGSEGV: [libjvm.dylib+0x7c73e4], sa_mask[0]=11111111011111110111111111111111, sa_flags=SA_ONSTACK|SA_RESTART|SA_SIGINFO
SIGBUS: [libjvm.dylib+0x7c73e4], sa_mask[0]=11111111011111110111111111111111, sa_flags=SA_RESTART|SA_SIGINFO
SIGFPE: [libjvm.dylib+0x7c73e4], sa_mask[0]=11111111011111110111111111111111, sa_flags=SA_RESTART|SA_SIGINFO
SIGPIPE: [libjvm.dylib+0x62c4e1], sa_mask[0]=11111111011111110111111111111111, sa_flags=SA_RESTART|SA_SIGINFO
SIGXFSZ: [libjvm.dylib+0x62c4e1], sa_mask[0]=11111111011111110111111111111111, sa_flags=SA_RESTART|SA_SIGINFO
SIGILL: [libjvm.dylib+0x7c73e4], sa_mask[0]=11111111011111110111111111111111, sa_flags=SA_RESTART|SA_SIGINFO
SIGUSR2: [libjvm.dylib+0x62cac9], sa_mask[0]=00100000000000000000000000000000, sa_flags=SA_RESTART|SA_SIGINFO
SIGHUP: [libjvm.dylib+0x62b667], sa_mask[0]=11111111011111110111111111111111, sa_flags=SA_RESTART|SA_SIGINFO
SIGINT: [libjvm.dylib+0x62b667], sa_mask[0]=11111111011111110111111111111111, sa_flags=SA_RESTART|SA_SIGINFO
SIGTERM: [libjvm.dylib+0x62b667], sa_mask[0]=11111111011111110111111111111111, sa_flags=SA_RESTART|SA_SIGINFO
SIGQUIT: [libjvm.dylib+0x62b667], sa_mask[0]=11111111011111110111111111111111, sa_flags=SA_RESTART|SA_SIGINFO


---------------  S Y S T E M  ---------------

OS:uname:Darwin 21.2.0 Darwin Kernel Version 21.2.0: Sun Nov 28 20:28:54 PST 2021; root:xnu-8019.61.5~1/RELEASE_X86_64 x86_64
OS uptime: 1 days 3:00 hours
rlimit (soft/hard): STACK 8192k/65532k , CORE 0k/infinity , NPROC 1392/2088 , NOFILE 10240/infinity , AS infinity/infinity , CPU infinity/infinity , DATA infinity/infinity , FSIZE infinity/infinity , MEMLOCK infinity/infinity , RSS infinity/infinity
load average:2.67 2.96 4.15

CPU:total 4 (initial active 4) (2 cores per cpu, 2 threads per core) family 6 model 126 stepping 5 microcode 0xa6, cmov, cx8, fxsr, mmx, sse, sse2, sse3, ssse3, sse4.1, sse4.2, popcnt, avx, avx2, aes, clmul, erms, 3dnowpref, lzcnt, ht, tsc, tscinvbit, bmi1, bmi2, adx, sha, fma

Memory: 4k page, physical 8388608k(20876k free), swap 1048576k(1010176k free)

vm_info: OpenJDK 64-Bit Server VM (11.0.12+7) for bsd-amd64 JRE (11.0.12+7), built on Jul 21 2021 09:19:19 by "jenkins" with clang 4.2.1 Compatible Apple LLVM 10.0.1 (clang-1001.0.46.4)

END.
