#
# A fatal error has been detected by the Java Runtime Environment:
#
#  Internal Error (safepoint.cpp:919), pid=68956, tid=26895
#  fatal error: Illegal threadstate encountered: 4
#
# JRE version: OpenJDK Runtime Environment Temurin-11.0.12+7 (11.0.12+7) (build 11.0.12+7)
# Java VM: OpenJDK 64-Bit Server VM Temurin-11.0.12+7 (11.0.12+7, mixed mode, tiered, compressed oops, g1 gc, bsd-amd64)
# No core dump will be written. Core dumps have been disabled. To enable core dumping, try "ulimit -c unlimited" before starting Java again
#
# If you would like to submit a bug report, please visit:
#   https://github.com/adoptium/adoptium-support/issues
# The crash happened outside the Java Virtual Machine in native code.
# See problematic frame for where to report the bug.
#

---------------  S U M M A R Y ------------

Command Line: --module-path=/Users/szabosandor/.m2/repository/org/openjfx/javafx-base/17.0.0.1/javafx-base-17.0.0.1-mac.jar:/Users/szabosandor/.m2/repository/org/openjfx/javafx-base/17.0.0.1/javafx-base-17.0.0.1.jar:/Users/szabosandor/.m2/repository/org/openjfx/javafx-controls/11/javafx-controls-11-mac.jar:/Users/szabosandor/.m2/repository/org/openjfx/javafx-controls/11/javafx-controls-11.jar:/Users/szabosandor/.m2/repository/org/openjfx/javafx-fxml/11/javafx-fxml-11-mac.jar:/Users/szabosandor/.m2/repository/org/openjfx/javafx-fxml/11/javafx-fxml-11.jar:/Users/szabosandor/.m2/repository/org/openjfx/javafx-graphics/11/javafx-graphics-11-mac.jar:/Users/szabosandor/.m2/repository/org/openjfx/javafx-graphics/11/javafx-graphics-11.jar --add-modules=javafx.base,javafx.controls,javafx.fxml,javafx.graphics hu.unideb.inf.Main

Host: MacBookAir9,1 x86_64 1100 MHz, 4 cores, 8G, Darwin 21.2.0
Time: Wed May 11 00:22:02 2022 CEST elapsed time: 7.047695 seconds (0d 0h 0m 7s)

---------------  T H R E A D  ---------------

Current thread (0x00007fccf1b35000):  JavaThread "InvokeLaterDispatcher" daemon [_thread_in_native, id=26895, stack(0x0000700004956000,0x0000700004a56000)]

Stack: [0x0000700004956000,0x0000700004a56000],  sp=0x0000700004a542b0,  free space=1016k
Native frames: (J=compiled Java code, A=aot compiled Java code, j=interpreted, Vv=VM code, C=native code)
V  [libjvm.dylib+0x7c656e]  _ZN7VMError14report_and_dieEiPKcS1_P13__va_list_tagP6ThreadPhPvS7_S1_im+0x652
V  [libjvm.dylib+0x7c6c69]  _ZN7VMError14report_and_dieEP6ThreadPvPKciS4_S4_P13__va_list_tag+0x47
V  [libjvm.dylib+0x27a592]  _Z12report_fatalPKciS0_z+0xb5
V  [libjvm.dylib+0x69d09d]  _ZN20SafepointSynchronize5blockEP10JavaThread+0x1cf
V  [libjvm.dylib+0x77f1f2]  _ZN10JavaThread44check_safepoint_and_suspend_for_native_transEPS_+0xa8
V  [libjvm.dylib+0x3f4a70]  jni_DeleteGlobalRef+0x93
C  [libglass.dylib+0x8871]  -[GlassRunnable dealloc]+0x31
C  [Foundation+0x80e9b]  -[_NSThreadPerformInfo dealloc]+0x2a
C  [Foundation+0x4dcc7]  -[NSObject(NSThreadPerformAdditions) performSelectorOnMainThread:withObject:waitUntilDone:]+0x7c
j  com.sun.glass.ui.mac.MacApplication._submitForLaterInvocation(Ljava/lang/Runnable;)V+0 javafx.graphics
j  com.sun.glass.ui.mac.MacApplication.submitForLaterInvocation(Ljava/lang/Runnable;)V+2 javafx.graphics
j  com.sun.glass.ui.InvokeLaterDispatcher.run()V+82 javafx.graphics
v  ~StubRoutines::call_stub
V  [libjvm.dylib+0x3b910e]  _ZN9JavaCalls11call_helperEP9JavaValueRK12methodHandleP17JavaCallArgumentsP6Thread+0x21a
V  [libjvm.dylib+0x3b8558]  _ZN9JavaCalls12call_virtualEP9JavaValueP5KlassP6SymbolS5_P17JavaCallArgumentsP6Thread+0xee
V  [libjvm.dylib+0x3b8614]  _ZN9JavaCalls12call_virtualEP9JavaValue6HandleP5KlassP6SymbolS6_P6Thread+0x62
V  [libjvm.dylib+0x43f4e6]  _ZL12thread_entryP10JavaThreadP6Thread+0x78
V  [libjvm.dylib+0x77dbc6]  _ZN10JavaThread17thread_main_innerEv+0x82
V  [libjvm.dylib+0x77da10]  _ZN10JavaThread3runEv+0x174
V  [libjvm.dylib+0x77b8ec]  _ZN6Thread8call_runEv+0x68
V  [libjvm.dylib+0x62a3c1]  _ZL19thread_native_entryP6Thread+0x139
C  [libsystem_pthread.dylib+0x64f4]  _pthread_start+0x7d
C  [libsystem_pthread.dylib+0x200f]  thread_start+0xf

Java frames: (J=compiled Java code, j=interpreted, Vv=VM code)
j  com.sun.glass.ui.mac.MacApplication._submitForLaterInvocation(Ljava/lang/Runnable;)V+0 javafx.graphics
j  com.sun.glass.ui.mac.MacApplication.submitForLaterInvocation(Ljava/lang/Runnable;)V+2 javafx.graphics
j  com.sun.glass.ui.InvokeLaterDispatcher.run()V+82 javafx.graphics
v  ~StubRoutines::call_stub

---------------  P R O C E S S  ---------------

Threads class SMR info:
_java_thread_list=0x0000600002b980a0, length=18, elements={
0x00007fccee014800, 0x00007fccee810800, 0x00007fcced017000, 0x00007fcced01b800,
0x00007fcced01c000, 0x00007fcced020000, 0x00007fccee0ec800, 0x00007fccee0ef800,
0x00007fccee857800, 0x00007fcceea09000, 0x00007fccee1cc000, 0x00007fccee43a000,
0x00007fcced021000, 0x00007fccf1b35000, 0x00007fccee423000, 0x00007fccf1b7c000,
0x00007fccf1bd8000, 0x00007fccf33e3000
}

Java Threads: ( => current thread )
  0x00007fccee014800 JavaThread "main" [_thread_blocked, id=6403, stack(0x000070000310b000,0x000070000320b000)]
  0x00007fccee810800 JavaThread "Reference Handler" daemon [_thread_blocked, id=13315, stack(0x0000700003820000,0x0000700003920000)]
  0x00007fcced017000 JavaThread "Finalizer" daemon [_thread_blocked, id=17155, stack(0x0000700003923000,0x0000700003a23000)]
  0x00007fcced01b800 JavaThread "Signal Dispatcher" daemon [_thread_blocked, id=15875, stack(0x0000700003b2c000,0x0000700003c2c000)]
  0x00007fcced01c000 JavaThread "Service Thread" daemon [_thread_blocked, id=22019, stack(0x0000700003c2f000,0x0000700003d2f000)]
  0x00007fcced020000 JavaThread "C2 CompilerThread0" daemon [_thread_blocked, id=43267, stack(0x0000700003d32000,0x0000700003e32000)]
  0x00007fccee0ec800 JavaThread "C1 CompilerThread0" daemon [_thread_blocked, id=42755, stack(0x0000700003e35000,0x0000700003f35000)]
  0x00007fccee0ef800 JavaThread "Sweeper thread" daemon [_thread_blocked, id=42499, stack(0x0000700003f38000,0x0000700004038000)]
  0x00007fccee857800 JavaThread "Common-Cleaner" daemon [_thread_blocked, id=42243, stack(0x000070000403b000,0x000070000413b000)]
  0x00007fcceea09000 JavaThread "H2 TCP Server (tcp://172.19.3.110:9092)" [_thread_in_native, id=25859, stack(0x000070000454a000,0x000070000464a000)]
  0x00007fccee1cc000 JavaThread "H2 Console Server (http://172.19.3.110:8082)" [_thread_in_native, id=26631, stack(0x000070000464d000,0x000070000474d000)]
  0x00007fccee43a000 JavaThread "JavaFX-Launcher" [_thread_blocked, id=39703, stack(0x000070000413e000,0x000070000423e000)]
  0x00007fcced021000 JavaThread "QuantumRenderer-0" daemon [_thread_blocked, id=24075, stack(0x0000700004853000,0x0000700004953000)]
=>0x00007fccf1b35000 JavaThread "InvokeLaterDispatcher" daemon [_thread_in_native, id=26895, stack(0x0000700004956000,0x0000700004a56000)]
  0x00007fccee423000 JavaThread "JavaFX Application Thread" [_thread_in_native, id=259, stack(0x00007ff7b16da000,0x00007ff7b1eda000)]
  0x00007fccf1b7c000 JavaThread "Thread-6" daemon [_thread_in_native, id=81679, stack(0x0000700004a59000,0x0000700004ad9000)]
  0x00007fccf1bd8000 JavaThread "Prism Font Disposer" daemon [_thread_blocked, id=55071, stack(0x0000700004d68000,0x0000700004e68000)]
  0x00007fccf33e3000 JavaThread "Cleaner-0" daemon [_thread_blocked, id=65283, stack(0x0000700004f71000,0x0000700005071000)]

Other Threads:
  0x00007fcced012800 VMThread "VM Thread" [stack: 0x000070000371d000,0x000070000381d000] [id=18179]
  0x00007fccee0e7000 WatcherThread [stack: 0x0000700004241000,0x0000700004341000] [id=24579]
  0x00007fccee017800 GCTaskThread "GC Thread#0" [stack: 0x000070000320e000,0x000070000330e000] [id=11523]
  0x00007fcced1ca800 GCTaskThread "GC Thread#1" [stack: 0x0000700004344000,0x0000700004444000] [id=25091]
  0x00007fcced171800 GCTaskThread "GC Thread#2" [stack: 0x0000700004447000,0x0000700004547000] [id=25347]
  0x00007fccee29f800 GCTaskThread "GC Thread#3" [stack: 0x0000700004750000,0x0000700004850000] [id=40459]
  0x00007fccee046800 ConcurrentGCThread "G1 Main Marker" [stack: 0x0000700003311000,0x0000700003411000] [id=11779]
  0x00007fccee047000 ConcurrentGCThread "G1 Conc#0" [stack: 0x0000700003414000,0x0000700003514000] [id=19971]
  0x00007fccee098000 ConcurrentGCThread "G1 Refine#0" [stack: 0x0000700003517000,0x0000700003617000] [id=19715]
  0x00007fccee098800 ConcurrentGCThread "G1 Young RemSet Sampling" [stack: 0x000070000361a000,0x000070000371a000] [id=19203]

Threads with active compile tasks:

VM state:not at safepoint (normal execution)

VM Mutex/Monitor currently owned by a thread: None

Heap address: 0x0000000780000000, size: 2048 MB, Compressed Oops mode: Zero based, Oop shift amount: 3
Narrow klass base: 0x0000000800000000, Narrow klass shift: 0
Compressed class space size: 1073741824 Address: 0x0000000800000000

Heap:
 garbage-first heap   total 131072K, used 70474K [0x0000000780000000, 0x0000000800000000)
  region size 1024K, 63 young (64512K), 8 survivors (8192K)
 Metaspace       used 47291K, capacity 48107K, committed 48460K, reserved 1091584K
  class space    used 5865K, capacity 6205K, committed 6272K, reserved 1048576K
Heap Regions: E=young(eden), S=young(survivor), O=old, HS=humongous(starts), HC=humongous(continues), CS=collection set, F=free, A=archive, TAMS=top-at-mark-start (previous, next)
|   0|0x0000000780000000, 0x0000000780100000, 0x0000000780100000|100%|HS|  |TAMS 0x0000000780100000, 0x0000000780000000| Complete 
|   1|0x0000000780100000, 0x0000000780200000, 0x0000000780200000|100%| O|  |TAMS 0x0000000780200000, 0x0000000780100000| Untracked 
|   2|0x0000000780200000, 0x000000078025f600, 0x0000000780300000| 37%| O|  |TAMS 0x000000078025f600, 0x0000000780200000| Untracked 
|   3|0x0000000780300000, 0x0000000780400000, 0x0000000780400000|100%|HS|  |TAMS 0x0000000780400000, 0x0000000780300000| Complete 
|   4|0x0000000780400000, 0x0000000780500000, 0x0000000780500000|100%|HC|  |TAMS 0x0000000780500000, 0x0000000780400000| Complete 
|   5|0x0000000780500000, 0x0000000780600000, 0x0000000780600000|100%|HS|  |TAMS 0x0000000780500000, 0x0000000780500000| Complete 
|   6|0x0000000780600000, 0x0000000780700000, 0x0000000780700000|100%|HC|  |TAMS 0x0000000780600000, 0x0000000780600000| Complete 
|   7|0x0000000780700000, 0x0000000780800000, 0x0000000780800000|100%|HS|  |TAMS 0x0000000780700000, 0x0000000780700000| Complete 
|   8|0x0000000780800000, 0x0000000780900000, 0x0000000780900000|100%|HC|  |TAMS 0x0000000780800000, 0x0000000780800000| Complete 
|   9|0x0000000780900000, 0x0000000780900000, 0x0000000780a00000|  0%| F|  |TAMS 0x0000000780900000, 0x0000000780900000| Untracked 
|  10|0x0000000780a00000, 0x0000000780a00000, 0x0000000780b00000|  0%| F|  |TAMS 0x0000000780a00000, 0x0000000780a00000| Untracked 
|  11|0x0000000780b00000, 0x0000000780b00000, 0x0000000780c00000|  0%| F|  |TAMS 0x0000000780b00000, 0x0000000780b00000| Untracked 
|  12|0x0000000780c00000, 0x0000000780c00000, 0x0000000780d00000|  0%| F|  |TAMS 0x0000000780c00000, 0x0000000780c00000| Untracked 
|  13|0x0000000780d00000, 0x0000000780d00000, 0x0000000780e00000|  0%| F|  |TAMS 0x0000000780d00000, 0x0000000780d00000| Untracked 
|  14|0x0000000780e00000, 0x0000000780e00000, 0x0000000780f00000|  0%| F|  |TAMS 0x0000000780e00000, 0x0000000780e00000| Untracked 
|  15|0x0000000780f00000, 0x0000000780f00000, 0x0000000781000000|  0%| F|  |TAMS 0x0000000780f00000, 0x0000000780f00000| Untracked 
|  16|0x0000000781000000, 0x0000000781000000, 0x0000000781100000|  0%| F|  |TAMS 0x0000000781000000, 0x0000000781000000| Untracked 
|  17|0x0000000781100000, 0x0000000781100000, 0x0000000781200000|  0%| F|  |TAMS 0x0000000781100000, 0x0000000781100000| Untracked 
|  18|0x0000000781200000, 0x0000000781200000, 0x0000000781300000|  0%| F|  |TAMS 0x0000000781200000, 0x0000000781200000| Untracked 
|  19|0x0000000781300000, 0x0000000781300000, 0x0000000781400000|  0%| F|  |TAMS 0x0000000781300000, 0x0000000781300000| Untracked 
|  20|0x0000000781400000, 0x0000000781400000, 0x0000000781500000|  0%| F|  |TAMS 0x0000000781400000, 0x0000000781400000| Untracked 
|  21|0x0000000781500000, 0x0000000781500000, 0x0000000781600000|  0%| F|  |TAMS 0x0000000781500000, 0x0000000781500000| Untracked 
|  22|0x0000000781600000, 0x0000000781600000, 0x0000000781700000|  0%| F|  |TAMS 0x0000000781600000, 0x0000000781600000| Untracked 
|  23|0x0000000781700000, 0x0000000781700000, 0x0000000781800000|  0%| F|  |TAMS 0x0000000781700000, 0x0000000781700000| Untracked 
|  24|0x0000000781800000, 0x0000000781800000, 0x0000000781900000|  0%| F|  |TAMS 0x0000000781800000, 0x0000000781800000| Untracked 
|  25|0x0000000781900000, 0x0000000781900000, 0x0000000781a00000|  0%| F|  |TAMS 0x0000000781900000, 0x0000000781900000| Untracked 
|  26|0x0000000781a00000, 0x0000000781a00000, 0x0000000781b00000|  0%| F|  |TAMS 0x0000000781a00000, 0x0000000781a00000| Untracked 
|  27|0x0000000781b00000, 0x0000000781b00000, 0x0000000781c00000|  0%| F|  |TAMS 0x0000000781b00000, 0x0000000781b00000| Untracked 
|  28|0x0000000781c00000, 0x0000000781c00000, 0x0000000781d00000|  0%| F|  |TAMS 0x0000000781c00000, 0x0000000781c00000| Untracked 
|  29|0x0000000781d00000, 0x0000000781d00000, 0x0000000781e00000|  0%| F|  |TAMS 0x0000000781d00000, 0x0000000781d00000| Untracked 
|  30|0x0000000781e00000, 0x0000000781e00000, 0x0000000781f00000|  0%| F|  |TAMS 0x0000000781e00000, 0x0000000781e00000| Untracked 
|  31|0x0000000781f00000, 0x0000000781f00000, 0x0000000782000000|  0%| F|  |TAMS 0x0000000781f00000, 0x0000000781f00000| Untracked 
|  32|0x0000000782000000, 0x0000000782000000, 0x0000000782100000|  0%| F|  |TAMS 0x0000000782000000, 0x0000000782000000| Untracked 
|  33|0x0000000782100000, 0x0000000782100000, 0x0000000782200000|  0%| F|  |TAMS 0x0000000782100000, 0x0000000782100000| Untracked 
|  34|0x0000000782200000, 0x0000000782200000, 0x0000000782300000|  0%| F|  |TAMS 0x0000000782200000, 0x0000000782200000| Untracked 
|  35|0x0000000782300000, 0x0000000782300000, 0x0000000782400000|  0%| F|  |TAMS 0x0000000782300000, 0x0000000782300000| Untracked 
|  36|0x0000000782400000, 0x0000000782400000, 0x0000000782500000|  0%| F|  |TAMS 0x0000000782400000, 0x0000000782400000| Untracked 
|  37|0x0000000782500000, 0x0000000782500000, 0x0000000782600000|  0%| F|  |TAMS 0x0000000782500000, 0x0000000782500000| Untracked 
|  38|0x0000000782600000, 0x0000000782600000, 0x0000000782700000|  0%| F|  |TAMS 0x0000000782600000, 0x0000000782600000| Untracked 
|  39|0x0000000782700000, 0x0000000782700000, 0x0000000782800000|  0%| F|  |TAMS 0x0000000782700000, 0x0000000782700000| Untracked 
|  40|0x0000000782800000, 0x0000000782800000, 0x0000000782900000|  0%| F|  |TAMS 0x0000000782800000, 0x0000000782800000| Untracked 
|  41|0x0000000782900000, 0x0000000782900000, 0x0000000782a00000|  0%| F|  |TAMS 0x0000000782900000, 0x0000000782900000| Untracked 
|  42|0x0000000782a00000, 0x0000000782a00000, 0x0000000782b00000|  0%| F|  |TAMS 0x0000000782a00000, 0x0000000782a00000| Untracked 
|  43|0x0000000782b00000, 0x0000000782b00000, 0x0000000782c00000|  0%| F|  |TAMS 0x0000000782b00000, 0x0000000782b00000| Untracked 
|  44|0x0000000782c00000, 0x0000000782c00000, 0x0000000782d00000|  0%| F|  |TAMS 0x0000000782c00000, 0x0000000782c00000| Untracked 
|  45|0x0000000782d00000, 0x0000000782d00000, 0x0000000782e00000|  0%| F|  |TAMS 0x0000000782d00000, 0x0000000782d00000| Untracked 
|  46|0x0000000782e00000, 0x0000000782e00000, 0x0000000782f00000|  0%| F|  |TAMS 0x0000000782e00000, 0x0000000782e00000| Untracked 
|  47|0x0000000782f00000, 0x0000000782f00000, 0x0000000783000000|  0%| F|  |TAMS 0x0000000782f00000, 0x0000000782f00000| Untracked 
|  48|0x0000000783000000, 0x0000000783000000, 0x0000000783100000|  0%| F|  |TAMS 0x0000000783000000, 0x0000000783000000| Untracked 
|  49|0x0000000783100000, 0x0000000783100000, 0x0000000783200000|  0%| F|  |TAMS 0x0000000783100000, 0x0000000783100000| Untracked 
|  50|0x0000000783200000, 0x0000000783200000, 0x0000000783300000|  0%| F|  |TAMS 0x0000000783200000, 0x0000000783200000| Untracked 
|  51|0x0000000783300000, 0x0000000783300000, 0x0000000783400000|  0%| F|  |TAMS 0x0000000783300000, 0x0000000783300000| Untracked 
|  52|0x0000000783400000, 0x0000000783400000, 0x0000000783500000|  0%| F|  |TAMS 0x0000000783400000, 0x0000000783400000| Untracked 
|  53|0x0000000783500000, 0x0000000783500000, 0x0000000783600000|  0%| F|  |TAMS 0x0000000783500000, 0x0000000783500000| Untracked 
|  54|0x0000000783600000, 0x00000007836733d0, 0x0000000783700000| 45%| S|CS|TAMS 0x0000000783600000, 0x0000000783600000| Complete 
|  55|0x0000000783700000, 0x0000000783800000, 0x0000000783800000|100%| S|CS|TAMS 0x0000000783700000, 0x0000000783700000| Complete 
|  56|0x0000000783800000, 0x0000000783900000, 0x0000000783900000|100%| S|CS|TAMS 0x0000000783800000, 0x0000000783800000| Complete 
|  57|0x0000000783900000, 0x0000000783a00000, 0x0000000783a00000|100%| S|CS|TAMS 0x0000000783900000, 0x0000000783900000| Complete 
|  58|0x0000000783a00000, 0x0000000783b00000, 0x0000000783b00000|100%| S|CS|TAMS 0x0000000783a00000, 0x0000000783a00000| Complete 
|  59|0x0000000783b00000, 0x0000000783c00000, 0x0000000783c00000|100%| S|CS|TAMS 0x0000000783b00000, 0x0000000783b00000| Complete 
|  60|0x0000000783c00000, 0x0000000783d00000, 0x0000000783d00000|100%| S|CS|TAMS 0x0000000783c00000, 0x0000000783c00000| Complete 
|  61|0x0000000783d00000, 0x0000000783d00000, 0x0000000783e00000|  0%| F|  |TAMS 0x0000000783d00000, 0x0000000783d00000| Untracked 
|  62|0x0000000783e00000, 0x0000000783e00000, 0x0000000783f00000|  0%| F|  |TAMS 0x0000000783e00000, 0x0000000783e00000| Untracked 
|  63|0x0000000783f00000, 0x0000000783f00000, 0x0000000784000000|  0%| F|  |TAMS 0x0000000783f00000, 0x0000000783f00000| Untracked 
|  64|0x0000000784000000, 0x0000000784000000, 0x0000000784100000|  0%| F|  |TAMS 0x0000000784000000, 0x0000000784000000| Untracked 
|  65|0x0000000784100000, 0x0000000784100000, 0x0000000784200000|  0%| F|  |TAMS 0x0000000784100000, 0x0000000784100000| Untracked 
|  66|0x0000000784200000, 0x0000000784300000, 0x0000000784300000|100%| S|CS|TAMS 0x0000000784200000, 0x0000000784200000| Complete 
|  67|0x0000000784300000, 0x0000000784300000, 0x0000000784400000|  0%| F|  |TAMS 0x0000000784300000, 0x0000000784300000| Untracked 
|  68|0x0000000784400000, 0x0000000784400000, 0x0000000784500000|  0%| F|  |TAMS 0x0000000784400000, 0x0000000784400000| Untracked 
|  69|0x0000000784500000, 0x0000000784500000, 0x0000000784600000|  0%| F|  |TAMS 0x0000000784500000, 0x0000000784500000| Untracked 
|  70|0x0000000784600000, 0x0000000784600000, 0x0000000784700000|  0%| F|  |TAMS 0x0000000784600000, 0x0000000784600000| Untracked 
|  71|0x0000000784700000, 0x0000000784700000, 0x0000000784800000|  0%| F|  |TAMS 0x0000000784700000, 0x0000000784700000| Untracked 
|  72|0x0000000784800000, 0x0000000784800000, 0x0000000784900000|  0%| F|  |TAMS 0x0000000784800000, 0x0000000784800000| Untracked 
|  73|0x0000000784900000, 0x00000007849ef420, 0x0000000784a00000| 93%| E|  |TAMS 0x0000000784900000, 0x0000000784900000| Complete 
|  74|0x0000000784a00000, 0x0000000784b00000, 0x0000000784b00000|100%| E|CS|TAMS 0x0000000784a00000, 0x0000000784a00000| Complete 
|  75|0x0000000784b00000, 0x0000000784c00000, 0x0000000784c00000|100%| E|CS|TAMS 0x0000000784b00000, 0x0000000784b00000| Complete 
|  76|0x0000000784c00000, 0x0000000784d00000, 0x0000000784d00000|100%| E|CS|TAMS 0x0000000784c00000, 0x0000000784c00000| Complete 
|  77|0x0000000784d00000, 0x0000000784e00000, 0x0000000784e00000|100%| E|CS|TAMS 0x0000000784d00000, 0x0000000784d00000| Complete 
|  78|0x0000000784e00000, 0x0000000784f00000, 0x0000000784f00000|100%| E|CS|TAMS 0x0000000784e00000, 0x0000000784e00000| Complete 
|  79|0x0000000784f00000, 0x0000000785000000, 0x0000000785000000|100%| E|CS|TAMS 0x0000000784f00000, 0x0000000784f00000| Complete 
|  80|0x0000000785000000, 0x0000000785100000, 0x0000000785100000|100%| E|CS|TAMS 0x0000000785000000, 0x0000000785000000| Complete 
|  81|0x0000000785100000, 0x0000000785200000, 0x0000000785200000|100%| E|CS|TAMS 0x0000000785100000, 0x0000000785100000| Complete 
|  82|0x0000000785200000, 0x0000000785300000, 0x0000000785300000|100%| E|CS|TAMS 0x0000000785200000, 0x0000000785200000| Complete 
|  83|0x0000000785300000, 0x0000000785400000, 0x0000000785400000|100%| E|CS|TAMS 0x0000000785300000, 0x0000000785300000| Complete 
|  84|0x0000000785400000, 0x0000000785500000, 0x0000000785500000|100%| E|CS|TAMS 0x0000000785400000, 0x0000000785400000| Complete 
|  85|0x0000000785500000, 0x0000000785600000, 0x0000000785600000|100%| E|CS|TAMS 0x0000000785500000, 0x0000000785500000| Complete 
|  86|0x0000000785600000, 0x0000000785700000, 0x0000000785700000|100%| E|CS|TAMS 0x0000000785600000, 0x0000000785600000| Complete 
|  87|0x0000000785700000, 0x0000000785800000, 0x0000000785800000|100%| E|CS|TAMS 0x0000000785700000, 0x0000000785700000| Complete 
|  88|0x0000000785800000, 0x0000000785900000, 0x0000000785900000|100%| E|CS|TAMS 0x0000000785800000, 0x0000000785800000| Complete 
|  89|0x0000000785900000, 0x0000000785a00000, 0x0000000785a00000|100%| E|CS|TAMS 0x0000000785900000, 0x0000000785900000| Complete 
|  90|0x0000000785a00000, 0x0000000785b00000, 0x0000000785b00000|100%| E|CS|TAMS 0x0000000785a00000, 0x0000000785a00000| Complete 
|  91|0x0000000785b00000, 0x0000000785c00000, 0x0000000785c00000|100%| E|  |TAMS 0x0000000785b00000, 0x0000000785b00000| Complete 
|  92|0x0000000785c00000, 0x0000000785d00000, 0x0000000785d00000|100%| E|CS|TAMS 0x0000000785c00000, 0x0000000785c00000| Complete 
|  93|0x0000000785d00000, 0x0000000785e00000, 0x0000000785e00000|100%| E|CS|TAMS 0x0000000785d00000, 0x0000000785d00000| Complete 
|  94|0x0000000785e00000, 0x0000000785f00000, 0x0000000785f00000|100%| E|CS|TAMS 0x0000000785e00000, 0x0000000785e00000| Complete 
|  95|0x0000000785f00000, 0x0000000786000000, 0x0000000786000000|100%| E|CS|TAMS 0x0000000785f00000, 0x0000000785f00000| Complete 
|  96|0x0000000786000000, 0x0000000786100000, 0x0000000786100000|100%| E|CS|TAMS 0x0000000786000000, 0x0000000786000000| Complete 
|  97|0x0000000786100000, 0x0000000786200000, 0x0000000786200000|100%| E|CS|TAMS 0x0000000786100000, 0x0000000786100000| Complete 
|  98|0x0000000786200000, 0x0000000786300000, 0x0000000786300000|100%| E|CS|TAMS 0x0000000786200000, 0x0000000786200000| Complete 
|  99|0x0000000786300000, 0x0000000786400000, 0x0000000786400000|100%| E|CS|TAMS 0x0000000786300000, 0x0000000786300000| Complete 
| 100|0x0000000786400000, 0x0000000786500000, 0x0000000786500000|100%| E|CS|TAMS 0x0000000786400000, 0x0000000786400000| Complete 
| 101|0x0000000786500000, 0x0000000786600000, 0x0000000786600000|100%| E|CS|TAMS 0x0000000786500000, 0x0000000786500000| Complete 
| 102|0x0000000786600000, 0x0000000786700000, 0x0000000786700000|100%| E|CS|TAMS 0x0000000786600000, 0x0000000786600000| Complete 
| 103|0x0000000786700000, 0x0000000786800000, 0x0000000786800000|100%| E|CS|TAMS 0x0000000786700000, 0x0000000786700000| Complete 
| 104|0x0000000786800000, 0x0000000786900000, 0x0000000786900000|100%| E|CS|TAMS 0x0000000786800000, 0x0000000786800000| Complete 
| 105|0x0000000786900000, 0x0000000786a00000, 0x0000000786a00000|100%| E|CS|TAMS 0x0000000786900000, 0x0000000786900000| Complete 
| 106|0x0000000786a00000, 0x0000000786b00000, 0x0000000786b00000|100%| E|CS|TAMS 0x0000000786a00000, 0x0000000786a00000| Complete 
| 107|0x0000000786b00000, 0x0000000786c00000, 0x0000000786c00000|100%| E|CS|TAMS 0x0000000786b00000, 0x0000000786b00000| Complete 
| 108|0x0000000786c00000, 0x0000000786d00000, 0x0000000786d00000|100%| E|CS|TAMS 0x0000000786c00000, 0x0000000786c00000| Complete 
| 109|0x0000000786d00000, 0x0000000786e00000, 0x0000000786e00000|100%| E|CS|TAMS 0x0000000786d00000, 0x0000000786d00000| Complete 
| 110|0x0000000786e00000, 0x0000000786f00000, 0x0000000786f00000|100%| E|CS|TAMS 0x0000000786e00000, 0x0000000786e00000| Complete 
| 111|0x0000000786f00000, 0x0000000787000000, 0x0000000787000000|100%| E|CS|TAMS 0x0000000786f00000, 0x0000000786f00000| Complete 
| 112|0x0000000787000000, 0x0000000787100000, 0x0000000787100000|100%| E|CS|TAMS 0x0000000787000000, 0x0000000787000000| Complete 
| 113|0x0000000787100000, 0x0000000787200000, 0x0000000787200000|100%| E|CS|TAMS 0x0000000787100000, 0x0000000787100000| Complete 
| 114|0x0000000787200000, 0x0000000787300000, 0x0000000787300000|100%| E|CS|TAMS 0x0000000787200000, 0x0000000787200000| Complete 
| 115|0x0000000787300000, 0x0000000787400000, 0x0000000787400000|100%| E|CS|TAMS 0x0000000787300000, 0x0000000787300000| Complete 
| 116|0x0000000787400000, 0x0000000787500000, 0x0000000787500000|100%| E|CS|TAMS 0x0000000787400000, 0x0000000787400000| Complete 
| 117|0x0000000787500000, 0x0000000787600000, 0x0000000787600000|100%| E|CS|TAMS 0x0000000787500000, 0x0000000787500000| Complete 
| 118|0x0000000787600000, 0x0000000787700000, 0x0000000787700000|100%| E|CS|TAMS 0x0000000787600000, 0x0000000787600000| Complete 
| 119|0x0000000787700000, 0x0000000787800000, 0x0000000787800000|100%| E|CS|TAMS 0x0000000787700000, 0x0000000787700000| Complete 
| 120|0x0000000787800000, 0x0000000787900000, 0x0000000787900000|100%| E|CS|TAMS 0x0000000787800000, 0x0000000787800000| Complete 
| 121|0x0000000787900000, 0x0000000787a00000, 0x0000000787a00000|100%| E|CS|TAMS 0x0000000787900000, 0x0000000787900000| Complete 
| 122|0x0000000787a00000, 0x0000000787b00000, 0x0000000787b00000|100%| E|CS|TAMS 0x0000000787a00000, 0x0000000787a00000| Complete 
| 123|0x0000000787b00000, 0x0000000787c00000, 0x0000000787c00000|100%| E|CS|TAMS 0x0000000787b00000, 0x0000000787b00000| Complete 
| 124|0x0000000787c00000, 0x0000000787d00000, 0x0000000787d00000|100%| E|CS|TAMS 0x0000000787c00000, 0x0000000787c00000| Complete 
| 125|0x0000000787d00000, 0x0000000787e00000, 0x0000000787e00000|100%| E|CS|TAMS 0x0000000787d00000, 0x0000000787d00000| Complete 
| 126|0x0000000787e00000, 0x0000000787f00000, 0x0000000787f00000|100%| E|CS|TAMS 0x0000000787e00000, 0x0000000787e00000| Complete 
| 127|0x0000000787f00000, 0x0000000788000000, 0x0000000788000000|100%| E|CS|TAMS 0x0000000787f00000, 0x0000000787f00000| Complete 

Card table byte_map: [0x000000010e7f4000,0x000000010ebf4000] _byte_map_base: 0x000000010abf4000

Marking Bits (Prev, Next): (CMBitMap*) 0x00007fccee03da18, (CMBitMap*) 0x00007fccee03da50
 Prev Bits: [0x0000000128bca000, 0x000000012abca000)
 Next Bits: [0x000000012abca000, 0x000000012cbca000)

Polling page: 0x000000010e165000

Metaspace:

Usage:
  Non-class:     40.92 MB capacity,    40.46 MB ( 99%) used,   373.19 KB ( <1%) free+waste,   102.44 KB ( <1%) overhead. 
      Class:      6.06 MB capacity,     5.73 MB ( 95%) used,   292.33 KB (  5%) free+waste,    47.25 KB ( <1%) overhead. 
       Both:     46.98 MB capacity,    46.18 MB ( 98%) used,   665.52 KB (  1%) free+waste,   149.69 KB ( <1%) overhead. 

Virtual space:
  Non-class space:       42.00 MB reserved,      41.20 MB ( 98%) committed 
      Class space:        1.00 GB reserved,       6.12 MB ( <1%) committed 
             Both:        1.04 GB reserved,      47.32 MB (  4%) committed 

Chunk freelists:
   Non-Class:  106.00 KB
       Class:  3.00 KB
        Both:  109.00 KB

MaxMetaspaceSize: unlimited
CompressedClassSpaceSize: 1.00 GB
Initial GC threshold: 20.80 MB
Current GC threshold: 58.88 MB
CDS: off

CodeHeap 'non-profiled nmethods': size=120032Kb used=1596Kb max_used=1596Kb free=118435Kb
 bounds [0x0000000121692000, 0x0000000121902000, 0x0000000128bca000]
CodeHeap 'profiled nmethods': size=120032Kb used=6479Kb max_used=6479Kb free=113552Kb
 bounds [0x000000011a15a000, 0x000000011a7ba000, 0x0000000121692000]
CodeHeap 'non-nmethods': size=5696Kb used=1545Kb max_used=1567Kb free=4150Kb
 bounds [0x0000000119bca000, 0x0000000119e3a000, 0x000000011a15a000]
 total_blobs=4199 nmethods=3287 adapters=825
 compilation: enabled
              stopped_count=0, restarted_count=0
 full_count=0

Compilation events (20 events):
Event: 7.037 Thread 0x00007fccee0ec800 3283       1       com.sun.prism.impl.BaseGraphics::isDepthTest (5 bytes)
Event: 7.037 Thread 0x00007fccee0ec800 nmethod 3283 0x000000012181f990 code [0x000000012181fb40, 0x000000012181fbf0]
Event: 7.037 Thread 0x00007fccee0ec800 3285       1       com.sun.prism.impl.ps.BaseShaderContext$State::access$1100 (5 bytes)
Event: 7.038 Thread 0x00007fccee0ec800 nmethod 3285 0x000000012181fc90 code [0x000000012181fe40, 0x000000012181fed0]
Event: 7.038 Thread 0x00007fccee0ec800 3282       1       com.sun.prism.es2.ES2Shader$Uniform::access$200 (5 bytes)
Event: 7.038 Thread 0x00007fccee0ec800 nmethod 3282 0x000000012181ff90 code [0x0000000121820140, 0x00000001218201d0]
Event: 7.038 Thread 0x00007fccee0ec800 3279       3       java.lang.Float::floatToIntBits (15 bytes)
Event: 7.038 Thread 0x00007fccee0ec800 nmethod 3279 0x000000011a7ad290 code [0x000000011a7ad440, 0x000000011a7ad650]
Event: 7.038 Thread 0x00007fccee0ec800 3284       1       com.sun.prism.es2.ES2TextureData::getTexID (5 bytes)
Event: 7.038 Thread 0x00007fccee0ec800 nmethod 3284 0x0000000121820290 code [0x0000000121820440, 0x00000001218204f0]
Event: 7.038 Thread 0x00007fccee0ec800 3281       1       javafx.scene.layout.CornerRadii::getTopLeftHorizontalRadius (5 bytes)
Event: 7.038 Thread 0x00007fccee0ec800 nmethod 3281 0x0000000121820590 code [0x0000000121820740, 0x00000001218207f0]
Event: 7.038 Thread 0x00007fccee0ec800 3278       3       java.lang.Double::valueOf (9 bytes)
Event: 7.039 Thread 0x00007fccee0ec800 nmethod 3278 0x000000011a7ad710 code [0x000000011a7ad8e0, 0x000000011a7adb30]
Event: 7.039 Thread 0x00007fccee0ec800 3286       1       com.sun.prism.impl.BaseTexture::getContentX (5 bytes)
Event: 7.039 Thread 0x00007fccee0ec800 nmethod 3286 0x0000000121820890 code [0x0000000121820a40, 0x0000000121820af0]
Event: 7.039 Thread 0x00007fccee0ec800 3287       1       com.sun.prism.impl.BaseTexture::getContentY (5 bytes)
Event: 7.039 Thread 0x00007fccee0ec800 nmethod 3287 0x0000000121820b90 code [0x0000000121820d40, 0x0000000121820df0]
Event: 7.039 Thread 0x00007fccee0ec800 3277       1       javafx.scene.Node::access$1400 (5 bytes)
Event: 7.039 Thread 0x00007fccee0ec800 nmethod 3277 0x0000000121820e90 code [0x0000000121821040, 0x00000001218210d0]

GC Heap History (6 events):
Event: 0.451 GC heap before
{Heap before GC invocations=0 (full 0):
 garbage-first heap   total 131072K, used 14336K [0x0000000780000000, 0x0000000800000000)
  region size 1024K, 14 young (14336K), 0 survivors (0K)
 Metaspace       used 9995K, capacity 10157K, committed 10496K, reserved 1058816K
  class space    used 919K, capacity 986K, committed 1024K, reserved 1048576K
}
Event: 0.454 GC heap after
{Heap after GC invocations=1 (full 0):
 garbage-first heap   total 131072K, used 4477K [0x0000000780000000, 0x0000000800000000)
  region size 1024K, 2 young (2048K), 2 survivors (2048K)
 Metaspace       used 9995K, capacity 10157K, committed 10496K, reserved 1058816K
  class space    used 919K, capacity 986K, committed 1024K, reserved 1048576K
}
Event: 1.107 GC heap before
{Heap before GC invocations=1 (full 0):
 garbage-first heap   total 131072K, used 63869K [0x0000000780000000, 0x0000000800000000)
  region size 1024K, 62 young (63488K), 2 survivors (2048K)
 Metaspace       used 20679K, capacity 20915K, committed 21248K, reserved 1069056K
  class space    used 2165K, capacity 2273K, committed 2304K, reserved 1048576K
}
Event: 1.113 GC heap after
{Heap after GC invocations=2 (full 0):
 garbage-first heap   total 131072K, used 6632K [0x0000000780000000, 0x0000000800000000)
  region size 1024K, 5 young (5120K), 5 survivors (5120K)
 Metaspace       used 20679K, capacity 20915K, committed 21248K, reserved 1069056K
  class space    used 2165K, capacity 2273K, committed 2304K, reserved 1048576K
}
Event: 2.599 GC heap before
{Heap before GC invocations=3 (full 0):
 garbage-first heap   total 131072K, used 70120K [0x0000000780000000, 0x0000000800000000)
  region size 1024K, 66 young (67584K), 5 survivors (5120K)
 Metaspace       used 34831K, capacity 35288K, committed 35840K, reserved 1081344K
  class space    used 4205K, capacity 4348K, committed 4352K, reserved 1048576K
}
Event: 2.613 GC heap after
{Heap after GC invocations=4 (full 0):
 garbage-first heap   total 131072K, used 12106K [0x0000000780000000, 0x0000000800000000)
  region size 1024K, 8 young (8192K), 8 survivors (8192K)
 Metaspace       used 34831K, capacity 35288K, committed 35840K, reserved 1081344K
  class space    used 4205K, capacity 4348K, committed 4352K, reserved 1048576K
}

Deoptimization events (20 events):
Event: 5.531 Thread 0x00007fcced021000 DEOPT PACKING pc=0x000000011a767675 sp=0x0000700004951350
Event: 5.531 Thread 0x00007fcced021000 DEOPT UNPACKING pc=0x0000000119c1464a sp=0x00007000049507c0 mode 0
Event: 5.532 Thread 0x00007fcced021000 DEOPT PACKING pc=0x000000011a767675 sp=0x0000700004951350
Event: 5.532 Thread 0x00007fcced021000 DEOPT UNPACKING pc=0x0000000119c1464a sp=0x00007000049507c0 mode 0
Event: 5.532 Thread 0x00007fcced021000 DEOPT PACKING pc=0x000000011a767675 sp=0x0000700004951350
Event: 5.532 Thread 0x00007fcced021000 DEOPT UNPACKING pc=0x0000000119c1464a sp=0x00007000049507c0 mode 0
Event: 6.428 Thread 0x00007fcced021000 DEOPT PACKING pc=0x000000011a767675 sp=0x0000700004951350
Event: 6.428 Thread 0x00007fcced021000 DEOPT UNPACKING pc=0x0000000119c1464a sp=0x00007000049507c0 mode 0
Event: 6.428 Thread 0x00007fcced021000 DEOPT PACKING pc=0x000000011a767675 sp=0x0000700004951350
Event: 6.428 Thread 0x00007fcced021000 DEOPT UNPACKING pc=0x0000000119c1464a sp=0x00007000049507c0 mode 0
Event: 6.433 Thread 0x00007fcced021000 DEOPT PACKING pc=0x000000011a767675 sp=0x0000700004951350
Event: 6.433 Thread 0x00007fcced021000 DEOPT UNPACKING pc=0x0000000119c1464a sp=0x00007000049507c0 mode 0
Event: 6.433 Thread 0x00007fcced021000 DEOPT PACKING pc=0x000000011a7676b7 sp=0x0000700004951350
Event: 6.433 Thread 0x00007fcced021000 DEOPT UNPACKING pc=0x0000000119c1464a sp=0x00007000049507d0 mode 0
Event: 6.434 Thread 0x00007fcced021000 DEOPT PACKING pc=0x000000011a767675 sp=0x0000700004951350
Event: 6.434 Thread 0x00007fcced021000 DEOPT UNPACKING pc=0x0000000119c1464a sp=0x00007000049507c0 mode 0
Event: 6.434 Thread 0x00007fcced021000 DEOPT PACKING pc=0x000000011a767675 sp=0x0000700004951350
Event: 6.434 Thread 0x00007fcced021000 DEOPT UNPACKING pc=0x0000000119c1464a sp=0x00007000049507c0 mode 0
Event: 6.434 Thread 0x00007fcced021000 DEOPT PACKING pc=0x000000011a767675 sp=0x0000700004951350
Event: 6.434 Thread 0x00007fcced021000 DEOPT UNPACKING pc=0x0000000119c1464a sp=0x00007000049507c0 mode 0

Classes redefined (0 events):
No events

Internal exceptions (20 events):
Event: 3.648 Thread 0x00007fccee43a000 Exception <a 'java/lang/NoSuchMethodError'{0x0000000786ceaea8}: 'java.lang.Object java.lang.invoke.DirectMethodHandle$Holder.invokeStatic(java.lang.Object, java.lang.Object, java.lang.Object, java.lang.Object, java.lang.Object, java.lang.Object, java.lang.Object, java.lang.Object, int, int, java.lang.Object)'> (0x0000000786ceaea8) thrown at [./src/hotspot/share/interpreter/linkResolver.cpp, line 773]
Event: 3.745 Thread 0x00007fcced021000 Exception <a 'java/lang/NoSuchMethodError'{0x0000000786829c48}: 'java.lang.Object java.lang.invoke.DirectMethodHandle$Holder.invokeStatic(java.lang.Object, java.lang.Object, java.lang.Object, java.lang.Object, java.lang.Object, java.lang.Object, java.lang.Object, java.lang.Object, java.lang.Object, java.lang.Object, java.lang.Object, int)'> (0x0000000786829c48) thrown at [./src/hotspot/share/interpreter/linkResolver.cpp, line 773]
Event: 3.748 Thread 0x00007fcced021000 Exception <a 'java/lang/NoSuchMethodError'{0x0000000786847b48}: 'java.lang.Object java.lang.invoke.DirectMethodHandle$Holder.invokeStatic(java.lang.Object, java.lang.Object, java.lang.Object, java.lang.Object, java.lang.Object, java.lang.Object, java.lang.Object, java.lang.Object, java.lang.Object, java.lang.Object, java.lang.Object, int, int)'> (0x0000000786847b48) thrown at [./src/hotspot/share/interpreter/linkResolver.cpp, line 773]
Event: 3.751 Thread 0x00007fcced021000 Exception <a 'java/lang/NoSuchMethodError'{0x00000007868668d8}: 'java.lang.Object java.lang.invoke.DirectMethodHandle$Holder.invokeStatic(java.lang.Object, java.lang.Object, java.lang.Object, java.lang.Object, java.lang.Object, java.lang.Object, java.lang.Object, java.lang.Object, java.lang.Object, java.lang.Object, java.lang.Object, int, int, java.lang.Object)'> (0x00000007868668d8) thrown at [./src/hotspot/share/interpreter/linkResolver.cpp, line 773]
Event: 3.753 Thread 0x00007fcced021000 Exception <a 'java/lang/NoSuchMethodError'{0x0000000786886f98}: 'java.lang.Object java.lang.invoke.DirectMethodHandle$Holder.invokeStatic(java.lang.Object, java.lang.Object, java.lang.Object, java.lang.Object, java.lang.Object, java.lang.Object, java.lang.Object, java.lang.Object, java.lang.Object, java.lang.Object, java.lang.Object, int, int, java.lang.Object, java.lang.Object)'> (0x0000000786886f98) thrown at [./src/hotspot/share/interpreter/linkResolver.cpp, line 773]
Event: 3.877 Thread 0x00007fccee43a000 Exception <a 'java/lang/NoSuchMethodError'{0x0000000786a995a8}: 'int java.lang.invoke.DirectMethodHandle$Holder.invokeStaticInit(java.lang.Object, java.lang.Object, java.lang.Object)'> (0x0000000786a995a8) thrown at [./src/hotspot/share/interpreter/linkResolver.cpp, line 773]
Event: 3.878 Thread 0x00007fccee43a000 Exception <a 'java/lang/NoSuchMethodError'{0x0000000786aa4758}: 'void java.lang.invoke.DirectMethodHandle$Holder.invokeSpecial(java.lang.Object, java.lang.Object)'> (0x0000000786aa4758) thrown at [./src/hotspot/share/interpreter/linkResolver.cpp, line 773]
Event: 4.025 Thread 0x00007fccee423000 Exception <a 'java/lang/NoSuchMethodError'{0x000000078640e360}: 'void java.lang.invoke.DirectMethodHandle$Holder.invokeStaticInit(java.lang.Object)'> (0x000000078640e360) thrown at [./src/hotspot/share/interpreter/linkResolver.cpp, line 773]
Event: 4.160 Thread 0x00007fccee423000 Exception <a 'java/lang/NoSuchMethodError'{0x0000000785e2ec48}: 'java.lang.Object java.lang.invoke.DirectMethodHandle$Holder.invokeStaticInit(java.lang.Object, java.lang.Object, java.lang.Object, java.lang.Object)'> (0x0000000785e2ec48) thrown at [./src/hotspot/share/interpreter/linkResolver.cpp, line 773]
Event: 4.161 Thread 0x00007fccee423000 Exception <a 'java/lang/NullPointerException'{0x0000000785e3c588}> (0x0000000785e3c588) thrown at [./src/hotspot/share/interpreter/linkResolver.cpp, line 1358]
Event: 4.161 Thread 0x00007fccee423000 Exception <a 'java/lang/NullPointerException'{0x0000000785e3c588}> (0x0000000785e3c588) thrown at [./src/hotspot/share/prims/jvm.cpp, line 1310]
Event: 4.166 Thread 0x00007fccee423000 Exception <a 'java/lang/NoSuchMethodError'{0x0000000785e61510}: 'void java.lang.invoke.DirectMethodHandle$Holder.invokeSpecial(java.lang.Object, java.lang.Object, java.lang.Object, java.lang.Object, java.lang.Object)'> (0x0000000785e61510) thrown at [./src/hotspot/share/interpreter/linkResolver.cpp, line 773]
Event: 4.188 Thread 0x00007fccee423000 Exception <a 'java/lang/NoSuchMethodError'{0x0000000785df9df8}: 'java.lang.Object java.lang.invoke.DirectMethodHandle$Holder.invokeSpecial(java.lang.Object, java.lang.Object, java.lang.Object, int, java.lang.Object)'> (0x0000000785df9df8) thrown at [./src/hotspot/share/interpreter/linkResolver.cpp, line 773]
Event: 4.189 Thread 0x00007fccee423000 Exception <a 'java/lang/NoSuchMethodError'{0x0000000785c04280}: 'java.lang.Object java.lang.invoke.Invokers$Holder.linkToTargetMethod(java.lang.Object, int, java.lang.Object, java.lang.Object)'> (0x0000000785c04280) thrown at [./src/hotspot/share/interpreter/linkResolver.cpp, line 773]
Event: 4.324 Thread 0x00007fccee423000 Exception <a 'java/lang/NoSuchMethodError'{0x00000007857de4c8}: 'void java.lang.invoke.DirectMethodHandle$Holder.invokeStaticInit(java.lang.Object, java.lang.Object)'> (0x00000007857de4c8) thrown at [./src/hotspot/share/interpreter/linkResolver.cpp, line 773]
Event: 4.705 Thread 0x00007fccee423000 Exception <a 'java/lang/NoSuchMethodError'{0x0000000785063860}: 'java.lang.Object java.lang.invoke.Invokers$Holder.linkToTargetMethod(java.lang.Object, int, java.lang.Object)'> (0x0000000785063860) thrown at [./src/hotspot/share/interpreter/linkResolver.cpp, line 773]
Event: 4.719 Thread 0x00007fccee423000 Exception <a 'java/lang/IncompatibleClassChangeError'{0x0000000784f29cc0}: Found class java.lang.Object, but interface was expected> (0x0000000784f29cc0) thrown at [./src/hotspot/share/interpreter/linkResolver.cpp, line 839]
Event: 4.843 Thread 0x00007fcced021000 Exception <a 'java/lang/NoSuchMethodError'{0x0000000784da9a28}: 'int java.lang.invoke.DirectMethodHandle$Holder.invokeStaticInit(java.lang.Object, java.lang.Object)'> (0x0000000784da9a28) thrown at [./src/hotspot/share/interpreter/linkResolver.cpp, line 773]
Event: 4.894 Thread 0x00007fccee423000 Exception <a 'java/lang/NoSuchMethodError'{0x0000000784d4f4b0}: 'java.lang.Object java.lang.invoke.DirectMethodHandle$Holder.invokeStatic(java.lang.Object, java.lang.Object, long, int, int, int)'> (0x0000000784d4f4b0) thrown at [./src/hotspot/share/interpreter/linkResolver.cpp, line 773]
Event: 4.897 Thread 0x00007fccee423000 Exception <a 'java/lang/NoSuchMethodError'{0x0000000784d63288}: 'java.lang.Object java.lang.invoke.DirectMethodHandle$Holder.invokeStatic(java.lang.Object, java.lang.Object, int, java.lang.Object, long, int, int, int, int)'> (0x0000000784d63288) thrown at [./src/hotspot/share/interpreter/linkResolver.cpp, line 773]

Events (20 events):
Event: 4.914 loading class java/nio/ShortBuffer
Event: 4.914 loading class java/nio/ShortBuffer done
Event: 4.915 loading class java/nio/DirectShortBufferU done
Event: 4.943 loading class java/nio/FloatBuffer
Event: 4.944 loading class java/nio/FloatBuffer done
Event: 4.944 loading class java/nio/DoubleBuffer
Event: 4.944 loading class java/nio/DoubleBuffer done
Event: 4.944 loading class java/nio/DirectFloatBufferU
Event: 4.944 loading class java/nio/DirectFloatBufferU done
Event: 4.973 Executing VM operation: RevokeBias
Event: 4.973 Executing VM operation: RevokeBias done
Event: 5.032 Executing VM operation: RevokeBias
Event: 5.032 Executing VM operation: RevokeBias done
Event: 5.120 Protecting memory [0x0000700004c65000,0x0000700004c69000] with protection modes 3
Event: 5.120 Thread 0x00007fccf2a36800 Thread exited: 0x00007fccf2a36800
Event: 5.161 Loaded shared library /Library/Java/JavaVirtualMachines/temurin-11.jdk/Contents/Home/lib/server/libjvm.dylib
Event: 5.507 loading class javafx/util/Pair
Event: 5.507 loading class javafx/util/Pair done
Event: 5.507 loading class javafx/util/Pair
Event: 5.507 loading class javafx/util/Pair done


Dynamic libraries:
0x000000010e146000 	/Library/Java/JavaVirtualMachines/temurin-11.jdk/Contents/Home/lib/jli/libjli.dylib
0x00007ff81bf7c000 	/System/Library/Frameworks/Cocoa.framework/Versions/A/Cocoa
0x00007ff807e01000 	/System/Library/Frameworks/AppKit.framework/Versions/C/AppKit
0x00007ff80b2f7000 	/System/Library/Frameworks/CoreData.framework/Versions/A/CoreData
0x00007ff806218000 	/System/Library/Frameworks/Foundation.framework/Versions/C/Foundation
0x00007ff8100b7000 	/usr/lib/libSystem.B.dylib
0x00007ff808c90000 	/System/Library/PrivateFrameworks/UIFoundation.framework/Versions/A/UIFoundation
0x00007ff815f2d000 	/System/Library/PrivateFrameworks/RemoteViewServices.framework/Versions/A/RemoteViewServices
0x00007ff80e31d000 	/System/Library/PrivateFrameworks/XCTTargetBootstrap.framework/Versions/A/XCTTargetBootstrap
0x00007ff811ec7000 	/System/Library/PrivateFrameworks/InternationalSupport.framework/Versions/A/InternationalSupport
0x00007ff811f51000 	/System/Library/PrivateFrameworks/UserActivity.framework/Versions/A/UserActivity
0x00007ff8112a7000 	/usr/lib/libspindump.dylib
0x00007ff808f1e000 	/System/Library/Frameworks/UniformTypeIdentifiers.framework/Versions/A/UniformTypeIdentifiers
0x00007ff80ca5a000 	/usr/lib/libapp_launch_measurement.dylib
0x00007ff80bcc3000 	/System/Library/PrivateFrameworks/CoreAnalytics.framework/Versions/A/CoreAnalytics
0x00007ff80ca5d000 	/System/Library/PrivateFrameworks/CoreAutoLayout.framework/Versions/A/CoreAutoLayout
0x00007ff80dc7d000 	/System/Library/Frameworks/Metal.framework/Versions/A/Metal
0x00007ff80e993000 	/usr/lib/liblangid.dylib
0x00007ff80e321000 	/System/Library/PrivateFrameworks/CoreSVG.framework/Versions/A/CoreSVG
0x00007ff80a2e5000 	/System/Library/PrivateFrameworks/SkyLight.framework/Versions/A/SkyLight
0x00007ff80a678000 	/System/Library/Frameworks/CoreGraphics.framework/Versions/A/CoreGraphics
0x00007ff81659c000 	/System/Library/Frameworks/Accelerate.framework/Versions/A/Accelerate
0x00007ff810d22000 	/System/Library/PrivateFrameworks/IconServices.framework/Versions/A/IconServices
0x00007ff80dc62000 	/System/Library/Frameworks/IOSurface.framework/Versions/A/IOSurface
0x00007ff80bcf1000 	/usr/lib/libDiagnosticMessagesClient.dylib
0x00007ff80ffd7000 	/usr/lib/libz.1.dylib
0x00007ff819c0b000 	/System/Library/Frameworks/ApplicationServices.framework/Versions/A/ApplicationServices
0x00007ff80e309000 	/System/Library/PrivateFrameworks/DFRFoundation.framework/Versions/A/DFRFoundation
0x00007ff8076f2000 	/usr/lib/libicucore.A.dylib
0x00007ff812bec000 	/System/Library/Frameworks/AudioToolbox.framework/Versions/A/AudioToolbox
0x00007ff811ed3000 	/System/Library/PrivateFrameworks/DataDetectorsCore.framework/Versions/A/DataDetectorsCore
0x00007ff90d832000 	/System/Library/PrivateFrameworks/TextInput.framework/Versions/A/TextInput
0x00007ff80a269000 	/usr/lib/libMobileGestalt.dylib
0x00007ff80e011000 	/System/Library/Frameworks/Carbon.framework/Versions/A/Frameworks/HIToolbox.framework/Versions/A/HIToolbox
0x00007ff80c487000 	/System/Library/Frameworks/QuartzCore.framework/Versions/A/QuartzCore
0x00007ff807392000 	/System/Library/Frameworks/Security.framework/Versions/A/Security
0x00007ff815f65000 	/System/Library/Frameworks/Carbon.framework/Versions/A/Frameworks/SpeechRecognition.framework/Versions/A/SpeechRecognition
0x00007ff80c7ba000 	/System/Library/PrivateFrameworks/CoreUI.framework/Versions/A/CoreUI
0x00007ff806c6a000 	/System/Library/Frameworks/CoreAudio.framework/Versions/A/CoreAudio
0x00007ff80bddf000 	/System/Library/Frameworks/DiskArbitration.framework/Versions/A/DiskArbitration
0x00007ff81168e000 	/System/Library/PrivateFrameworks/MultitouchSupport.framework/Versions/A/MultitouchSupport
0x00007ff80a268000 	/usr/lib/libenergytrace.dylib
0x00007ff807ced000 	/System/Library/Frameworks/IOKit.framework/Versions/A/IOKit
0x00007ff816351000 	/System/Library/Frameworks/CoreServices.framework/Versions/A/CoreServices
0x00007ff80c9f4000 	/System/Library/PrivateFrameworks/PerformanceAnalysis.framework/Versions/A/PerformanceAnalysis
0x00007ffa1cffd000 	/System/Library/Frameworks/OpenGL.framework/Versions/A/OpenGL
0x00007ff80f608000 	/System/Library/PrivateFrameworks/MobileKeyBag.framework/Versions/A/MobileKeyBag
0x00007ff8051d9000 	/usr/lib/libobjc.A.dylib
0x00007ff80ad44000 	/System/Library/Frameworks/ColorSync.framework/Versions/A/ColorSync
0x00007ff805392000 	/System/Library/Frameworks/CoreFoundation.framework/Versions/A/CoreFoundation
0x00007ff80e59a000 	/System/Library/Frameworks/CoreImage.framework/Versions/A/CoreImage
0x00007ff806a80000 	/System/Library/Frameworks/CoreText.framework/Versions/A/CoreText
0x00007ff80e350000 	/System/Library/Frameworks/ImageIO.framework/Versions/A/ImageIO
0x00007ff8100bd000 	/System/Library/PrivateFrameworks/SoftLinking.framework/Versions/A/SoftLinking
0x00007ff80caa5000 	/usr/lib/libxml2.2.dylib
0x00007ff80529f000 	/usr/lib/libc++.1.dylib
0x00007ff810341000 	/usr/lib/libcompression.dylib
0x00007ff811dfd000 	/System/Library/PrivateFrameworks/TextureIO.framework/Versions/A/TextureIO
0x00007ff810a34000 	/usr/lib/libate.dylib
0x00007ff8100b2000 	/usr/lib/system/libcache.dylib
0x00007ff81006e000 	/usr/lib/system/libcommonCrypto.dylib
0x00007ff810097000 	/usr/lib/system/libcompiler_rt.dylib
0x00007ff81008d000 	/usr/lib/system/libcopyfile.dylib
0x00007ff8050d3000 	/usr/lib/system/libcorecrypto.dylib
0x00007ff805192000 	/usr/lib/system/libdispatch.dylib
0x00007ff805351000 	/usr/lib/system/libdyld.dylib
0x00007ff8100a9000 	/usr/lib/system/libkeymgr.dylib
0x00007ff81004c000 	/usr/lib/system/libmacho.dylib
0x00007ff80f6dc000 	/usr/lib/system/libquarantine.dylib
0x00007ff8100a7000 	/usr/lib/system/libremovefile.dylib
0x00007ff80a2b5000 	/usr/lib/system/libsystem_asl.dylib
0x00007ff805081000 	/usr/lib/system/libsystem_blocks.dylib
0x00007ff805216000 	/usr/lib/system/libsystem_c.dylib
0x00007ff81009f000 	/usr/lib/system/libsystem_collections.dylib
0x00007ff80e984000 	/usr/lib/system/libsystem_configuration.dylib
0x00007ff80dc45000 	/usr/lib/system/libsystem_containermanager.dylib
0x00007ff80fd89000 	/usr/lib/system/libsystem_coreservices.dylib
0x00007ff80797b000 	/usr/lib/system/libsystem_darwin.dylib
0x00007ff8100aa000 	/usr/lib/system/libsystem_dnssd.dylib
0x00007ff805213000 	/usr/lib/system/libsystem_featureflags.dylib
0x00007ff805367000 	/usr/lib/system/libsystem_info.dylib
0x00007ff80ffea000 	/usr/lib/system/libsystem_m.dylib
0x00007ff805166000 	/usr/lib/system/libsystem_malloc.dylib
0x00007ff80a252000 	/usr/lib/system/libsystem_networkextension.dylib
0x00007ff807da3000 	/usr/lib/system/libsystem_notify.dylib
0x00007ff816226000 	/usr/lib/system/libsystem_product_info_filter.dylib
0x00007ff80e988000 	/usr/lib/system/libsystem_sandbox.dylib
0x00007ff8100a4000 	/usr/lib/system/libsystem_secinit.dylib
0x00007ff80530e000 	/usr/lib/system/libsystem_kernel.dylib
0x00007ff80535d000 	/usr/lib/system/libsystem_platform.dylib
0x00007ff805345000 	/usr/lib/system/libsystem_pthread.dylib
0x00007ff80bb0a000 	/usr/lib/system/libsystem_symptoms.dylib
0x00007ff8050ba000 	/usr/lib/system/libsystem_trace.dylib
0x00007ff81007a000 	/usr/lib/system/libunwind.dylib
0x00007ff805083000 	/usr/lib/system/libxpc.dylib
0x00007ff8052f8000 	/usr/lib/libc++abi.dylib
0x00007ff810085000 	/usr/lib/liboah.dylib
0x00007ff810812000 	/usr/lib/liblzma.5.dylib
0x00007ff805f29000 	/System/Library/Frameworks/SystemConfiguration.framework/Versions/A/SystemConfiguration
0x00007ff8100b9000 	/usr/lib/libfakelink.dylib
0x00007ff809dbb000 	/System/Library/Frameworks/CFNetwork.framework/Versions/A/CFNetwork
0x00007ff8101f8000 	/usr/lib/libarchive.2.dylib
0x00007ff80e98f000 	/System/Library/PrivateFrameworks/AppleSystemInfo.framework/Versions/A/AppleSystemInfo
0x00007ff80f703000 	/usr/lib/libbsm.0.dylib
0x00007ff8093f1000 	/usr/lib/libnetwork.dylib
0x00007ff810052000 	/usr/lib/system/libkxld.dylib
0x00007ff80f331000 	/System/Library/PrivateFrameworks/IOMobileFramebuffer.framework/Versions/A/IOMobileFramebuffer
0x00007ffb1adab000 	/usr/lib/libCoreEntitlements.dylib
0x00007ff80fd6b000 	/System/Library/PrivateFrameworks/AppleFSCompression.framework/Versions/A/AppleFSCompression
0x00007ff80f6eb000 	/usr/lib/libcoretls.dylib
0x00007ff81082c000 	/usr/lib/libcoretls_cfhelpers.dylib
0x00007ff81033c000 	/usr/lib/libpam.2.dylib
0x00007ff80b72c000 	/usr/lib/libsqlite3.dylib
0x00007ff81089b000 	/usr/lib/libxar.1.dylib
0x00007ff80fd7b000 	/usr/lib/libbz2.1.0.dylib
0x00007ff8100be000 	/usr/lib/libpcap.A.dylib
0x00007ff80bb01000 	/usr/lib/libdns_services.dylib
0x00007ff81030b000 	/usr/lib/libapple_nghttp2.dylib
0x00007ff8100f5000 	/usr/lib/libiconv.2.dylib
0x00007ff81004b000 	/usr/lib/libcharset.1.dylib
0x00007ff80ca28000 	/System/Library/Frameworks/CoreServices.framework/Versions/A/Frameworks/FSEvents.framework/Versions/A/FSEvents
0x00007ff807985000 	/System/Library/Frameworks/CoreServices.framework/Versions/A/Frameworks/CarbonCore.framework/Versions/A/CarbonCore
0x00007ff80bd44000 	/System/Library/Frameworks/CoreServices.framework/Versions/A/Frameworks/Metadata.framework/Versions/A/Metadata
0x00007ff80fd8e000 	/System/Library/Frameworks/CoreServices.framework/Versions/A/Frameworks/OSServices.framework/Versions/A/OSServices
0x00007ff81027f000 	/System/Library/Frameworks/CoreServices.framework/Versions/A/Frameworks/SearchKit.framework/Versions/A/SearchKit
0x00007ff80ba93000 	/System/Library/Frameworks/CoreServices.framework/Versions/A/Frameworks/AE.framework/Versions/A/AE
0x00007ff805895000 	/System/Library/Frameworks/CoreServices.framework/Versions/A/Frameworks/LaunchServices.framework/Versions/A/LaunchServices
0x00007ff8107c3000 	/System/Library/Frameworks/CoreServices.framework/Versions/A/Frameworks/DictionaryServices.framework/Versions/A/DictionaryServices
0x00007ff80ca35000 	/System/Library/Frameworks/CoreServices.framework/Versions/A/Frameworks/SharedFileList.framework/Versions/A/SharedFileList
0x00007ff80f6df000 	/usr/lib/libCheckFix.dylib
0x00007ff80a2cc000 	/System/Library/PrivateFrameworks/TCC.framework/Versions/A/TCC
0x00007ff80e995000 	/System/Library/PrivateFrameworks/CoreNLP.framework/Versions/A/CoreNLP
0x00007ff80bcf4000 	/System/Library/PrivateFrameworks/MetadataUtilities.framework/Versions/A/MetadataUtilities
0x00007ff805fd9000 	/usr/lib/libmecabra.dylib
0x00007ff80f713000 	/usr/lib/libmecab.dylib
0x00007ff805fa4000 	/usr/lib/libCRFSuite.dylib
0x00007ff80f770000 	/usr/lib/libgermantok.dylib
0x00007ff8102e6000 	/usr/lib/libThaiTokenizer.dylib
0x00007ff80bde6000 	/System/Library/Frameworks/Accelerate.framework/Versions/A/Frameworks/vImage.framework/Versions/A/vImage
0x00007ff816328000 	/System/Library/Frameworks/Accelerate.framework/Versions/A/Frameworks/vecLib.framework/Versions/A/vecLib
0x00007ff8108dc000 	/System/Library/Frameworks/Accelerate.framework/Versions/A/Frameworks/vecLib.framework/Versions/A/libvMisc.dylib
0x00007ff80f14f000 	/System/Library/Frameworks/Accelerate.framework/Versions/A/Frameworks/vecLib.framework/Versions/A/libvDSP.dylib
0x00007ff805c0d000 	/System/Library/Frameworks/Accelerate.framework/Versions/A/Frameworks/vecLib.framework/Versions/A/libBLAS.dylib
0x00007ff81041d000 	/System/Library/Frameworks/Accelerate.framework/Versions/A/Frameworks/vecLib.framework/Versions/A/libLAPACK.dylib
0x00007ff80f773000 	/System/Library/Frameworks/Accelerate.framework/Versions/A/Frameworks/vecLib.framework/Versions/A/libLinearAlgebra.dylib
0x00007ff810324000 	/System/Library/Frameworks/Accelerate.framework/Versions/A/Frameworks/vecLib.framework/Versions/A/libSparseBLAS.dylib
0x00007ff810417000 	/System/Library/Frameworks/Accelerate.framework/Versions/A/Frameworks/vecLib.framework/Versions/A/libQuadrature.dylib
0x00007ff80ea7f000 	/System/Library/Frameworks/Accelerate.framework/Versions/A/Frameworks/vecLib.framework/Versions/A/libBNNS.dylib
0x00007ff805eba000 	/System/Library/Frameworks/Accelerate.framework/Versions/A/Frameworks/vecLib.framework/Versions/A/libSparse.dylib
0x00007ff80ea78000 	/System/Library/PrivateFrameworks/LinguisticData.framework/Versions/A/LinguisticData
0x00007ff805e6f000 	/System/Library/PrivateFrameworks/Lexicon.framework/Versions/A/Lexicon
0x00007ff8108d5000 	/usr/lib/libChineseTokenizer.dylib
0x00007ff8065d3000 	/System/Library/PrivateFrameworks/LanguageModeling.framework/Versions/A/LanguageModeling
0x00007ff8102e8000 	/System/Library/PrivateFrameworks/AppleSauce.framework/Versions/A/AppleSauce
0x00007ff80f31f000 	/System/Library/PrivateFrameworks/CoreEmoji.framework/Versions/A/CoreEmoji
0x00007ff8101e7000 	/usr/lib/libcmph.dylib
0x00007ff80ca0c000 	/System/Library/Frameworks/OpenDirectory.framework/Versions/A/Frameworks/CFOpenDirectory.framework/Versions/A/CFOpenDirectory
0x00007ff80ca00000 	/System/Library/Frameworks/OpenDirectory.framework/Versions/A/OpenDirectory
0x00007ff81082e000 	/System/Library/PrivateFrameworks/APFS.framework/Versions/A/APFS
0x00007ff80f640000 	/System/Library/Frameworks/SecurityFoundation.framework/Versions/A/SecurityFoundation
0x00007ff8108a9000 	/usr/lib/libutil.dylib
0x00007ff807cb0000 	/System/Library/PrivateFrameworks/CoreServicesStore.framework/Versions/A/CoreServicesStore
0x00007ff8108ad000 	/usr/lib/libxslt.1.dylib
0x00007ff80f6cd000 	/System/Library/PrivateFrameworks/BackgroundTaskManagement.framework/Versions/A/BackgroundTaskManagement
0x00007ff811d1d000 	/System/Library/Frameworks/ImageIO.framework/Versions/A/Resources/libRadiance.dylib
0x00007ff811d26000 	/System/Library/Frameworks/ImageIO.framework/Versions/A/Resources/libJPEG.dylib
0x00007ff811c76000 	/System/Library/Frameworks/ImageIO.framework/Versions/A/Resources/libPng.dylib
0x00007ff811c97000 	/System/Library/Frameworks/ImageIO.framework/Versions/A/Resources/libTIFF.dylib
0x00007ff811d86000 	/System/Library/Frameworks/ImageIO.framework/Versions/A/Resources/libGIF.dylib
0x00007ff8115a7000 	/System/Library/Frameworks/ImageIO.framework/Versions/A/Resources/libJP2.dylib
0x00007ff810ce9000 	/usr/lib/libexpat.1.dylib
0x00007ff81155c000 	/System/Library/PrivateFrameworks/AppleJPEG.framework/Versions/A/AppleJPEG
0x00007ff80ded8000 	/System/Library/PrivateFrameworks/FontServices.framework/libFontParser.dylib
0x00007ff80ba3d000 	/System/Library/PrivateFrameworks/RunningBoardServices.framework/Versions/A/RunningBoardServices
0x00007ff81c4f6000 	/System/Library/PrivateFrameworks/IOSurfaceAccelerator.framework/Versions/A/IOSurfaceAccelerator
0x00007ff81168a000 	/System/Library/PrivateFrameworks/WatchdogClient.framework/Versions/A/WatchdogClient
0x00007ff8066c2000 	/System/Library/Frameworks/CoreDisplay.framework/Versions/A/CoreDisplay
0x00007ff80ddd7000 	/System/Library/Frameworks/CoreMedia.framework/Versions/A/CoreMedia
0x00007ff80dc74000 	/System/Library/PrivateFrameworks/IOAccelerator.framework/Versions/A/IOAccelerator
0x00007ff80cb88000 	/System/Library/Frameworks/CoreVideo.framework/Versions/A/CoreVideo
0x00007ff81033a000 	/System/Library/Frameworks/MetalPerformanceShaders.framework/Versions/A/MetalPerformanceShaders
0x00007ff8116c5000 	/System/Library/Frameworks/VideoToolbox.framework/Versions/A/VideoToolbox
0x00007ff80b985000 	/System/Library/PrivateFrameworks/BaseBoard.framework/Versions/A/BaseBoard
0x00007ff80b712000 	/System/Library/PrivateFrameworks/ProtocolBuffer.framework/Versions/A/ProtocolBuffer
0x00007ff811d16000 	/System/Library/PrivateFrameworks/GPUWrangler.framework/Versions/A/GPUWrangler
0x00007ff811cf9000 	/System/Library/PrivateFrameworks/IOPresentment.framework/Versions/A/IOPresentment
0x00007ff811d20000 	/System/Library/PrivateFrameworks/DSExternalDisplay.framework/Versions/A/DSExternalDisplay
0x00007ffa1cff1000 	/System/Library/Frameworks/OpenGL.framework/Versions/A/Libraries/libCoreFSCache.dylib
0x00007ffb09095000 	/System/Library/PrivateFrameworks/GPUCompiler.framework/Versions/31001/Libraries/libGPUCompilerUtils.dylib
0x00007ff811d8b000 	/System/Library/PrivateFrameworks/CMCaptureCore.framework/Versions/A/CMCaptureCore
0x00007ff811295000 	/System/Library/PrivateFrameworks/AppServerSupport.framework/Versions/A/AppServerSupport
0x00007ff813472000 	/System/Library/PrivateFrameworks/perfdata.framework/Versions/A/perfdata
0x00007ff8067ee000 	/System/Library/PrivateFrameworks/AudioToolboxCore.framework/Versions/A/AudioToolboxCore
0x00007ff80ddb4000 	/System/Library/PrivateFrameworks/caulk.framework/Versions/A/caulk
0x00007ff812d96000 	/usr/lib/libAudioStatistics.dylib
0x00007ff90a0c3000 	/System/Library/PrivateFrameworks/SystemPolicy.framework/Versions/A/SystemPolicy
0x00007ff812feb000 	/usr/lib/libSMC.dylib
0x00007ff81be2f000 	/System/Library/Frameworks/CoreMIDI.framework/Versions/A/CoreMIDI
0x00007ff811c46000 	/usr/lib/libAudioToolboxUtility.dylib
0x00007ff9064d5000 	/System/Library/PrivateFrameworks/OSAServicesClient.framework/Versions/A/OSAServicesClient
0x00007ff81347f000 	/usr/lib/libperfcheck.dylib
0x00007ff90ab55000 	/usr/lib/libmis.dylib
0x00007ffa1d04d000 	/System/Library/Frameworks/OpenGL.framework/Versions/A/Libraries/libGLU.dylib
0x00007ffa1d010000 	/System/Library/Frameworks/OpenGL.framework/Versions/A/Libraries/libGFXShared.dylib
0x00007ffa1d21e000 	/System/Library/Frameworks/OpenGL.framework/Versions/A/Libraries/libGL.dylib
0x00007ffa1d019000 	/System/Library/Frameworks/OpenGL.framework/Versions/A/Libraries/libGLImage.dylib
0x00007ffa1d00d000 	/System/Library/Frameworks/OpenGL.framework/Versions/A/Libraries/libCVMSPluginSupport.dylib
0x00007ffa1cff8000 	/System/Library/Frameworks/OpenGL.framework/Versions/A/Libraries/libCoreVMClient.dylib
0x00007ff80e913000 	/System/Library/Frameworks/MetalPerformanceShaders.framework/Versions/A/Frameworks/MPSCore.framework/Versions/A/MPSCore
0x00007ff80fcd6000 	/System/Library/Frameworks/MetalPerformanceShaders.framework/Versions/A/Frameworks/MPSImage.framework/Versions/A/MPSImage
0x00007ff80f789000 	/System/Library/Frameworks/MetalPerformanceShaders.framework/Versions/A/Frameworks/MPSNeuralNetwork.framework/Versions/A/MPSNeuralNetwork
0x00007ff80fbfe000 	/System/Library/Frameworks/MetalPerformanceShaders.framework/Versions/A/Frameworks/MPSMatrix.framework/Versions/A/MPSMatrix
0x00007ff80f9ba000 	/System/Library/Frameworks/MetalPerformanceShaders.framework/Versions/A/Frameworks/MPSRayIntersector.framework/Versions/A/MPSRayIntersector
0x00007ff80fc37000 	/System/Library/Frameworks/MetalPerformanceShaders.framework/Versions/A/Frameworks/MPSNDArray.framework/Versions/A/MPSNDArray
0x00007ffa21c0f000 	/System/Library/Frameworks/MetalPerformanceShaders.framework/Versions/A/Frameworks/MPSFunctions.framework/Versions/A/MPSFunctions
0x00007ff805af0000 	/System/Library/PrivateFrameworks/MetalTools.framework/Versions/A/MetalTools
0x00007ff80e98d000 	/System/Library/PrivateFrameworks/AggregateDictionary.framework/Versions/A/AggregateDictionary
0x00007ff810acb000 	/usr/lib/libIOReport.dylib
0x00007ffa1e62d000 	/System/Library/Frameworks/OpenCL.framework/Versions/A/OpenCL
0x00007ff810e2f000 	/System/Library/PrivateFrameworks/FaceCore.framework/Versions/A/FaceCore
0x00007ff810e20000 	/System/Library/PrivateFrameworks/GraphVisualizer.framework/Versions/A/GraphVisualizer
0x00007ffb08fa0000 	/System/Library/PrivateFrameworks/FontServices.framework/Versions/A/FontServices
0x00007ff81124c000 	/System/Library/PrivateFrameworks/OTSVG.framework/Versions/A/OTSVG
0x00007ff80c770000 	/System/Library/Frameworks/ApplicationServices.framework/Versions/A/Frameworks/ATS.framework/Versions/A/Resources/libFontRegistry.dylib
0x00007ff81129d000 	/System/Library/PrivateFrameworks/FontServices.framework/libhvf.dylib
0x00007ffb08fa1000 	/System/Library/PrivateFrameworks/FontServices.framework/libXTFontStaticRegistryData.dylib
0x00007ff810c99000 	/System/Library/PrivateFrameworks/AppleVA.framework/Versions/A/AppleVA
0x00007ff812dba000 	/System/Library/Frameworks/ApplicationServices.framework/Versions/A/Frameworks/ATS.framework/Versions/A/ATS
0x00007ff80ae40000 	/System/Library/Frameworks/ApplicationServices.framework/Versions/A/Frameworks/HIServices.framework/Versions/A/HIServices
0x00007ff811d95000 	/System/Library/Frameworks/ApplicationServices.framework/Versions/A/Frameworks/PrintCore.framework/Versions/A/PrintCore
0x00007ff81313e000 	/System/Library/Frameworks/ApplicationServices.framework/Versions/A/Frameworks/QD.framework/Versions/A/QD
0x00007ff813136000 	/System/Library/Frameworks/ApplicationServices.framework/Versions/A/Frameworks/ColorSyncLegacy.framework/Versions/A/ColorSyncLegacy
0x00007ff812daa000 	/System/Library/Frameworks/ApplicationServices.framework/Versions/A/Frameworks/SpeechSynthesis.framework/Versions/A/SpeechSynthesis
0x00007ff811d56000 	/System/Library/Frameworks/ApplicationServices.framework/Versions/A/Frameworks/ATSUI.framework/Versions/A/ATSUI
0x00007ff8130cb000 	/usr/lib/libcups.2.dylib
0x00007ff81348e000 	/System/Library/Frameworks/Kerberos.framework/Versions/A/Kerberos
0x00007ff81349d000 	/System/Library/Frameworks/GSS.framework/Versions/A/GSS
0x00007ff812e26000 	/usr/lib/libresolv.9.dylib
0x00007ff8112ac000 	/System/Library/PrivateFrameworks/Heimdal.framework/Versions/A/Heimdal
0x00007ff819f86000 	/System/Library/Frameworks/Kerberos.framework/Versions/A/Libraries/libHeimdalProxy.dylib
0x00007ff80bb12000 	/System/Library/Frameworks/Network.framework/Versions/A/Network
0x00007ff810d03000 	/usr/lib/libheimdal-asn1.dylib
0x00007ff8134e9000 	/System/Library/PrivateFrameworks/CommonAuth.framework/Versions/A/CommonAuth
0x00007ff812d27000 	/System/Library/PrivateFrameworks/AudioSession.framework/Versions/A/AudioSession
0x00007ff810d93000 	/System/Library/PrivateFrameworks/MediaExperience.framework/Versions/A/MediaExperience
0x00007ff812bbb000 	/System/Library/PrivateFrameworks/AudioSession.framework/libSessionUtility.dylib
0x00007ff81314a000 	/System/Library/PrivateFrameworks/AudioResourceArbitration.framework/Versions/A/AudioResourceArbitration
0x00007ff81713b000 	/System/Library/PrivateFrameworks/PowerLog.framework/Versions/A/PowerLog
0x00007ff810d0c000 	/System/Library/PrivateFrameworks/IconFoundation.framework/Versions/A/IconFoundation
0x00007ff815f55000 	/System/Library/PrivateFrameworks/SpeechRecognitionCore.framework/Versions/A/SpeechRecognitionCore
0x00007ffa0e4b8000 	/System/Library/CoreServices/Encodings/libLatin2Converter.dylib
0x000000010ef0c000 	/Library/Java/JavaVirtualMachines/temurin-11.jdk/Contents/Home/lib/server/libjvm.dylib
0x000000010e175000 	/Library/Java/JavaVirtualMachines/temurin-11.jdk/Contents/Home/lib/libverify.dylib
0x000000010e1b2000 	/Library/Java/JavaVirtualMachines/temurin-11.jdk/Contents/Home/lib/libjava.dylib
0x000000010e186000 	/Library/Java/JavaVirtualMachines/temurin-11.jdk/Contents/Home/lib/libjimage.dylib
0x000000010e19e000 	/Library/Java/JavaVirtualMachines/temurin-11.jdk/Contents/Home/lib/libzip.dylib
0x000000010ec58000 	/Library/Java/JavaVirtualMachines/temurin-11.jdk/Contents/Home/lib/libnio.dylib
0x000000010ec84000 	/Library/Java/JavaVirtualMachines/temurin-11.jdk/Contents/Home/lib/libnet.dylib
0x000000010ec4d000 	/Library/Java/JavaVirtualMachines/temurin-11.jdk/Contents/Home/lib/libextnet.dylib
0x000000010ec77000 	/Users/szabosandor/.openjfx/cache/17.0.0.1/libprism_es2.dylib
0x00007ff807c71000 	/System/Library/PrivateFrameworks/CoreServicesInternal.framework/Versions/A/CoreServicesInternal
0x00007ffa1d229000 	/System/Library/Frameworks/OpenGL.framework/Versions/A/Resources/GLEngine.bundle/GLEngine
0x00007ffa1d08b000 	/System/Library/Frameworks/OpenGL.framework/Versions/A/Libraries/libGLProgrammability.dylib
0x00007ffa1527f000 	/System/Library/Extensions/AppleIntelICLGraphicsGLDriver.bundle/Contents/MacOS/AppleIntelICLGraphicsGLDriver
0x00007ff914a1e000 	/System/Library/PrivateFrameworks/GPUSupport.framework/Versions/A/Libraries/libGPUSupportMercury.dylib
0x00007ffa1d3b8000 	/System/Library/Frameworks/OpenGL.framework/Versions/A/Resources/GLRendererFloat.bundle/GLRendererFloat
0x0000000131c29000 	/Users/szabosandor/.openjfx/cache/17.0.0.1/libglass.dylib
0x00007ff81772c000 	/System/Library/Frameworks/FileProvider.framework/Versions/A/FileProvider
0x00007ff80b8f1000 	/System/Library/Frameworks/Accounts.framework/Versions/A/Accounts
0x00007ff8178a3000 	/System/Library/PrivateFrameworks/GenerationalStorage.framework/Versions/A/GenerationalStorage
0x00007ff8183b5000 	/System/Library/PrivateFrameworks/CoreSymbolication.framework/Versions/A/CoreSymbolication
0x00007ff817130000 	/System/Library/PrivateFrameworks/SymptomDiagnosticReporter.framework/Versions/A/SymptomDiagnosticReporter
0x00007ff808f32000 	/System/Library/PrivateFrameworks/DesktopServicesPriv.framework/Versions/A/DesktopServicesPriv
0x00007ff807db2000 	/usr/lib/libsandbox.1.dylib
0x00007ff80cc07000 	/System/Library/PrivateFrameworks/UserManagement.framework/Versions/A/UserManagement
0x00007ff81837a000 	/System/Library/PrivateFrameworks/DebugSymbols.framework/Versions/A/DebugSymbols
0x00007ff81312b000 	/System/Library/PrivateFrameworks/NetAuth.framework/Versions/A/NetAuth
0x00007ff814019000 	/System/Library/PrivateFrameworks/Sharing.framework/Versions/A/Sharing
0x00007ff80cbda000 	/System/Library/PrivateFrameworks/login.framework/Versions/A/Frameworks/loginsupport.framework/Versions/A/loginsupport
0x00007ff8194ba000 	/System/Library/PrivateFrameworks/Apple80211.framework/Versions/A/Apple80211
0x00007ff80fdbb000 	/System/Library/PrivateFrameworks/AuthKit.framework/Versions/A/AuthKit
0x00007ff80f415000 	/System/Library/PrivateFrameworks/CoreUtils.framework/Versions/A/CoreUtils
0x00007ff80f33c000 	/System/Library/Frameworks/CoreWLAN.framework/Versions/A/CoreWLAN
0x00007ff814174000 	/System/Library/Frameworks/IOBluetooth.framework/Versions/A/IOBluetooth
0x00007ff819522000 	/System/Library/PrivateFrameworks/CoreWiFi.framework/Versions/A/CoreWiFi
0x00007ff817f4f000 	/System/Library/PrivateFrameworks/FrontBoardServices.framework/Versions/A/FrontBoardServices
0x00007ff817fe1000 	/System/Library/PrivateFrameworks/BoardServices.framework/Versions/A/BoardServices
0x00007ff80f62f000 	/System/Library/PrivateFrameworks/AssertionServices.framework/Versions/A/AssertionServices
0x00007ff8196a6000 	/System/Library/PrivateFrameworks/BackBoardServices.framework/Versions/A/BackBoardServices
0x00007ff813578000 	/System/Library/PrivateFrameworks/CorePhoneNumbers.framework/Versions/A/CorePhoneNumbers
0x00007ff81724d000 	/System/Library/PrivateFrameworks/DiskManagement.framework/Versions/A/DiskManagement
0x00007ff817161000 	/System/Library/PrivateFrameworks/AppleIDAuthSupport.framework/Versions/A/AppleIDAuthSupport
0x00007ffa23ba5000 	/System/Library/PrivateFrameworks/AAAFoundation.framework/Versions/A/AAAFoundation
0x00007ff813559000 	/System/Library/PrivateFrameworks/KeychainCircle.framework/Versions/A/KeychainCircle
0x00007ff817219000 	/System/Library/PrivateFrameworks/MediaKit.framework/Versions/A/MediaKit
0x00007ff81716d000 	/System/Library/Frameworks/DiscRecording.framework/Versions/A/DiscRecording
0x00007ff810c11000 	/usr/lib/libCoreStorage.dylib
0x00007ff819995000 	/usr/lib/libcsfde.dylib
0x00007ff814241000 	/System/Library/PrivateFrameworks/ProtectedCloudStorage.framework/Versions/A/ProtectedCloudStorage
0x00007ff819991000 	/System/Library/PrivateFrameworks/EFILogin.framework/Versions/A/EFILogin
0x00007ff8178c9000 	/System/Library/PrivateFrameworks/OctagonTrust.framework/Versions/A/OctagonTrust
0x00007ffb082c2000 	/System/Library/PrivateFrameworks/CoreUtilsExtras.framework/Versions/A/CoreUtilsExtras
0x00007ff8170a3000 	/System/Library/Frameworks/CoreBluetooth.framework/Versions/A/CoreBluetooth
0x00007ff81a00b000 	/System/Library/Frameworks/AudioUnit.framework/Versions/A/AudioUnit
0x00007ff810c09000 	/usr/lib/libMatch.1.dylib
0x00007ff90efa4000 	/System/Library/Frameworks/Accelerate.framework/Versions/A/Frameworks/vImage.framework/Versions/A/Libraries/libCGInterfaces.dylib
0x00000001334d2000 	/usr/lib/libobjc-trampolines.dylib
0x00007ff80c900000 	/System/Library/PrivateFrameworks/ViewBridge.framework/Versions/A/ViewBridge
0x00000001355d1000 	/Users/szabosandor/.openjfx/cache/17.0.0.1/libjavafx_font.dylib
0x00007ffb1aeb9000 	/usr/lib/libRosetta.dylib
0x00007ff811366000 	/System/Library/PrivateFrameworks/login.framework/Versions/A/login


VM Arguments:
jvm_args: --module-path=/Users/szabosandor/.m2/repository/org/openjfx/javafx-base/17.0.0.1/javafx-base-17.0.0.1-mac.jar:/Users/szabosandor/.m2/repository/org/openjfx/javafx-base/17.0.0.1/javafx-base-17.0.0.1.jar:/Users/szabosandor/.m2/repository/org/openjfx/javafx-controls/11/javafx-controls-11-mac.jar:/Users/szabosandor/.m2/repository/org/openjfx/javafx-controls/11/javafx-controls-11.jar:/Users/szabosandor/.m2/repository/org/openjfx/javafx-fxml/11/javafx-fxml-11-mac.jar:/Users/szabosandor/.m2/repository/org/openjfx/javafx-fxml/11/javafx-fxml-11.jar:/Users/szabosandor/.m2/repository/org/openjfx/javafx-graphics/11/javafx-graphics-11-mac.jar:/Users/szabosandor/.m2/repository/org/openjfx/javafx-graphics/11/javafx-graphics-11.jar --add-modules=javafx.base,javafx.controls,javafx.fxml,javafx.graphics 
java_command: hu.unideb.inf.Main
java_class_path (initial): /Users/szabosandor/Desktop/Virsly-Projekt/target/classes:/Users/szabosandor/.m2/repository/antlr/antlr/2.7.7/antlr-2.7.7.jar:/Users/szabosandor/.m2/repository/com/fasterxml/classmate/1.3.4/classmate-1.3.4.jar:/Users/szabosandor/.m2/repository/com/google/protobuf/protobuf-java/3.11.4/protobuf-java-3.11.4.jar:/Users/szabosandor/.m2/repository/com/h2database/h2/1.4.199/h2-1.4.199.jar:/Users/szabosandor/.m2/repository/com/sun/istack/istack-commons-runtime/3.0.7/istack-commons-runtime-3.0.7.jar:/Users/szabosandor/.m2/repository/com/sun/xml/fastinfoset/FastInfoset/1.2.15/FastInfoset-1.2.15.jar:/Users/szabosandor/.m2/repository/javax/activation/javax.activation-api/1.2.0/javax.activation-api-1.2.0.jar:/Users/szabosandor/.m2/repository/javax/persistence/javax.persistence-api/2.2/javax.persistence-api-2.2.jar:/Users/szabosandor/.m2/repository/javax/xml/bind/jaxb-api/2.3.1/jaxb-api-2.3.1.jar:/Users/szabosandor/.m2/repository/mysql/mysql-connector-java/8.0.22/mysql-connector-java-8.0.22.jar:/Users/szabosandor/.m2/repository/net/bytebuddy/byte-buddy/1.9.11/byte-buddy-1.9.11.jar:/Users/szabosandor/.m2/repository/org/dom4j/dom4j/2.1.1/dom4j-2.1.1.jar:/Users/szabosandor/.m2/repository/org/glassfish/jaxb/jaxb-runtime/2.3.1/jaxb-runtime-2.3.1.jar:/Users/szabosandor/.m2/repository/org/glassfish/jaxb/txw2/2.3.1/txw2-2.3.1.jar:/Users/szabosandor/.m2/repository/org/hibernate/hibernate-core/5.4.4.Final/hibernate-core-5.4.4.Final.jar:/Users/szabosandor/.m2/repository/org/hibernate/hibernate-entitymanager/5.4.4.Final/hibernate-entitymanager-5.4.4.Final.jar:/Users/szabosandor/.m2/repository/org/hibernate/common/hibernate-commons-annotations/5.1.0.Final/hibernate-commons-annotations-5.1.0.Final.jar:/Users/szabosandor/.m2/repository/org/javassist/javassist/3.24.0-GA/javassist-3.24.0-GA.jar:/Users/szabosandor/.m2/repository/org/jboss/jandex/2.0.5.Final/jandex-2.0.5.Final.jar:/Users/szabosandor/.m2/repository/org/jboss/logging/jboss-logging/3.3.2.Final/jboss-logging
Launcher Type: SUN_STANDARD

[Global flags]
     intx CICompilerCount                          = 3                                         {product} {ergonomic}
     uint ConcGCThreads                            = 1                                         {product} {ergonomic}
     uint G1ConcRefinementThreads                  = 4                                         {product} {ergonomic}
   size_t G1HeapRegionSize                         = 1048576                                   {product} {ergonomic}
    uintx GCDrainStackTargetSize                   = 64                                        {product} {ergonomic}
   size_t InitialHeapSize                          = 134217728                                 {product} {ergonomic}
   size_t MarkStackSize                            = 4194304                                   {product} {ergonomic}
   size_t MaxHeapSize                              = 2147483648                                {product} {ergonomic}
   size_t MaxNewSize                               = 1287651328                                {product} {ergonomic}
   size_t MinHeapDeltaBytes                        = 1048576                                   {product} {ergonomic}
    uintx NonNMethodCodeHeapSize                   = 5830732                                {pd product} {ergonomic}
    uintx NonProfiledCodeHeapSize                  = 122913754                              {pd product} {ergonomic}
    uintx ProfiledCodeHeapSize                     = 122913754                              {pd product} {ergonomic}
    uintx ReservedCodeCacheSize                    = 251658240                              {pd product} {ergonomic}
     bool SegmentedCodeCache                       = true                                      {product} {ergonomic}
     bool UseCompressedClassPointers               = true                                 {lp64_product} {ergonomic}
     bool UseCompressedOops                        = true                                 {lp64_product} {ergonomic}
     bool UseG1GC                                  = true                                      {product} {ergonomic}

Logging:
Log output configuration:
 #0: stdout all=warning uptime,level,tags
 #1: stderr all=off uptime,level,tags

Environment Variables:
PATH=/usr/local/bin:/usr/bin:/bin:/usr/sbin:/sbin:/usr/local/share/dotnet:~/.dotnet/tools:/Library/Frameworks/Mono.framework/Versions/Current/Commands:/Users/szabosandor/.zsh/misc
SHELL=/bin/zsh
LC_CTYPE=hu_HU.UTF-8

Signal Handlers:
SIGSEGV: [libjvm.dylib+0x7c73e4], sa_mask[0]=11111111011111110111111111111111, sa_flags=SA_ONSTACK|SA_RESTART|SA_SIGINFO
SIGBUS: [libjvm.dylib+0x7c73e4], sa_mask[0]=11111111011111110111111111111111, sa_flags=SA_RESTART|SA_SIGINFO
SIGFPE: [libjvm.dylib+0x7c73e4], sa_mask[0]=11111111011111110111111111111111, sa_flags=SA_RESTART|SA_SIGINFO
SIGPIPE: [libjvm.dylib+0x62c4e1], sa_mask[0]=11111111011111110111111111111111, sa_flags=SA_RESTART|SA_SIGINFO
SIGXFSZ: [libjvm.dylib+0x62c4e1], sa_mask[0]=11111111011111110111111111111111, sa_flags=SA_RESTART|SA_SIGINFO
SIGILL: [libjvm.dylib+0x7c73e4], sa_mask[0]=11111111011111110111111111111111, sa_flags=SA_RESTART|SA_SIGINFO
SIGUSR2: [libjvm.dylib+0x62cac9], sa_mask[0]=00100000000000000000000000000000, sa_flags=SA_RESTART|SA_SIGINFO
SIGHUP: [libjvm.dylib+0x62b667], sa_mask[0]=11111111011111110111111111111111, sa_flags=SA_RESTART|SA_SIGINFO
SIGINT: [libjvm.dylib+0x62b667], sa_mask[0]=11111111011111110111111111111111, sa_flags=SA_RESTART|SA_SIGINFO
SIGTERM: [libjvm.dylib+0x62b667], sa_mask[0]=11111111011111110111111111111111, sa_flags=SA_RESTART|SA_SIGINFO
SIGQUIT: [libjvm.dylib+0x62b667], sa_mask[0]=11111111011111110111111111111111, sa_flags=SA_RESTART|SA_SIGINFO


---------------  S Y S T E M  ---------------

OS:uname:Darwin 21.2.0 Darwin Kernel Version 21.2.0: Sun Nov 28 20:28:54 PST 2021; root:xnu-8019.61.5~1/RELEASE_X86_64 x86_64
OS uptime: 7 days 9:38 hours
rlimit (soft/hard): STACK 8192k/65532k , CORE 0k/infinity , NPROC 1392/2088 , NOFILE 10240/infinity , AS infinity/infinity , CPU infinity/infinity , DATA infinity/infinity , FSIZE infinity/infinity , MEMLOCK infinity/infinity , RSS infinity/infinity
load average:5.31 4.68 4.31

CPU:total 4 (initial active 4) (2 cores per cpu, 2 threads per core) family 6 model 126 stepping 5 microcode 0xa6, cmov, cx8, fxsr, mmx, sse, sse2, sse3, ssse3, sse4.1, sse4.2, popcnt, avx, avx2, aes, clmul, erms, 3dnowpref, lzcnt, ht, tsc, tscinvbit, bmi1, bmi2, adx, sha, fma

Memory: 4k page, physical 8388608k(399928k free), swap 2097152k(962304k free)

vm_info: OpenJDK 64-Bit Server VM (11.0.12+7) for bsd-amd64 JRE (11.0.12+7), built on Jul 21 2021 09:19:19 by "jenkins" with clang 4.2.1 Compatible Apple LLVM 10.0.1 (clang-1001.0.46.4)

END.
