#
# A fatal error has been detected by the Java Runtime Environment:
#
#  Internal Error (safepoint.cpp:919), pid=45507, tid=27655
#  fatal error: Illegal threadstate encountered: 4
#
# JRE version: OpenJDK Runtime Environment Temurin-11.0.12+7 (11.0.12+7) (build 11.0.12+7)
# Java VM: OpenJDK 64-Bit Server VM Temurin-11.0.12+7 (11.0.12+7, mixed mode, tiered, compressed oops, g1 gc, bsd-amd64)
# No core dump will be written. Core dumps have been disabled. To enable core dumping, try "ulimit -c unlimited" before starting Java again
#
# If you would like to submit a bug report, please visit:
#   https://github.com/adoptium/adoptium-support/issues
# The crash happened outside the Java Virtual Machine in native code.
# See problematic frame for where to report the bug.
#

---------------  S U M M A R Y ------------

Command Line: --module-path=/Users/szabosandor/.m2/repository/org/openjfx/javafx-base/17.0.0.1/javafx-base-17.0.0.1-mac.jar:/Users/szabosandor/.m2/repository/org/openjfx/javafx-base/17.0.0.1/javafx-base-17.0.0.1.jar:/Users/szabosandor/.m2/repository/org/openjfx/javafx-controls/11/javafx-controls-11-mac.jar:/Users/szabosandor/.m2/repository/org/openjfx/javafx-controls/11/javafx-controls-11.jar:/Users/szabosandor/.m2/repository/org/openjfx/javafx-fxml/11/javafx-fxml-11-mac.jar:/Users/szabosandor/.m2/repository/org/openjfx/javafx-fxml/11/javafx-fxml-11.jar:/Users/szabosandor/.m2/repository/org/openjfx/javafx-graphics/11/javafx-graphics-11-mac.jar:/Users/szabosandor/.m2/repository/org/openjfx/javafx-graphics/11/javafx-graphics-11.jar --add-modules=javafx.base,javafx.controls,javafx.fxml,javafx.graphics hu.unideb.inf.Main

Host: MacBookAir9,1 x86_64 1100 MHz, 4 cores, 8G, Darwin 21.2.0
Time: Thu May 12 00:19:30 2022 CEST elapsed time: 12.716625 seconds (0d 0h 0m 12s)

---------------  T H R E A D  ---------------

Current thread (0x00007f7daaedb800):  JavaThread "InvokeLaterDispatcher" daemon [_thread_in_native, id=27655, stack(0x0000700004d13000,0x0000700004e13000)]

Stack: [0x0000700004d13000,0x0000700004e13000],  sp=0x0000700004e112b0,  free space=1016k
Native frames: (J=compiled Java code, A=aot compiled Java code, j=interpreted, Vv=VM code, C=native code)
V  [libjvm.dylib+0x7c656e]  _ZN7VMError14report_and_dieEiPKcS1_P13__va_list_tagP6ThreadPhPvS7_S1_im+0x652
V  [libjvm.dylib+0x7c6c69]  _ZN7VMError14report_and_dieEP6ThreadPvPKciS4_S4_P13__va_list_tag+0x47
V  [libjvm.dylib+0x27a592]  _Z12report_fatalPKciS0_z+0xb5
V  [libjvm.dylib+0x69d09d]  _ZN20SafepointSynchronize5blockEP10JavaThread+0x1cf
V  [libjvm.dylib+0x77f1f2]  _ZN10JavaThread44check_safepoint_and_suspend_for_native_transEPS_+0xa8
V  [libjvm.dylib+0x3f4a70]  jni_DeleteGlobalRef+0x93
C  [libglass.dylib+0x8871]  -[GlassRunnable dealloc]+0x31
C  [Foundation+0x80e9b]  -[_NSThreadPerformInfo dealloc]+0x2a
C  [Foundation+0x4dcc7]  -[NSObject(NSThreadPerformAdditions) performSelectorOnMainThread:withObject:waitUntilDone:]+0x7c
j  com.sun.glass.ui.mac.MacApplication._submitForLaterInvocation(Ljava/lang/Runnable;)V+0 javafx.graphics
j  com.sun.glass.ui.mac.MacApplication.submitForLaterInvocation(Ljava/lang/Runnable;)V+2 javafx.graphics
j  com.sun.glass.ui.InvokeLaterDispatcher.run()V+82 javafx.graphics
v  ~StubRoutines::call_stub
V  [libjvm.dylib+0x3b910e]  _ZN9JavaCalls11call_helperEP9JavaValueRK12methodHandleP17JavaCallArgumentsP6Thread+0x21a
V  [libjvm.dylib+0x3b8558]  _ZN9JavaCalls12call_virtualEP9JavaValueP5KlassP6SymbolS5_P17JavaCallArgumentsP6Thread+0xee
V  [libjvm.dylib+0x3b8614]  _ZN9JavaCalls12call_virtualEP9JavaValue6HandleP5KlassP6SymbolS6_P6Thread+0x62
V  [libjvm.dylib+0x43f4e6]  _ZL12thread_entryP10JavaThreadP6Thread+0x78
V  [libjvm.dylib+0x77dbc6]  _ZN10JavaThread17thread_main_innerEv+0x82
V  [libjvm.dylib+0x77da10]  _ZN10JavaThread3runEv+0x174
V  [libjvm.dylib+0x77b8ec]  _ZN6Thread8call_runEv+0x68
V  [libjvm.dylib+0x62a3c1]  _ZL19thread_native_entryP6Thread+0x139
C  [libsystem_pthread.dylib+0x64f4]  _pthread_start+0x7d
C  [libsystem_pthread.dylib+0x200f]  thread_start+0xf

Java frames: (J=compiled Java code, j=interpreted, Vv=VM code)
j  com.sun.glass.ui.mac.MacApplication._submitForLaterInvocation(Ljava/lang/Runnable;)V+0 javafx.graphics
j  com.sun.glass.ui.mac.MacApplication.submitForLaterInvocation(Ljava/lang/Runnable;)V+2 javafx.graphics
j  com.sun.glass.ui.InvokeLaterDispatcher.run()V+82 javafx.graphics
v  ~StubRoutines::call_stub

---------------  P R O C E S S  ---------------

Threads class SMR info:
_java_thread_list=0x00006000027c3780, length=18, elements={
0x00007f7daa009800, 0x00007f7da9068800, 0x00007f7daa810800, 0x00007f7daa825800,
0x00007f7daa828800, 0x00007f7da9061000, 0x00007f7daa829800, 0x00007f7daa82a800,
0x00007f7daa07d000, 0x00007f7daba97000, 0x00007f7dab80a800, 0x00007f7daab44000,
0x00007f7dab9fe000, 0x00007f7daaedb800, 0x00007f7daaedc800, 0x00007f7dad347800,
0x00007f7dae8db000, 0x00007f7dad1a4800
}

Java Threads: ( => current thread )
  0x00007f7daa009800 JavaThread "main" [_thread_blocked, id=9987, stack(0x00007000034c8000,0x00007000035c8000)]
  0x00007f7da9068800 JavaThread "Reference Handler" daemon [_thread_blocked, id=14339, stack(0x0000700003bdd000,0x0000700003cdd000)]
  0x00007f7daa810800 JavaThread "Finalizer" daemon [_thread_blocked, id=15107, stack(0x0000700003ce0000,0x0000700003de0000)]
  0x00007f7daa825800 JavaThread "Signal Dispatcher" daemon [_thread_blocked, id=16899, stack(0x0000700003ee9000,0x0000700003fe9000)]
  0x00007f7daa828800 JavaThread "Service Thread" daemon [_thread_blocked, id=22019, stack(0x0000700003fec000,0x00007000040ec000)]
  0x00007f7da9061000 JavaThread "C2 CompilerThread0" daemon [_thread_in_native, id=22275, stack(0x00007000040ef000,0x00007000041ef000)]
  0x00007f7daa829800 JavaThread "C1 CompilerThread0" daemon [_thread_blocked, id=42499, stack(0x00007000041f2000,0x00007000042f2000)]
  0x00007f7daa82a800 JavaThread "Sweeper thread" daemon [_thread_blocked, id=23299, stack(0x00007000042f5000,0x00007000043f5000)]
  0x00007f7daa07d000 JavaThread "Common-Cleaner" daemon [_thread_blocked, id=23811, stack(0x00007000043f8000,0x00007000044f8000)]
  0x00007f7daba97000 JavaThread "H2 TCP Server (tcp://172.19.3.110:9092)" [_thread_in_native, id=24835, stack(0x0000700004804000,0x0000700004904000)]
  0x00007f7dab80a800 JavaThread "H2 Console Server (http://172.19.3.110:8082)" [_thread_in_native, id=40459, stack(0x0000700004907000,0x0000700004a07000)]
  0x00007f7daab44000 JavaThread "JavaFX-Launcher" [_thread_blocked, id=25631, stack(0x0000700004b0d000,0x0000700004c0d000)]
  0x00007f7dab9fe000 JavaThread "QuantumRenderer-0" daemon [_thread_blocked, id=26383, stack(0x0000700004c10000,0x0000700004d10000)]
=>0x00007f7daaedb800 JavaThread "InvokeLaterDispatcher" daemon [_thread_in_native, id=27655, stack(0x0000700004d13000,0x0000700004e13000)]
  0x00007f7daaedc800 JavaThread "JavaFX Application Thread" [_thread_in_native, id=259, stack(0x00007ff7be37d000,0x00007ff7beb7d000)]
  0x00007f7dad347800 JavaThread "Thread-7" daemon [_thread_in_native, id=83215, stack(0x0000700004e16000,0x0000700004e96000)]
  0x00007f7dae8db000 JavaThread "Prism Font Disposer" daemon [_thread_blocked, id=74783, stack(0x0000700005022000,0x0000700005122000)]
  0x00007f7dad1a4800 JavaThread "Cleaner-0" daemon [_thread_blocked, id=62211, stack(0x0000700005125000,0x0000700005225000)]

Other Threads:
  0x00007f7da9010000 VMThread "VM Thread" [stack: 0x0000700003ada000,0x0000700003bda000] [id=13571]
  0x00007f7dab81f000 WatcherThread [stack: 0x00007000044fb000,0x00007000045fb000] [id=24067]
  0x00007f7daa016000 GCTaskThread "GC Thread#0" [stack: 0x00007000035cb000,0x00007000036cb000] [id=21251]
  0x00007f7daa161000 GCTaskThread "GC Thread#1" [stack: 0x00007000045fe000,0x00007000046fe000] [id=24323]
  0x00007f7daa2ad800 GCTaskThread "GC Thread#2" [stack: 0x0000700004701000,0x0000700004801000] [id=41219]
  0x00007f7daa195000 GCTaskThread "GC Thread#3" [stack: 0x0000700004a0a000,0x0000700004b0a000] [id=26119]
  0x00007f7daa03f000 ConcurrentGCThread "G1 Main Marker" [stack: 0x00007000036ce000,0x00007000037ce000] [id=12035]
  0x00007f7daa040000 ConcurrentGCThread "G1 Conc#0" [stack: 0x00007000037d1000,0x00007000038d1000] [id=20483]
  0x00007f7da9038000 ConcurrentGCThread "G1 Refine#0" [stack: 0x00007000038d4000,0x00007000039d4000] [id=19971]
  0x00007f7da9038800 ConcurrentGCThread "G1 Young RemSet Sampling" [stack: 0x00007000039d7000,0x0000700003ad7000] [id=19715]

Threads with active compile tasks:
C2 CompilerThread0  12739 4628       4       com.sun.javafx.css.StyleMap::getCascadingStyles (384 bytes)

VM state:not at safepoint (normal execution)

VM Mutex/Monitor currently owned by a thread: None

Heap address: 0x0000000780000000, size: 2048 MB, Compressed Oops mode: Zero based, Oop shift amount: 3
Narrow klass base: 0x0000000800000000, Narrow klass shift: 0
Compressed class space size: 1073741824 Address: 0x0000000800000000

Heap:
 garbage-first heap   total 157696K, used 32327K [0x0000000780000000, 0x0000000800000000)
  region size 1024K, 21 young (21504K), 10 survivors (10240K)
 Metaspace       used 50327K, capacity 51349K, committed 51500K, reserved 1093632K
  class space    used 6355K, capacity 6744K, committed 6784K, reserved 1048576K
Heap Regions: E=young(eden), S=young(survivor), O=old, HS=humongous(starts), HC=humongous(continues), CS=collection set, F=free, A=archive, TAMS=top-at-mark-start (previous, next)
|   0|0x0000000780000000, 0x0000000780100000, 0x0000000780100000|100%|HS|  |TAMS 0x0000000780100000, 0x0000000780000000| Complete 
|   1|0x0000000780100000, 0x0000000780200000, 0x0000000780200000|100%| O|  |TAMS 0x0000000780200000, 0x0000000780100000| Untracked 
|   2|0x0000000780200000, 0x0000000780300000, 0x0000000780300000|100%| O|  |TAMS 0x0000000780300000, 0x0000000780200000| Untracked 
|   3|0x0000000780300000, 0x0000000780400000, 0x0000000780400000|100%|HS|  |TAMS 0x0000000780400000, 0x0000000780300000| Complete 
|   4|0x0000000780400000, 0x0000000780500000, 0x0000000780500000|100%|HC|  |TAMS 0x0000000780500000, 0x0000000780400000| Complete 
|   5|0x0000000780500000, 0x0000000780600000, 0x0000000780600000|100%| O|  |TAMS 0x0000000780600000, 0x0000000780500000| Untracked 
|   6|0x0000000780600000, 0x0000000780700000, 0x0000000780700000|100%| O|  |TAMS 0x0000000780700000, 0x0000000780600000| Untracked 
|   7|0x0000000780700000, 0x0000000780800000, 0x0000000780800000|100%| O|  |TAMS 0x0000000780800000, 0x0000000780700000| Untracked 
|   8|0x0000000780800000, 0x0000000780843200, 0x0000000780900000| 26%| O|  |TAMS 0x0000000780843200, 0x0000000780800000| Untracked 
|   9|0x0000000780900000, 0x0000000780a00000, 0x0000000780a00000|100%|HS|  |TAMS 0x0000000780900000, 0x0000000780900000| Complete 
|  10|0x0000000780a00000, 0x0000000780b00000, 0x0000000780b00000|100%|HC|  |TAMS 0x0000000780a00000, 0x0000000780a00000| Complete 
|  11|0x0000000780b00000, 0x0000000780b00000, 0x0000000780c00000|  0%| F|  |TAMS 0x0000000780b00000, 0x0000000780b00000| Untracked 
|  12|0x0000000780c00000, 0x0000000780c00000, 0x0000000780d00000|  0%| F|  |TAMS 0x0000000780c00000, 0x0000000780c00000| Untracked 
|  13|0x0000000780d00000, 0x0000000780e00000, 0x0000000780e00000|100%|HS|  |TAMS 0x0000000780d00000, 0x0000000780d00000| Complete 
|  14|0x0000000780e00000, 0x0000000780f00000, 0x0000000780f00000|100%|HC|  |TAMS 0x0000000780e00000, 0x0000000780e00000| Complete 
|  15|0x0000000780f00000, 0x0000000780f00000, 0x0000000781000000|  0%| F|  |TAMS 0x0000000780f00000, 0x0000000780f00000| Untracked 
|  16|0x0000000781000000, 0x0000000781000000, 0x0000000781100000|  0%| F|  |TAMS 0x0000000781000000, 0x0000000781000000| Untracked 
|  17|0x0000000781100000, 0x0000000781100000, 0x0000000781200000|  0%| F|  |TAMS 0x0000000781100000, 0x0000000781100000| Untracked 
|  18|0x0000000781200000, 0x0000000781200000, 0x0000000781300000|  0%| F|  |TAMS 0x0000000781200000, 0x0000000781200000| Untracked 
|  19|0x0000000781300000, 0x0000000781300000, 0x0000000781400000|  0%| F|  |TAMS 0x0000000781300000, 0x0000000781300000| Untracked 
|  20|0x0000000781400000, 0x0000000781400000, 0x0000000781500000|  0%| F|  |TAMS 0x0000000781400000, 0x0000000781400000| Untracked 
|  21|0x0000000781500000, 0x0000000781500000, 0x0000000781600000|  0%| F|  |TAMS 0x0000000781500000, 0x0000000781500000| Untracked 
|  22|0x0000000781600000, 0x0000000781600000, 0x0000000781700000|  0%| F|  |TAMS 0x0000000781600000, 0x0000000781600000| Untracked 
|  23|0x0000000781700000, 0x0000000781700000, 0x0000000781800000|  0%| F|  |TAMS 0x0000000781700000, 0x0000000781700000| Untracked 
|  24|0x0000000781800000, 0x0000000781800000, 0x0000000781900000|  0%| F|  |TAMS 0x0000000781800000, 0x0000000781800000| Untracked 
|  25|0x0000000781900000, 0x0000000781900000, 0x0000000781a00000|  0%| F|  |TAMS 0x0000000781900000, 0x0000000781900000| Untracked 
|  26|0x0000000781a00000, 0x0000000781a00000, 0x0000000781b00000|  0%| F|  |TAMS 0x0000000781a00000, 0x0000000781a00000| Untracked 
|  27|0x0000000781b00000, 0x0000000781b00000, 0x0000000781c00000|  0%| F|  |TAMS 0x0000000781b00000, 0x0000000781b00000| Untracked 
|  28|0x0000000781c00000, 0x0000000781c00000, 0x0000000781d00000|  0%| F|  |TAMS 0x0000000781c00000, 0x0000000781c00000| Untracked 
|  29|0x0000000781d00000, 0x0000000781d00000, 0x0000000781e00000|  0%| F|  |TAMS 0x0000000781d00000, 0x0000000781d00000| Untracked 
|  30|0x0000000781e00000, 0x0000000781e00000, 0x0000000781f00000|  0%| F|  |TAMS 0x0000000781e00000, 0x0000000781e00000| Untracked 
|  31|0x0000000781f00000, 0x0000000781f00000, 0x0000000782000000|  0%| F|  |TAMS 0x0000000781f00000, 0x0000000781f00000| Untracked 
|  32|0x0000000782000000, 0x0000000782000000, 0x0000000782100000|  0%| F|  |TAMS 0x0000000782000000, 0x0000000782000000| Untracked 
|  33|0x0000000782100000, 0x0000000782100000, 0x0000000782200000|  0%| F|  |TAMS 0x0000000782100000, 0x0000000782100000| Untracked 
|  34|0x0000000782200000, 0x0000000782200000, 0x0000000782300000|  0%| F|  |TAMS 0x0000000782200000, 0x0000000782200000| Untracked 
|  35|0x0000000782300000, 0x0000000782300000, 0x0000000782400000|  0%| F|  |TAMS 0x0000000782300000, 0x0000000782300000| Untracked 
|  36|0x0000000782400000, 0x0000000782400000, 0x0000000782500000|  0%| F|  |TAMS 0x0000000782400000, 0x0000000782400000| Untracked 
|  37|0x0000000782500000, 0x0000000782500000, 0x0000000782600000|  0%| F|  |TAMS 0x0000000782500000, 0x0000000782500000| Untracked 
|  38|0x0000000782600000, 0x0000000782600000, 0x0000000782700000|  0%| F|  |TAMS 0x0000000782600000, 0x0000000782600000| Untracked 
|  39|0x0000000782700000, 0x0000000782700000, 0x0000000782800000|  0%| F|  |TAMS 0x0000000782700000, 0x0000000782700000| Untracked 
|  40|0x0000000782800000, 0x0000000782800000, 0x0000000782900000|  0%| F|  |TAMS 0x0000000782800000, 0x0000000782800000| Untracked 
|  41|0x0000000782900000, 0x0000000782900000, 0x0000000782a00000|  0%| F|  |TAMS 0x0000000782900000, 0x0000000782900000| Untracked 
|  42|0x0000000782a00000, 0x0000000782a00000, 0x0000000782b00000|  0%| F|  |TAMS 0x0000000782a00000, 0x0000000782a00000| Untracked 
|  43|0x0000000782b00000, 0x0000000782b4ed00, 0x0000000782c00000| 30%| S|CS|TAMS 0x0000000782b00000, 0x0000000782b00000| Complete 
|  44|0x0000000782c00000, 0x0000000782d00000, 0x0000000782d00000|100%| S|CS|TAMS 0x0000000782c00000, 0x0000000782c00000| Complete 
|  45|0x0000000782d00000, 0x0000000782e00000, 0x0000000782e00000|100%| S|CS|TAMS 0x0000000782d00000, 0x0000000782d00000| Complete 
|  46|0x0000000782e00000, 0x0000000782f00000, 0x0000000782f00000|100%| S|CS|TAMS 0x0000000782e00000, 0x0000000782e00000| Complete 
|  47|0x0000000782f00000, 0x0000000783000000, 0x0000000783000000|100%| S|CS|TAMS 0x0000000782f00000, 0x0000000782f00000| Complete 
|  48|0x0000000783000000, 0x0000000783100000, 0x0000000783100000|100%| S|CS|TAMS 0x0000000783000000, 0x0000000783000000| Complete 
|  49|0x0000000783100000, 0x0000000783200000, 0x0000000783200000|100%| S|CS|TAMS 0x0000000783100000, 0x0000000783100000| Complete 
|  50|0x0000000783200000, 0x0000000783300000, 0x0000000783300000|100%| S|CS|TAMS 0x0000000783200000, 0x0000000783200000| Complete 
|  51|0x0000000783300000, 0x0000000783400000, 0x0000000783400000|100%| S|CS|TAMS 0x0000000783300000, 0x0000000783300000| Complete 
|  52|0x0000000783400000, 0x0000000783500000, 0x0000000783500000|100%| S|CS|TAMS 0x0000000783400000, 0x0000000783400000| Complete 
|  53|0x0000000783500000, 0x0000000783500000, 0x0000000783600000|  0%| F|  |TAMS 0x0000000783500000, 0x0000000783500000| Untracked 
|  54|0x0000000783600000, 0x0000000783600000, 0x0000000783700000|  0%| F|  |TAMS 0x0000000783600000, 0x0000000783600000| Untracked 
|  55|0x0000000783700000, 0x0000000783700000, 0x0000000783800000|  0%| F|  |TAMS 0x0000000783700000, 0x0000000783700000| Untracked 
|  56|0x0000000783800000, 0x0000000783800000, 0x0000000783900000|  0%| F|  |TAMS 0x0000000783800000, 0x0000000783800000| Untracked 
|  57|0x0000000783900000, 0x0000000783900000, 0x0000000783a00000|  0%| F|  |TAMS 0x0000000783900000, 0x0000000783900000| Untracked 
|  58|0x0000000783a00000, 0x0000000783a00000, 0x0000000783b00000|  0%| F|  |TAMS 0x0000000783a00000, 0x0000000783a00000| Untracked 
|  59|0x0000000783b00000, 0x0000000783b00000, 0x0000000783c00000|  0%| F|  |TAMS 0x0000000783b00000, 0x0000000783b00000| Untracked 
|  60|0x0000000783c00000, 0x0000000783c00000, 0x0000000783d00000|  0%| F|  |TAMS 0x0000000783c00000, 0x0000000783c00000| Untracked 
|  61|0x0000000783d00000, 0x0000000783d00000, 0x0000000783e00000|  0%| F|  |TAMS 0x0000000783d00000, 0x0000000783d00000| Untracked 
|  62|0x0000000783e00000, 0x0000000783e00000, 0x0000000783f00000|  0%| F|  |TAMS 0x0000000783e00000, 0x0000000783e00000| Untracked 
|  63|0x0000000783f00000, 0x0000000783f00000, 0x0000000784000000|  0%| F|  |TAMS 0x0000000783f00000, 0x0000000783f00000| Untracked 
|  64|0x0000000784000000, 0x0000000784000000, 0x0000000784100000|  0%| F|  |TAMS 0x0000000784000000, 0x0000000784000000| Untracked 
|  65|0x0000000784100000, 0x0000000784100000, 0x0000000784200000|  0%| F|  |TAMS 0x0000000784100000, 0x0000000784100000| Untracked 
|  66|0x0000000784200000, 0x0000000784200000, 0x0000000784300000|  0%| F|  |TAMS 0x0000000784200000, 0x0000000784200000| Untracked 
|  67|0x0000000784300000, 0x0000000784300000, 0x0000000784400000|  0%| F|  |TAMS 0x0000000784300000, 0x0000000784300000| Untracked 
|  68|0x0000000784400000, 0x0000000784400000, 0x0000000784500000|  0%| F|  |TAMS 0x0000000784400000, 0x0000000784400000| Untracked 
|  69|0x0000000784500000, 0x0000000784500000, 0x0000000784600000|  0%| F|  |TAMS 0x0000000784500000, 0x0000000784500000| Untracked 
|  70|0x0000000784600000, 0x0000000784600000, 0x0000000784700000|  0%| F|  |TAMS 0x0000000784600000, 0x0000000784600000| Untracked 
|  71|0x0000000784700000, 0x0000000784700000, 0x0000000784800000|  0%| F|  |TAMS 0x0000000784700000, 0x0000000784700000| Untracked 
|  72|0x0000000784800000, 0x0000000784800000, 0x0000000784900000|  0%| F|  |TAMS 0x0000000784800000, 0x0000000784800000| Untracked 
|  73|0x0000000784900000, 0x0000000784900000, 0x0000000784a00000|  0%| F|  |TAMS 0x0000000784900000, 0x0000000784900000| Untracked 
|  74|0x0000000784a00000, 0x0000000784a00000, 0x0000000784b00000|  0%| F|  |TAMS 0x0000000784a00000, 0x0000000784a00000| Untracked 
|  75|0x0000000784b00000, 0x0000000784b00000, 0x0000000784c00000|  0%| F|  |TAMS 0x0000000784b00000, 0x0000000784b00000| Untracked 
|  76|0x0000000784c00000, 0x0000000784c00000, 0x0000000784d00000|  0%| F|  |TAMS 0x0000000784c00000, 0x0000000784c00000| Untracked 
|  77|0x0000000784d00000, 0x0000000784d00000, 0x0000000784e00000|  0%| F|  |TAMS 0x0000000784d00000, 0x0000000784d00000| Untracked 
|  78|0x0000000784e00000, 0x0000000784e00000, 0x0000000784f00000|  0%| F|  |TAMS 0x0000000784e00000, 0x0000000784e00000| Untracked 
|  79|0x0000000784f00000, 0x0000000784f00000, 0x0000000785000000|  0%| F|  |TAMS 0x0000000784f00000, 0x0000000784f00000| Untracked 
|  80|0x0000000785000000, 0x0000000785000000, 0x0000000785100000|  0%| F|  |TAMS 0x0000000785000000, 0x0000000785000000| Untracked 
|  81|0x0000000785100000, 0x0000000785100000, 0x0000000785200000|  0%| F|  |TAMS 0x0000000785100000, 0x0000000785100000| Untracked 
|  82|0x0000000785200000, 0x0000000785200000, 0x0000000785300000|  0%| F|  |TAMS 0x0000000785200000, 0x0000000785200000| Untracked 
|  83|0x0000000785300000, 0x0000000785300000, 0x0000000785400000|  0%| F|  |TAMS 0x0000000785300000, 0x0000000785300000| Untracked 
|  84|0x0000000785400000, 0x0000000785400000, 0x0000000785500000|  0%| F|  |TAMS 0x0000000785400000, 0x0000000785400000| Untracked 
|  85|0x0000000785500000, 0x0000000785500000, 0x0000000785600000|  0%| F|  |TAMS 0x0000000785500000, 0x0000000785500000| Untracked 
|  86|0x0000000785600000, 0x0000000785600000, 0x0000000785700000|  0%| F|  |TAMS 0x0000000785600000, 0x0000000785600000| Untracked 
|  87|0x0000000785700000, 0x0000000785700000, 0x0000000785800000|  0%| F|  |TAMS 0x0000000785700000, 0x0000000785700000| Untracked 
|  88|0x0000000785800000, 0x0000000785800000, 0x0000000785900000|  0%| F|  |TAMS 0x0000000785800000, 0x0000000785800000| Untracked 
|  89|0x0000000785900000, 0x0000000785900000, 0x0000000785a00000|  0%| F|  |TAMS 0x0000000785900000, 0x0000000785900000| Untracked 
|  90|0x0000000785a00000, 0x0000000785a00000, 0x0000000785b00000|  0%| F|  |TAMS 0x0000000785a00000, 0x0000000785a00000| Untracked 
|  91|0x0000000785b00000, 0x0000000785b00000, 0x0000000785c00000|  0%| F|  |TAMS 0x0000000785b00000, 0x0000000785b00000| Untracked 
|  92|0x0000000785c00000, 0x0000000785c00000, 0x0000000785d00000|  0%| F|  |TAMS 0x0000000785c00000, 0x0000000785c00000| Untracked 
|  93|0x0000000785d00000, 0x0000000785d00000, 0x0000000785e00000|  0%| F|  |TAMS 0x0000000785d00000, 0x0000000785d00000| Untracked 
|  94|0x0000000785e00000, 0x0000000785e00000, 0x0000000785f00000|  0%| F|  |TAMS 0x0000000785e00000, 0x0000000785e00000| Untracked 
|  95|0x0000000785f00000, 0x0000000785f00000, 0x0000000786000000|  0%| F|  |TAMS 0x0000000785f00000, 0x0000000785f00000| Untracked 
|  96|0x0000000786000000, 0x0000000786000000, 0x0000000786100000|  0%| F|  |TAMS 0x0000000786000000, 0x0000000786000000| Untracked 
|  97|0x0000000786100000, 0x0000000786100000, 0x0000000786200000|  0%| F|  |TAMS 0x0000000786100000, 0x0000000786100000| Untracked 
|  98|0x0000000786200000, 0x0000000786200000, 0x0000000786300000|  0%| F|  |TAMS 0x0000000786200000, 0x0000000786200000| Untracked 
|  99|0x0000000786300000, 0x0000000786300000, 0x0000000786400000|  0%| F|  |TAMS 0x0000000786300000, 0x0000000786300000| Untracked 
| 100|0x0000000786400000, 0x0000000786400000, 0x0000000786500000|  0%| F|  |TAMS 0x0000000786400000, 0x0000000786400000| Untracked 
| 101|0x0000000786500000, 0x0000000786500000, 0x0000000786600000|  0%| F|  |TAMS 0x0000000786500000, 0x0000000786500000| Untracked 
| 102|0x0000000786600000, 0x0000000786600000, 0x0000000786700000|  0%| F|  |TAMS 0x0000000786600000, 0x0000000786600000| Untracked 
| 103|0x0000000786700000, 0x0000000786700000, 0x0000000786800000|  0%| F|  |TAMS 0x0000000786700000, 0x0000000786700000| Untracked 
| 104|0x0000000786800000, 0x0000000786800000, 0x0000000786900000|  0%| F|  |TAMS 0x0000000786800000, 0x0000000786800000| Untracked 
| 105|0x0000000786900000, 0x0000000786900000, 0x0000000786a00000|  0%| F|  |TAMS 0x0000000786900000, 0x0000000786900000| Untracked 
| 106|0x0000000786a00000, 0x0000000786a00000, 0x0000000786b00000|  0%| F|  |TAMS 0x0000000786a00000, 0x0000000786a00000| Untracked 
| 107|0x0000000786b00000, 0x0000000786b00000, 0x0000000786c00000|  0%| F|  |TAMS 0x0000000786b00000, 0x0000000786b00000| Untracked 
| 108|0x0000000786c00000, 0x0000000786c00000, 0x0000000786d00000|  0%| F|  |TAMS 0x0000000786c00000, 0x0000000786c00000| Untracked 
| 109|0x0000000786d00000, 0x0000000786d00000, 0x0000000786e00000|  0%| F|  |TAMS 0x0000000786d00000, 0x0000000786d00000| Untracked 
| 110|0x0000000786e00000, 0x0000000786e00000, 0x0000000786f00000|  0%| F|  |TAMS 0x0000000786e00000, 0x0000000786e00000| Untracked 
| 111|0x0000000786f00000, 0x0000000786f00000, 0x0000000787000000|  0%| F|  |TAMS 0x0000000786f00000, 0x0000000786f00000| Untracked 
| 112|0x0000000787000000, 0x0000000787000000, 0x0000000787100000|  0%| F|  |TAMS 0x0000000787000000, 0x0000000787000000| Untracked 
| 113|0x0000000787100000, 0x0000000787100000, 0x0000000787200000|  0%| F|  |TAMS 0x0000000787100000, 0x0000000787100000| Untracked 
| 114|0x0000000787200000, 0x0000000787200000, 0x0000000787300000|  0%| F|  |TAMS 0x0000000787200000, 0x0000000787200000| Untracked 
| 115|0x0000000787300000, 0x0000000787300000, 0x0000000787400000|  0%| F|  |TAMS 0x0000000787300000, 0x0000000787300000| Untracked 
| 116|0x0000000787400000, 0x0000000787400000, 0x0000000787500000|  0%| F|  |TAMS 0x0000000787400000, 0x0000000787400000| Untracked 
| 117|0x0000000787500000, 0x0000000787500000, 0x0000000787600000|  0%| F|  |TAMS 0x0000000787500000, 0x0000000787500000| Untracked 
| 118|0x0000000787600000, 0x0000000787600000, 0x0000000787700000|  0%| F|  |TAMS 0x0000000787600000, 0x0000000787600000| Untracked 
| 119|0x0000000787700000, 0x0000000787700000, 0x0000000787800000|  0%| F|  |TAMS 0x0000000787700000, 0x0000000787700000| Untracked 
| 120|0x0000000787800000, 0x0000000787800000, 0x0000000787900000|  0%| F|  |TAMS 0x0000000787800000, 0x0000000787800000| Untracked 
| 121|0x0000000787900000, 0x0000000787900000, 0x0000000787a00000|  0%| F|  |TAMS 0x0000000787900000, 0x0000000787900000| Untracked 
| 122|0x0000000787a00000, 0x0000000787a00000, 0x0000000787b00000|  0%| F|  |TAMS 0x0000000787a00000, 0x0000000787a00000| Untracked 
| 123|0x0000000787b00000, 0x0000000787b00000, 0x0000000787c00000|  0%| F|  |TAMS 0x0000000787b00000, 0x0000000787b00000| Untracked 
| 124|0x0000000787c00000, 0x0000000787c00000, 0x0000000787d00000|  0%| F|  |TAMS 0x0000000787c00000, 0x0000000787c00000| Untracked 
| 125|0x0000000787d00000, 0x0000000787d00000, 0x0000000787e00000|  0%| F|  |TAMS 0x0000000787d00000, 0x0000000787d00000| Untracked 
| 126|0x0000000787e00000, 0x0000000787e00000, 0x0000000787f00000|  0%| F|  |TAMS 0x0000000787e00000, 0x0000000787e00000| Untracked 
| 127|0x0000000787f00000, 0x0000000787f00000, 0x0000000788000000|  0%| F|  |TAMS 0x0000000787f00000, 0x0000000787f00000| Untracked 
| 128|0x0000000788000000, 0x0000000788000000, 0x0000000788100000|  0%| F|  |TAMS 0x0000000788000000, 0x0000000788000000| Untracked 
| 129|0x0000000788100000, 0x0000000788100000, 0x0000000788200000|  0%| F|  |TAMS 0x0000000788100000, 0x0000000788100000| Untracked 
| 130|0x0000000788200000, 0x0000000788200000, 0x0000000788300000|  0%| F|  |TAMS 0x0000000788200000, 0x0000000788200000| Untracked 
| 131|0x0000000788300000, 0x0000000788300000, 0x0000000788400000|  0%| F|  |TAMS 0x0000000788300000, 0x0000000788300000| Untracked 
| 132|0x0000000788400000, 0x0000000788400000, 0x0000000788500000|  0%| F|  |TAMS 0x0000000788400000, 0x0000000788400000| Untracked 
| 133|0x0000000788500000, 0x0000000788500000, 0x0000000788600000|  0%| F|  |TAMS 0x0000000788500000, 0x0000000788500000| Untracked 
| 134|0x0000000788600000, 0x0000000788600000, 0x0000000788700000|  0%| F|  |TAMS 0x0000000788600000, 0x0000000788600000| Untracked 
| 135|0x0000000788700000, 0x0000000788700000, 0x0000000788800000|  0%| F|  |TAMS 0x0000000788700000, 0x0000000788700000| Untracked 
| 136|0x0000000788800000, 0x0000000788800000, 0x0000000788900000|  0%| F|  |TAMS 0x0000000788800000, 0x0000000788800000| Untracked 
| 137|0x0000000788900000, 0x0000000788900000, 0x0000000788a00000|  0%| F|  |TAMS 0x0000000788900000, 0x0000000788900000| Untracked 
| 138|0x0000000788a00000, 0x0000000788a00000, 0x0000000788b00000|  0%| F|  |TAMS 0x0000000788a00000, 0x0000000788a00000| Untracked 
| 139|0x0000000788b00000, 0x0000000788b00000, 0x0000000788c00000|  0%| F|  |TAMS 0x0000000788b00000, 0x0000000788b00000| Untracked 
| 140|0x0000000788c00000, 0x0000000788c00000, 0x0000000788d00000|  0%| F|  |TAMS 0x0000000788c00000, 0x0000000788c00000| Untracked 
| 141|0x0000000788d00000, 0x0000000788d00000, 0x0000000788e00000|  0%| F|  |TAMS 0x0000000788d00000, 0x0000000788d00000| Untracked 
| 142|0x0000000788e00000, 0x0000000788e00000, 0x0000000788f00000|  0%| F|  |TAMS 0x0000000788e00000, 0x0000000788e00000| Untracked 
| 143|0x0000000788f00000, 0x0000000788f80800, 0x0000000789000000| 50%| E|  |TAMS 0x0000000788f00000, 0x0000000788f00000| Complete 
| 144|0x0000000789000000, 0x0000000789100000, 0x0000000789100000|100%| E|CS|TAMS 0x0000000789000000, 0x0000000789000000| Complete 
| 145|0x0000000789100000, 0x0000000789200000, 0x0000000789200000|100%| E|CS|TAMS 0x0000000789100000, 0x0000000789100000| Complete 
| 146|0x0000000789200000, 0x0000000789300000, 0x0000000789300000|100%| E|CS|TAMS 0x0000000789200000, 0x0000000789200000| Complete 
| 147|0x0000000789300000, 0x0000000789400000, 0x0000000789400000|100%| E|CS|TAMS 0x0000000789300000, 0x0000000789300000| Complete 
| 148|0x0000000789400000, 0x0000000789500000, 0x0000000789500000|100%| E|CS|TAMS 0x0000000789400000, 0x0000000789400000| Complete 
| 149|0x0000000789500000, 0x0000000789600000, 0x0000000789600000|100%| E|CS|TAMS 0x0000000789500000, 0x0000000789500000| Complete 
| 150|0x0000000789600000, 0x0000000789700000, 0x0000000789700000|100%| E|CS|TAMS 0x0000000789600000, 0x0000000789600000| Complete 
| 151|0x0000000789700000, 0x0000000789800000, 0x0000000789800000|100%| E|CS|TAMS 0x0000000789700000, 0x0000000789700000| Complete 
| 152|0x0000000789800000, 0x0000000789900000, 0x0000000789900000|100%| E|CS|TAMS 0x0000000789800000, 0x0000000789800000| Complete 
| 153|0x0000000789900000, 0x0000000789a00000, 0x0000000789a00000|100%| E|CS|TAMS 0x0000000789900000, 0x0000000789900000| Complete 

Card table byte_map: [0x0000000101b51000,0x0000000101f51000] _byte_map_base: 0x00000000fdf51000

Marking Bits (Prev, Next): (CMBitMap*) 0x00007f7daa036818, (CMBitMap*) 0x00007f7daa036850
 Prev Bits: [0x000000010345b000, 0x000000010545b000)
 Next Bits: [0x000000011d8eb000, 0x000000011f8eb000)

Polling page: 0x00000001014c2000

Metaspace:

Usage:
  Non-class:     43.56 MB capacity,    42.94 MB ( 99%) used,   509.52 KB (  1%) free+waste,   123.62 KB ( <1%) overhead. 
      Class:      6.59 MB capacity,     6.21 MB ( 94%) used,   330.49 KB (  5%) free+waste,    57.69 KB ( <1%) overhead. 
       Both:     50.15 MB capacity,    49.15 MB ( 98%) used,   840.02 KB (  2%) free+waste,   181.31 KB ( <1%) overhead. 

Virtual space:
  Non-class space:       44.00 MB reserved,      43.67 MB (>99%) committed 
      Class space:        1.00 GB reserved,       6.62 MB ( <1%) committed 
             Both:        1.04 GB reserved,      50.29 MB (  5%) committed 

Chunk freelists:
   Non-Class:  27.00 KB
       Class:  8.00 KB
        Both:  35.00 KB

MaxMetaspaceSize: unlimited
CompressedClassSpaceSize: 1.00 GB
Initial GC threshold: 20.80 MB
Current GC threshold: 58.41 MB
CDS: off

CodeHeap 'non-profiled nmethods': size=120032Kb used=1928Kb max_used=1928Kb free=118103Kb
 bounds [0x00000001163b3000, 0x0000000116623000, 0x000000011d8eb000]
CodeHeap 'profiled nmethods': size=120032Kb used=8337Kb max_used=8337Kb free=111694Kb
 bounds [0x000000010ee7b000, 0x000000010f6ab000, 0x00000001163b3000]
CodeHeap 'non-nmethods': size=5696Kb used=1555Kb max_used=1583Kb free=4140Kb
 bounds [0x000000010e8eb000, 0x000000010eb5b000, 0x000000010ee7b000]
 total_blobs=5550 nmethods=4622 adapters=840
 compilation: enabled
              stopped_count=0, restarted_count=0
 full_count=0

Compilation events (20 events):
Event: 12.688 Thread 0x00007f7daa829800 nmethod 4640 0x000000010f68a410 code [0x000000010f68a620, 0x000000010f68a7b0]
Event: 12.688 Thread 0x00007f7daa829800 4637       1       javafx.scene.Node::isDerivedDepthTest (5 bytes)
Event: 12.688 Thread 0x00007f7daa829800 nmethod 4637 0x0000000116594890 code [0x0000000116594a40, 0x0000000116594af0]
Event: 12.690 Thread 0x00007f7daa829800 4643       3       com.sun.prism.es2.ES2Texture::updateWrapState (86 bytes)
Event: 12.691 Thread 0x00007f7daa829800 nmethod 4643 0x000000010f68a890 code [0x000000010f68ab00, 0x000000010f68b9d0]
Event: 12.691 Thread 0x00007f7daa829800 4645       3       com.sun.javafx.font.coretext.CTGlyph::checkBounds (457 bytes)
Event: 12.692 Thread 0x00007f7daa829800 nmethod 4645 0x000000010f68be90 code [0x000000010f68c260, 0x000000010f68d820]
Event: 12.692 Thread 0x00007f7daa829800 4646       3       com.sun.javafx.geom.transform.GeneralTransform3D::mul (800 bytes)
Event: 12.693 Thread 0x00007f7daa829800 nmethod 4646 0x000000010f68df10 code [0x000000010f68e220, 0x000000010f68f780]
Event: 12.693 Thread 0x00007f7daa829800 4647       3       com.sun.prism.impl.BaseTexture::unlock (8 bytes)
Event: 12.694 Thread 0x00007f7daa829800 nmethod 4647 0x000000010f690510 code [0x000000010f6906e0, 0x000000010f6909c0]
Event: 12.694 Thread 0x00007f7daa829800 4648       3       com.sun.prism.impl.ManagedResource::unlock (15 bytes)
Event: 12.694 Thread 0x00007f7daa829800 nmethod 4648 0x000000010f690b10 code [0x000000010f690ce0, 0x000000010f690f60]
Event: 12.694 Thread 0x00007f7daa829800 4650       3       com.sun.javafx.geom.transform.AffineBase::is2D (24 bytes)
Event: 12.694 Thread 0x00007f7daa829800 nmethod 4650 0x000000010f691090 code [0x000000010f691260, 0x000000010f6916f0]
Event: 12.694 Thread 0x00007f7daa829800 4649       3       com.sun.javafx.geom.transform.Affine3D::setTransform (101 bytes)
Event: 12.695 Thread 0x00007f7daa829800 nmethod 4649 0x000000010f691810 code [0x000000010f691a80, 0x000000010f692580]
Event: 12.695 Thread 0x00007f7daa829800 4644       3       com.sun.prism.es2.ES2Texture::updateFilterState (86 bytes)
Event: 12.696 Thread 0x00007f7daa829800 nmethod 4644 0x000000010f692790 code [0x000000010f692a00, 0x000000010f6938d0]
Event: 12.700 Thread 0x00007f7daa829800 4651       3       com.sun.marlin.DRenderer::_endRendering (2473 bytes)

GC Heap History (10 events):
Event: 0.534 GC heap before
{Heap before GC invocations=0 (full 0):
 garbage-first heap   total 131072K, used 14336K [0x0000000780000000, 0x0000000800000000)
  region size 1024K, 14 young (14336K), 0 survivors (0K)
 Metaspace       used 10010K, capacity 10221K, committed 10496K, reserved 1058816K
  class space    used 919K, capacity 986K, committed 1024K, reserved 1048576K
}
Event: 0.540 GC heap after
{Heap after GC invocations=1 (full 0):
 garbage-first heap   total 131072K, used 4772K [0x0000000780000000, 0x0000000800000000)
  region size 1024K, 2 young (2048K), 2 survivors (2048K)
 Metaspace       used 10010K, capacity 10221K, committed 10496K, reserved 1058816K
  class space    used 919K, capacity 986K, committed 1024K, reserved 1048576K
}
Event: 1.284 GC heap before
{Heap before GC invocations=1 (full 0):
 garbage-first heap   total 131072K, used 65188K [0x0000000780000000, 0x0000000800000000)
  region size 1024K, 63 young (64512K), 2 survivors (2048K)
 Metaspace       used 20683K, capacity 20979K, committed 21248K, reserved 1069056K
  class space    used 2168K, capacity 2273K, committed 2304K, reserved 1048576K
}
Event: 1.300 GC heap after
{Heap after GC invocations=2 (full 0):
 garbage-first heap   total 131072K, used 6530K [0x0000000780000000, 0x0000000800000000)
  region size 1024K, 4 young (4096K), 4 survivors (4096K)
 Metaspace       used 20683K, capacity 20979K, committed 21248K, reserved 1069056K
  class space    used 2168K, capacity 2273K, committed 2304K, reserved 1048576K
}
Event: 2.708 GC heap before
{Heap before GC invocations=3 (full 0):
 garbage-first heap   total 131072K, used 70018K [0x0000000780000000, 0x0000000800000000)
  region size 1024K, 64 young (65536K), 4 survivors (4096K)
 Metaspace       used 34501K, capacity 34967K, committed 35072K, reserved 1079296K
  class space    used 4177K, capacity 4348K, committed 4352K, reserved 1048576K
}
Event: 2.717 GC heap after
{Heap after GC invocations=4 (full 0):
 garbage-first heap   total 131072K, used 12119K [0x0000000780000000, 0x0000000800000000)
  region size 1024K, 8 young (8192K), 8 survivors (8192K)
 Metaspace       used 34501K, capacity 34967K, committed 35072K, reserved 1079296K
  class space    used 4177K, capacity 4348K, committed 4352K, reserved 1048576K
}
Event: 2.746 GC heap before
{Heap before GC invocations=4 (full 0):
 garbage-first heap   total 131072K, used 13143K [0x0000000780000000, 0x0000000800000000)
  region size 1024K, 10 young (10240K), 8 survivors (8192K)
 Metaspace       used 35019K, capacity 35447K, committed 35628K, reserved 1081344K
  class space    used 4218K, capacity 4380K, committed 4480K, reserved 1048576K
}
Event: 2.754 GC heap after
{Heap after GC invocations=5 (full 0):
 garbage-first heap   total 131072K, used 12178K [0x0000000780000000, 0x0000000800000000)
  region size 1024K, 4 young (4096K), 4 survivors (4096K)
 Metaspace       used 35019K, capacity 35447K, committed 35628K, reserved 1081344K
  class space    used 4218K, capacity 4380K, committed 4480K, reserved 1048576K
}
Event: 11.597 GC heap before
{Heap before GC invocations=6 (full 0):
 garbage-first heap   total 131072K, used 90002K [0x0000000780000000, 0x0000000800000000)
  region size 1024K, 75 young (76800K), 4 survivors (4096K)
 Metaspace       used 49973K, capacity 50952K, committed 51244K, reserved 1093632K
  class space    used 6345K, capacity 6732K, committed 6784K, reserved 1048576K
}
Event: 11.617 GC heap after
{Heap after GC invocations=7 (full 0):
 garbage-first heap   total 157696K, used 20039K [0x0000000780000000, 0x0000000800000000)
  region size 1024K, 10 young (10240K), 10 survivors (10240K)
 Metaspace       used 49973K, capacity 50952K, committed 51244K, reserved 1093632K
  class space    used 6345K, capacity 6732K, committed 6784K, reserved 1048576K
}

Deoptimization events (20 events):
Event: 12.653 Thread 0x00007f7daaedc800 Uncommon trap: trap_request=0xffffff4d fr.pc=0x000000011653bb8c relative=0x000000000000026c
Event: 12.653 Thread 0x00007f7daaedc800 Uncommon trap: reason=unstable_if action=reinterpret pc=0x000000011653bb8c method=java.lang.String.equals(Ljava/lang/Object;)Z @ 27 c2
Event: 12.653 Thread 0x00007f7daaedc800 DEOPT PACKING pc=0x000000011653bb8c sp=0x00007ff7beb74540
Event: 12.653 Thread 0x00007f7daaedc800 DEOPT UNPACKING pc=0x000000010e934ea5 sp=0x00007ff7beb74500 mode 2
Event: 12.699 Thread 0x00007f7dab9fe000 Uncommon trap: trap_request=0xffffff4d fr.pc=0x0000000116558150 relative=0x0000000000002e10
Event: 12.699 Thread 0x00007f7dab9fe000 Uncommon trap: reason=unstable_if action=reinterpret pc=0x0000000116558150 method=com.sun.marlin.DRenderer._endRendering(IILcom/sun/marlin/MarlinAlphaConsumer;)V @ 1092 c2
Event: 12.699 Thread 0x00007f7dab9fe000 DEOPT PACKING pc=0x0000000116558150 sp=0x0000700004d0e440
Event: 12.699 Thread 0x00007f7dab9fe000 DEOPT UNPACKING pc=0x000000010e934ea5 sp=0x0000700004d0e2e0 mode 2
Event: 12.699 Thread 0x00007f7dab9fe000 Uncommon trap: trap_request=0xffffff4d fr.pc=0x000000011654eb08 relative=0x0000000000003988
Event: 12.699 Thread 0x00007f7dab9fe000 Uncommon trap: reason=unstable_if action=reinterpret pc=0x000000011654eb08 method=com.sun.marlin.DRenderer._endRendering(IILcom/sun/marlin/MarlinAlphaConsumer;)V @ 1092 c2
Event: 12.699 Thread 0x00007f7dab9fe000 DEOPT PACKING pc=0x000000011654eb08 sp=0x0000700004d0e3f0
Event: 12.699 Thread 0x00007f7dab9fe000 DEOPT UNPACKING pc=0x000000010e934ea5 sp=0x0000700004d0e2e0 mode 2
Event: 12.704 Thread 0x00007f7dab9fe000 Uncommon trap: trap_request=0xffffff4d fr.pc=0x0000000116529c60 relative=0x00000000000009a0
Event: 12.704 Thread 0x00007f7dab9fe000 Uncommon trap: reason=unstable_if action=reinterpret pc=0x0000000116529c60 method=com.sun.marlin.MaskMarlinAlphaConsumer.setAndClearRelativeAlphas([I[IIII)V @ 82 c2
Event: 12.704 Thread 0x00007f7dab9fe000 DEOPT PACKING pc=0x0000000116529c60 sp=0x0000700004d0e1d0
Event: 12.704 Thread 0x00007f7dab9fe000 DEOPT UNPACKING pc=0x000000010e934ea5 sp=0x0000700004d0e0f0 mode 2
Event: 12.705 Thread 0x00007f7dab9fe000 DEOPT PACKING pc=0x000000010f53eb7e sp=0x0000700004d0e100
Event: 12.705 Thread 0x00007f7dab9fe000 DEOPT UNPACKING pc=0x000000010e93564a sp=0x0000700004d0d4d8 mode 0
Event: 12.706 Thread 0x00007f7dab9fe000 DEOPT PACKING pc=0x000000010f53af46 sp=0x0000700004d0e040
Event: 12.706 Thread 0x00007f7dab9fe000 DEOPT UNPACKING pc=0x000000010e93564a sp=0x0000700004d0d4c8 mode 0

Classes redefined (0 events):
No events

Internal exceptions (20 events):
Event: 4.847 Thread 0x00007f7daaedc800 Exception <a 'java/lang/NullPointerException'{0x000000078524cc18}> (0x000000078524cc18) thrown at [./src/hotspot/share/interpreter/linkResolver.cpp, line 1358]
Event: 4.847 Thread 0x00007f7daaedc800 Exception <a 'java/lang/NullPointerException'{0x000000078524cc18}> (0x000000078524cc18) thrown at [./src/hotspot/share/prims/jvm.cpp, line 1310]
Event: 4.852 Thread 0x00007f7daaedc800 Exception <a 'java/lang/NoSuchMethodError'{0x0000000785271c20}: 'void java.lang.invoke.DirectMethodHandle$Holder.invokeSpecial(java.lang.Object, java.lang.Object, java.lang.Object, java.lang.Object, java.lang.Object)'> (0x0000000785271c20) thrown at [./src/hotspot/share/interpreter/linkResolver.cpp, line 773]
Event: 4.899 Thread 0x00007f7daaedc800 Exception <a 'java/lang/NoSuchMethodError'{0x000000078500a0d8}: 'java.lang.Object java.lang.invoke.DirectMethodHandle$Holder.invokeSpecial(java.lang.Object, java.lang.Object, java.lang.Object, int, java.lang.Object)'> (0x000000078500a0d8) thrown at [./src/hotspot/share/interpreter/linkResolver.cpp, line 773]
Event: 4.900 Thread 0x00007f7daaedc800 Exception <a 'java/lang/NoSuchMethodError'{0x0000000785014080}: 'java.lang.Object java.lang.invoke.Invokers$Holder.linkToTargetMethod(java.lang.Object, int, java.lang.Object, java.lang.Object)'> (0x0000000785014080) thrown at [./src/hotspot/share/interpreter/linkResolver.cpp, line 773]
Event: 5.082 Thread 0x00007f7daaedc800 Exception <a 'java/lang/NoSuchMethodError'{0x0000000784bef058}: 'void java.lang.invoke.DirectMethodHandle$Holder.invokeStaticInit(java.lang.Object, java.lang.Object)'> (0x0000000784bef058) thrown at [./src/hotspot/share/interpreter/linkResolver.cpp, line 773]
Event: 5.570 Thread 0x00007f7daaedc800 Exception <a 'java/lang/NoSuchMethodError'{0x00000007844729c0}: 'java.lang.Object java.lang.invoke.Invokers$Holder.linkToTargetMethod(java.lang.Object, int, java.lang.Object)'> (0x00000007844729c0) thrown at [./src/hotspot/share/interpreter/linkResolver.cpp, line 773]
Event: 5.595 Thread 0x00007f7daaedc800 Exception <a 'java/lang/IncompatibleClassChangeError'{0x0000000784338e70}: Found class java.lang.Object, but interface was expected> (0x0000000784338e70) thrown at [./src/hotspot/share/interpreter/linkResolver.cpp, line 839]
Event: 5.763 Thread 0x00007f7dab9fe000 Exception <a 'java/lang/NoSuchMethodError'{0x00000007841b5fd8}: 'int java.lang.invoke.DirectMethodHandle$Holder.invokeStaticInit(java.lang.Object, java.lang.Object)'> (0x00000007841b5fd8) thrown at [./src/hotspot/share/interpreter/linkResolver.cpp, line 773]
Event: 5.851 Thread 0x00007f7daaedc800 Exception <a 'java/lang/NoSuchMethodError'{0x00000007841611d8}: 'java.lang.Object java.lang.invoke.DirectMethodHandle$Holder.invokeStatic(java.lang.Object, java.lang.Object, long, int, int, int)'> (0x00000007841611d8) thrown at [./src/hotspot/share/interpreter/linkResolver.cpp, line 773]
Event: 5.853 Thread 0x00007f7daaedc800 Exception <a 'java/lang/NoSuchMethodError'{0x0000000784174e40}: 'java.lang.Object java.lang.invoke.DirectMethodHandle$Holder.invokeStatic(java.lang.Object, java.lang.Object, int, java.lang.Object, long, int, int, int, int)'> (0x0000000784174e40) thrown at [./src/hotspot/share/interpreter/linkResolver.cpp, line 773]
Event: 6.534 Thread 0x00007f7daaedc800 Exception <a 'java/lang/NoSuchMethodError'{0x0000000783c68058}: 'java.lang.Object java.lang.invoke.DirectMethodHandle$Holder.invokeStatic(java.lang.Object, java.lang.Object, int, int, int, int, int, java.lang.Object)'> (0x0000000783c68058) thrown at [./src/hotspot/share/interpreter/linkResolver.cpp, line 773]
Event: 6.535 Thread 0x00007f7daaedc800 Exception <a 'java/lang/NoSuchMethodError'{0x0000000783c78a20}: 'java.lang.Object java.lang.invoke.DirectMethodHandle$Holder.invokeStatic(java.lang.Object, java.lang.Object, java.lang.Object, int, int, int, int, int)'> (0x0000000783c78a20) thrown at [./src/hotspot/share/interpreter/linkResolver.cpp, line 773]
Event: 6.536 Thread 0x00007f7daaedc800 Exception <a 'java/lang/NoSuchMethodError'{0x0000000783c7f530}: 'java.lang.Object java.lang.invoke.Invokers$Holder.linkToTargetMethod(java.lang.Object, java.lang.Object, int, int, int, int, int, java.lang.Object)'> (0x0000000783c7f530) thrown at [./src/hotspot/share/interpreter/linkResolver.cpp, line 773]
Event: 6.541 Thread 0x00007f7daaedc800 Exception <a 'java/lang/NoSuchMethodError'{0x0000000783c99ac8}: 'long java.lang.invoke.DirectMethodHandle$Holder.invokeStaticInit(java.lang.Object, java.lang.Object, java.lang.Object)'> (0x0000000783c99ac8) thrown at [./src/hotspot/share/interpreter/linkResolver.cpp, line 773]
Event: 6.544 Thread 0x00007f7daaedc800 Exception <a 'java/lang/NoSuchMethodError'{0x0000000783cb1fd0}: 'java.lang.Object java.lang.invoke.DirectMethodHandle$Holder.invokeStatic(java.lang.Object, java.lang.Object, long)'> (0x0000000783cb1fd0) thrown at [./src/hotspot/share/interpreter/linkResolver.cpp, line 773]
Event: 6.545 Thread 0x00007f7daaedc800 Exception <a 'java/lang/NoSuchMethodError'{0x0000000783cb8148}: 'java.lang.Object java.lang.invoke.Invokers$Holder.linkToTargetMethod(java.lang.Object, long, java.lang.Object)'> (0x0000000783cb8148) thrown at [./src/hotspot/share/interpreter/linkResolver.cpp, line 773]
Event: 6.644 Thread 0x00007f7daaedc800 Exception <a 'java/lang/ClassNotFoundException'{0x0000000783920540}: com/sun/javafx/scene/control/skin/resources/controls> (0x0000000783920540) thrown at [./src/hotspot/share/prims/jni.cpp, line 636]
Event: 6.645 Thread 0x00007f7daaedc800 Exception <a 'java/lang/ClassNotFoundException'{0x000000078392e638}: com/sun/javafx/scene/control/skin/resources/controls_hu> (0x000000078392e638) thrown at [./src/hotspot/share/prims/jni.cpp, line 636]
Event: 6.645 Thread 0x00007f7daaedc800 Exception <a 'java/lang/ClassNotFoundException'{0x0000000783932420}: com/sun/javafx/scene/control/skin/resources/controls_hu_HU> (0x0000000783932420) thrown at [./src/hotspot/share/prims/jni.cpp, line 636]

Events (20 events):
Event: 12.346 loading class com/ibm/ws/Transaction/TransactionManagerFactory done
Event: 12.346 loading class com/ibm/ws/Transaction/TransactionManagerFactory
Event: 12.346 loading class com/ibm/ws/Transaction/TransactionManagerFactory done
Event: 12.347 Executing VM operation: RevokeBias
Event: 12.347 Executing VM operation: RevokeBias done
Event: 12.352 Executing VM operation: RevokeBias
Event: 12.353 Executing VM operation: RevokeBias done
Event: 12.353 Protecting memory [0x00007000053ae000,0x00007000053b2000] with protection modes 3
Event: 12.353 Thread 0x00007f7dae88f000 Thread exited: 0x00007f7dae88f000
Event: 12.491 Loaded shared library /Library/Java/JavaVirtualMachines/temurin-11.jdk/Contents/Home/lib/libnio.dylib
Event: 12.645 Executing VM operation: RevokeBias
Event: 12.645 Executing VM operation: RevokeBias done
Event: 12.645 Protecting memory [0x00007000052ab000,0x00007000052af000] with protection modes 3
Event: 12.645 Thread 0x00007f7daaf23000 Thread exited: 0x00007f7daaf23000
Event: 12.648 loading class hu/unideb/inf/FXMLMainmenuSceneController
Event: 12.648 loading class hu/unideb/inf/FXMLMainmenuSceneController done
Event: 12.688 Loaded shared library /Users/szabosandor/.openjfx/cache/17.0.0.1/libprism_es2.dylib
Event: 12.689 Loaded shared library /Users/szabosandor/.openjfx/cache/17.0.0.1/libprism_es2.dylib
Event: 12.708 Executing VM operation: RevokeBias
Event: 12.709 Executing VM operation: RevokeBias done


Dynamic libraries:
0x00000001014a3000 	/Library/Java/JavaVirtualMachines/temurin-11.jdk/Contents/Home/lib/jli/libjli.dylib
0x00007ff81bf7c000 	/System/Library/Frameworks/Cocoa.framework/Versions/A/Cocoa
0x00007ff807e01000 	/System/Library/Frameworks/AppKit.framework/Versions/C/AppKit
0x00007ff80b2f7000 	/System/Library/Frameworks/CoreData.framework/Versions/A/CoreData
0x00007ff806218000 	/System/Library/Frameworks/Foundation.framework/Versions/C/Foundation
0x00007ff8100b7000 	/usr/lib/libSystem.B.dylib
0x00007ff808c90000 	/System/Library/PrivateFrameworks/UIFoundation.framework/Versions/A/UIFoundation
0x00007ff815f2d000 	/System/Library/PrivateFrameworks/RemoteViewServices.framework/Versions/A/RemoteViewServices
0x00007ff80e31d000 	/System/Library/PrivateFrameworks/XCTTargetBootstrap.framework/Versions/A/XCTTargetBootstrap
0x00007ff811ec7000 	/System/Library/PrivateFrameworks/InternationalSupport.framework/Versions/A/InternationalSupport
0x00007ff811f51000 	/System/Library/PrivateFrameworks/UserActivity.framework/Versions/A/UserActivity
0x00007ff8112a7000 	/usr/lib/libspindump.dylib
0x00007ff808f1e000 	/System/Library/Frameworks/UniformTypeIdentifiers.framework/Versions/A/UniformTypeIdentifiers
0x00007ff80ca5a000 	/usr/lib/libapp_launch_measurement.dylib
0x00007ff80bcc3000 	/System/Library/PrivateFrameworks/CoreAnalytics.framework/Versions/A/CoreAnalytics
0x00007ff80ca5d000 	/System/Library/PrivateFrameworks/CoreAutoLayout.framework/Versions/A/CoreAutoLayout
0x00007ff80dc7d000 	/System/Library/Frameworks/Metal.framework/Versions/A/Metal
0x00007ff80e993000 	/usr/lib/liblangid.dylib
0x00007ff80e321000 	/System/Library/PrivateFrameworks/CoreSVG.framework/Versions/A/CoreSVG
0x00007ff80a2e5000 	/System/Library/PrivateFrameworks/SkyLight.framework/Versions/A/SkyLight
0x00007ff80a678000 	/System/Library/Frameworks/CoreGraphics.framework/Versions/A/CoreGraphics
0x00007ff81659c000 	/System/Library/Frameworks/Accelerate.framework/Versions/A/Accelerate
0x00007ff810d22000 	/System/Library/PrivateFrameworks/IconServices.framework/Versions/A/IconServices
0x00007ff80dc62000 	/System/Library/Frameworks/IOSurface.framework/Versions/A/IOSurface
0x00007ff80bcf1000 	/usr/lib/libDiagnosticMessagesClient.dylib
0x00007ff80ffd7000 	/usr/lib/libz.1.dylib
0x00007ff819c0b000 	/System/Library/Frameworks/ApplicationServices.framework/Versions/A/ApplicationServices
0x00007ff80e309000 	/System/Library/PrivateFrameworks/DFRFoundation.framework/Versions/A/DFRFoundation
0x00007ff8076f2000 	/usr/lib/libicucore.A.dylib
0x00007ff812bec000 	/System/Library/Frameworks/AudioToolbox.framework/Versions/A/AudioToolbox
0x00007ff811ed3000 	/System/Library/PrivateFrameworks/DataDetectorsCore.framework/Versions/A/DataDetectorsCore
0x00007ff90d832000 	/System/Library/PrivateFrameworks/TextInput.framework/Versions/A/TextInput
0x00007ff80a269000 	/usr/lib/libMobileGestalt.dylib
0x00007ff80e011000 	/System/Library/Frameworks/Carbon.framework/Versions/A/Frameworks/HIToolbox.framework/Versions/A/HIToolbox
0x00007ff80c487000 	/System/Library/Frameworks/QuartzCore.framework/Versions/A/QuartzCore
0x00007ff807392000 	/System/Library/Frameworks/Security.framework/Versions/A/Security
0x00007ff815f65000 	/System/Library/Frameworks/Carbon.framework/Versions/A/Frameworks/SpeechRecognition.framework/Versions/A/SpeechRecognition
0x00007ff80c7ba000 	/System/Library/PrivateFrameworks/CoreUI.framework/Versions/A/CoreUI
0x00007ff806c6a000 	/System/Library/Frameworks/CoreAudio.framework/Versions/A/CoreAudio
0x00007ff80bddf000 	/System/Library/Frameworks/DiskArbitration.framework/Versions/A/DiskArbitration
0x00007ff81168e000 	/System/Library/PrivateFrameworks/MultitouchSupport.framework/Versions/A/MultitouchSupport
0x00007ff80a268000 	/usr/lib/libenergytrace.dylib
0x00007ff807ced000 	/System/Library/Frameworks/IOKit.framework/Versions/A/IOKit
0x00007ff816351000 	/System/Library/Frameworks/CoreServices.framework/Versions/A/CoreServices
0x00007ff80c9f4000 	/System/Library/PrivateFrameworks/PerformanceAnalysis.framework/Versions/A/PerformanceAnalysis
0x00007ffa1cffd000 	/System/Library/Frameworks/OpenGL.framework/Versions/A/OpenGL
0x00007ff80f608000 	/System/Library/PrivateFrameworks/MobileKeyBag.framework/Versions/A/MobileKeyBag
0x00007ff8051d9000 	/usr/lib/libobjc.A.dylib
0x00007ff80ad44000 	/System/Library/Frameworks/ColorSync.framework/Versions/A/ColorSync
0x00007ff805392000 	/System/Library/Frameworks/CoreFoundation.framework/Versions/A/CoreFoundation
0x00007ff80e59a000 	/System/Library/Frameworks/CoreImage.framework/Versions/A/CoreImage
0x00007ff806a80000 	/System/Library/Frameworks/CoreText.framework/Versions/A/CoreText
0x00007ff80e350000 	/System/Library/Frameworks/ImageIO.framework/Versions/A/ImageIO
0x00007ff8100bd000 	/System/Library/PrivateFrameworks/SoftLinking.framework/Versions/A/SoftLinking
0x00007ff80caa5000 	/usr/lib/libxml2.2.dylib
0x00007ff80529f000 	/usr/lib/libc++.1.dylib
0x00007ff810341000 	/usr/lib/libcompression.dylib
0x00007ff811dfd000 	/System/Library/PrivateFrameworks/TextureIO.framework/Versions/A/TextureIO
0x00007ff810a34000 	/usr/lib/libate.dylib
0x00007ff8100b2000 	/usr/lib/system/libcache.dylib
0x00007ff81006e000 	/usr/lib/system/libcommonCrypto.dylib
0x00007ff810097000 	/usr/lib/system/libcompiler_rt.dylib
0x00007ff81008d000 	/usr/lib/system/libcopyfile.dylib
0x00007ff8050d3000 	/usr/lib/system/libcorecrypto.dylib
0x00007ff805192000 	/usr/lib/system/libdispatch.dylib
0x00007ff805351000 	/usr/lib/system/libdyld.dylib
0x00007ff8100a9000 	/usr/lib/system/libkeymgr.dylib
0x00007ff81004c000 	/usr/lib/system/libmacho.dylib
0x00007ff80f6dc000 	/usr/lib/system/libquarantine.dylib
0x00007ff8100a7000 	/usr/lib/system/libremovefile.dylib
0x00007ff80a2b5000 	/usr/lib/system/libsystem_asl.dylib
0x00007ff805081000 	/usr/lib/system/libsystem_blocks.dylib
0x00007ff805216000 	/usr/lib/system/libsystem_c.dylib
0x00007ff81009f000 	/usr/lib/system/libsystem_collections.dylib
0x00007ff80e984000 	/usr/lib/system/libsystem_configuration.dylib
0x00007ff80dc45000 	/usr/lib/system/libsystem_containermanager.dylib
0x00007ff80fd89000 	/usr/lib/system/libsystem_coreservices.dylib
0x00007ff80797b000 	/usr/lib/system/libsystem_darwin.dylib
0x00007ff8100aa000 	/usr/lib/system/libsystem_dnssd.dylib
0x00007ff805213000 	/usr/lib/system/libsystem_featureflags.dylib
0x00007ff805367000 	/usr/lib/system/libsystem_info.dylib
0x00007ff80ffea000 	/usr/lib/system/libsystem_m.dylib
0x00007ff805166000 	/usr/lib/system/libsystem_malloc.dylib
0x00007ff80a252000 	/usr/lib/system/libsystem_networkextension.dylib
0x00007ff807da3000 	/usr/lib/system/libsystem_notify.dylib
0x00007ff816226000 	/usr/lib/system/libsystem_product_info_filter.dylib
0x00007ff80e988000 	/usr/lib/system/libsystem_sandbox.dylib
0x00007ff8100a4000 	/usr/lib/system/libsystem_secinit.dylib
0x00007ff80530e000 	/usr/lib/system/libsystem_kernel.dylib
0x00007ff80535d000 	/usr/lib/system/libsystem_platform.dylib
0x00007ff805345000 	/usr/lib/system/libsystem_pthread.dylib
0x00007ff80bb0a000 	/usr/lib/system/libsystem_symptoms.dylib
0x00007ff8050ba000 	/usr/lib/system/libsystem_trace.dylib
0x00007ff81007a000 	/usr/lib/system/libunwind.dylib
0x00007ff805083000 	/usr/lib/system/libxpc.dylib
0x00007ff8052f8000 	/usr/lib/libc++abi.dylib
0x00007ff810085000 	/usr/lib/liboah.dylib
0x00007ff810812000 	/usr/lib/liblzma.5.dylib
0x00007ff805f29000 	/System/Library/Frameworks/SystemConfiguration.framework/Versions/A/SystemConfiguration
0x00007ff8100b9000 	/usr/lib/libfakelink.dylib
0x00007ff809dbb000 	/System/Library/Frameworks/CFNetwork.framework/Versions/A/CFNetwork
0x00007ff8101f8000 	/usr/lib/libarchive.2.dylib
0x00007ff80e98f000 	/System/Library/PrivateFrameworks/AppleSystemInfo.framework/Versions/A/AppleSystemInfo
0x00007ff80f703000 	/usr/lib/libbsm.0.dylib
0x00007ff8093f1000 	/usr/lib/libnetwork.dylib
0x00007ff810052000 	/usr/lib/system/libkxld.dylib
0x00007ff80f331000 	/System/Library/PrivateFrameworks/IOMobileFramebuffer.framework/Versions/A/IOMobileFramebuffer
0x00007ffb1adab000 	/usr/lib/libCoreEntitlements.dylib
0x00007ff80fd6b000 	/System/Library/PrivateFrameworks/AppleFSCompression.framework/Versions/A/AppleFSCompression
0x00007ff80f6eb000 	/usr/lib/libcoretls.dylib
0x00007ff81082c000 	/usr/lib/libcoretls_cfhelpers.dylib
0x00007ff81033c000 	/usr/lib/libpam.2.dylib
0x00007ff80b72c000 	/usr/lib/libsqlite3.dylib
0x00007ff81089b000 	/usr/lib/libxar.1.dylib
0x00007ff80fd7b000 	/usr/lib/libbz2.1.0.dylib
0x00007ff8100be000 	/usr/lib/libpcap.A.dylib
0x00007ff80bb01000 	/usr/lib/libdns_services.dylib
0x00007ff81030b000 	/usr/lib/libapple_nghttp2.dylib
0x00007ff8100f5000 	/usr/lib/libiconv.2.dylib
0x00007ff81004b000 	/usr/lib/libcharset.1.dylib
0x00007ff80ca28000 	/System/Library/Frameworks/CoreServices.framework/Versions/A/Frameworks/FSEvents.framework/Versions/A/FSEvents
0x00007ff807985000 	/System/Library/Frameworks/CoreServices.framework/Versions/A/Frameworks/CarbonCore.framework/Versions/A/CarbonCore
0x00007ff80bd44000 	/System/Library/Frameworks/CoreServices.framework/Versions/A/Frameworks/Metadata.framework/Versions/A/Metadata
0x00007ff80fd8e000 	/System/Library/Frameworks/CoreServices.framework/Versions/A/Frameworks/OSServices.framework/Versions/A/OSServices
0x00007ff81027f000 	/System/Library/Frameworks/CoreServices.framework/Versions/A/Frameworks/SearchKit.framework/Versions/A/SearchKit
0x00007ff80ba93000 	/System/Library/Frameworks/CoreServices.framework/Versions/A/Frameworks/AE.framework/Versions/A/AE
0x00007ff805895000 	/System/Library/Frameworks/CoreServices.framework/Versions/A/Frameworks/LaunchServices.framework/Versions/A/LaunchServices
0x00007ff8107c3000 	/System/Library/Frameworks/CoreServices.framework/Versions/A/Frameworks/DictionaryServices.framework/Versions/A/DictionaryServices
0x00007ff80ca35000 	/System/Library/Frameworks/CoreServices.framework/Versions/A/Frameworks/SharedFileList.framework/Versions/A/SharedFileList
0x00007ff80f6df000 	/usr/lib/libCheckFix.dylib
0x00007ff80a2cc000 	/System/Library/PrivateFrameworks/TCC.framework/Versions/A/TCC
0x00007ff80e995000 	/System/Library/PrivateFrameworks/CoreNLP.framework/Versions/A/CoreNLP
0x00007ff80bcf4000 	/System/Library/PrivateFrameworks/MetadataUtilities.framework/Versions/A/MetadataUtilities
0x00007ff805fd9000 	/usr/lib/libmecabra.dylib
0x00007ff80f713000 	/usr/lib/libmecab.dylib
0x00007ff805fa4000 	/usr/lib/libCRFSuite.dylib
0x00007ff80f770000 	/usr/lib/libgermantok.dylib
0x00007ff8102e6000 	/usr/lib/libThaiTokenizer.dylib
0x00007ff80bde6000 	/System/Library/Frameworks/Accelerate.framework/Versions/A/Frameworks/vImage.framework/Versions/A/vImage
0x00007ff816328000 	/System/Library/Frameworks/Accelerate.framework/Versions/A/Frameworks/vecLib.framework/Versions/A/vecLib
0x00007ff8108dc000 	/System/Library/Frameworks/Accelerate.framework/Versions/A/Frameworks/vecLib.framework/Versions/A/libvMisc.dylib
0x00007ff80f14f000 	/System/Library/Frameworks/Accelerate.framework/Versions/A/Frameworks/vecLib.framework/Versions/A/libvDSP.dylib
0x00007ff805c0d000 	/System/Library/Frameworks/Accelerate.framework/Versions/A/Frameworks/vecLib.framework/Versions/A/libBLAS.dylib
0x00007ff81041d000 	/System/Library/Frameworks/Accelerate.framework/Versions/A/Frameworks/vecLib.framework/Versions/A/libLAPACK.dylib
0x00007ff80f773000 	/System/Library/Frameworks/Accelerate.framework/Versions/A/Frameworks/vecLib.framework/Versions/A/libLinearAlgebra.dylib
0x00007ff810324000 	/System/Library/Frameworks/Accelerate.framework/Versions/A/Frameworks/vecLib.framework/Versions/A/libSparseBLAS.dylib
0x00007ff810417000 	/System/Library/Frameworks/Accelerate.framework/Versions/A/Frameworks/vecLib.framework/Versions/A/libQuadrature.dylib
0x00007ff80ea7f000 	/System/Library/Frameworks/Accelerate.framework/Versions/A/Frameworks/vecLib.framework/Versions/A/libBNNS.dylib
0x00007ff805eba000 	/System/Library/Frameworks/Accelerate.framework/Versions/A/Frameworks/vecLib.framework/Versions/A/libSparse.dylib
0x00007ff80ea78000 	/System/Library/PrivateFrameworks/LinguisticData.framework/Versions/A/LinguisticData
0x00007ff805e6f000 	/System/Library/PrivateFrameworks/Lexicon.framework/Versions/A/Lexicon
0x00007ff8108d5000 	/usr/lib/libChineseTokenizer.dylib
0x00007ff8065d3000 	/System/Library/PrivateFrameworks/LanguageModeling.framework/Versions/A/LanguageModeling
0x00007ff8102e8000 	/System/Library/PrivateFrameworks/AppleSauce.framework/Versions/A/AppleSauce
0x00007ff80f31f000 	/System/Library/PrivateFrameworks/CoreEmoji.framework/Versions/A/CoreEmoji
0x00007ff8101e7000 	/usr/lib/libcmph.dylib
0x00007ff80ca0c000 	/System/Library/Frameworks/OpenDirectory.framework/Versions/A/Frameworks/CFOpenDirectory.framework/Versions/A/CFOpenDirectory
0x00007ff80ca00000 	/System/Library/Frameworks/OpenDirectory.framework/Versions/A/OpenDirectory
0x00007ff81082e000 	/System/Library/PrivateFrameworks/APFS.framework/Versions/A/APFS
0x00007ff80f640000 	/System/Library/Frameworks/SecurityFoundation.framework/Versions/A/SecurityFoundation
0x00007ff8108a9000 	/usr/lib/libutil.dylib
0x00007ff807cb0000 	/System/Library/PrivateFrameworks/CoreServicesStore.framework/Versions/A/CoreServicesStore
0x00007ff8108ad000 	/usr/lib/libxslt.1.dylib
0x00007ff80f6cd000 	/System/Library/PrivateFrameworks/BackgroundTaskManagement.framework/Versions/A/BackgroundTaskManagement
0x00007ff811d1d000 	/System/Library/Frameworks/ImageIO.framework/Versions/A/Resources/libRadiance.dylib
0x00007ff811d26000 	/System/Library/Frameworks/ImageIO.framework/Versions/A/Resources/libJPEG.dylib
0x00007ff811c76000 	/System/Library/Frameworks/ImageIO.framework/Versions/A/Resources/libPng.dylib
0x00007ff811c97000 	/System/Library/Frameworks/ImageIO.framework/Versions/A/Resources/libTIFF.dylib
0x00007ff811d86000 	/System/Library/Frameworks/ImageIO.framework/Versions/A/Resources/libGIF.dylib
0x00007ff8115a7000 	/System/Library/Frameworks/ImageIO.framework/Versions/A/Resources/libJP2.dylib
0x00007ff810ce9000 	/usr/lib/libexpat.1.dylib
0x00007ff81155c000 	/System/Library/PrivateFrameworks/AppleJPEG.framework/Versions/A/AppleJPEG
0x00007ff80ded8000 	/System/Library/PrivateFrameworks/FontServices.framework/libFontParser.dylib
0x00007ff80ba3d000 	/System/Library/PrivateFrameworks/RunningBoardServices.framework/Versions/A/RunningBoardServices
0x00007ff81c4f6000 	/System/Library/PrivateFrameworks/IOSurfaceAccelerator.framework/Versions/A/IOSurfaceAccelerator
0x00007ff81168a000 	/System/Library/PrivateFrameworks/WatchdogClient.framework/Versions/A/WatchdogClient
0x00007ff8066c2000 	/System/Library/Frameworks/CoreDisplay.framework/Versions/A/CoreDisplay
0x00007ff80ddd7000 	/System/Library/Frameworks/CoreMedia.framework/Versions/A/CoreMedia
0x00007ff80dc74000 	/System/Library/PrivateFrameworks/IOAccelerator.framework/Versions/A/IOAccelerator
0x00007ff80cb88000 	/System/Library/Frameworks/CoreVideo.framework/Versions/A/CoreVideo
0x00007ff81033a000 	/System/Library/Frameworks/MetalPerformanceShaders.framework/Versions/A/MetalPerformanceShaders
0x00007ff8116c5000 	/System/Library/Frameworks/VideoToolbox.framework/Versions/A/VideoToolbox
0x00007ff80b985000 	/System/Library/PrivateFrameworks/BaseBoard.framework/Versions/A/BaseBoard
0x00007ff80b712000 	/System/Library/PrivateFrameworks/ProtocolBuffer.framework/Versions/A/ProtocolBuffer
0x00007ff811d16000 	/System/Library/PrivateFrameworks/GPUWrangler.framework/Versions/A/GPUWrangler
0x00007ff811cf9000 	/System/Library/PrivateFrameworks/IOPresentment.framework/Versions/A/IOPresentment
0x00007ff811d20000 	/System/Library/PrivateFrameworks/DSExternalDisplay.framework/Versions/A/DSExternalDisplay
0x00007ffa1cff1000 	/System/Library/Frameworks/OpenGL.framework/Versions/A/Libraries/libCoreFSCache.dylib
0x00007ffb09095000 	/System/Library/PrivateFrameworks/GPUCompiler.framework/Versions/31001/Libraries/libGPUCompilerUtils.dylib
0x00007ff811d8b000 	/System/Library/PrivateFrameworks/CMCaptureCore.framework/Versions/A/CMCaptureCore
0x00007ff811295000 	/System/Library/PrivateFrameworks/AppServerSupport.framework/Versions/A/AppServerSupport
0x00007ff813472000 	/System/Library/PrivateFrameworks/perfdata.framework/Versions/A/perfdata
0x00007ff8067ee000 	/System/Library/PrivateFrameworks/AudioToolboxCore.framework/Versions/A/AudioToolboxCore
0x00007ff80ddb4000 	/System/Library/PrivateFrameworks/caulk.framework/Versions/A/caulk
0x00007ff812d96000 	/usr/lib/libAudioStatistics.dylib
0x00007ff90a0c3000 	/System/Library/PrivateFrameworks/SystemPolicy.framework/Versions/A/SystemPolicy
0x00007ff812feb000 	/usr/lib/libSMC.dylib
0x00007ff81be2f000 	/System/Library/Frameworks/CoreMIDI.framework/Versions/A/CoreMIDI
0x00007ff811c46000 	/usr/lib/libAudioToolboxUtility.dylib
0x00007ff9064d5000 	/System/Library/PrivateFrameworks/OSAServicesClient.framework/Versions/A/OSAServicesClient
0x00007ff81347f000 	/usr/lib/libperfcheck.dylib
0x00007ff90ab55000 	/usr/lib/libmis.dylib
0x00007ffa1d04d000 	/System/Library/Frameworks/OpenGL.framework/Versions/A/Libraries/libGLU.dylib
0x00007ffa1d010000 	/System/Library/Frameworks/OpenGL.framework/Versions/A/Libraries/libGFXShared.dylib
0x00007ffa1d21e000 	/System/Library/Frameworks/OpenGL.framework/Versions/A/Libraries/libGL.dylib
0x00007ffa1d019000 	/System/Library/Frameworks/OpenGL.framework/Versions/A/Libraries/libGLImage.dylib
0x00007ffa1d00d000 	/System/Library/Frameworks/OpenGL.framework/Versions/A/Libraries/libCVMSPluginSupport.dylib
0x00007ffa1cff8000 	/System/Library/Frameworks/OpenGL.framework/Versions/A/Libraries/libCoreVMClient.dylib
0x00007ff80e913000 	/System/Library/Frameworks/MetalPerformanceShaders.framework/Versions/A/Frameworks/MPSCore.framework/Versions/A/MPSCore
0x00007ff80fcd6000 	/System/Library/Frameworks/MetalPerformanceShaders.framework/Versions/A/Frameworks/MPSImage.framework/Versions/A/MPSImage
0x00007ff80f789000 	/System/Library/Frameworks/MetalPerformanceShaders.framework/Versions/A/Frameworks/MPSNeuralNetwork.framework/Versions/A/MPSNeuralNetwork
0x00007ff80fbfe000 	/System/Library/Frameworks/MetalPerformanceShaders.framework/Versions/A/Frameworks/MPSMatrix.framework/Versions/A/MPSMatrix
0x00007ff80f9ba000 	/System/Library/Frameworks/MetalPerformanceShaders.framework/Versions/A/Frameworks/MPSRayIntersector.framework/Versions/A/MPSRayIntersector
0x00007ff80fc37000 	/System/Library/Frameworks/MetalPerformanceShaders.framework/Versions/A/Frameworks/MPSNDArray.framework/Versions/A/MPSNDArray
0x00007ffa21c0f000 	/System/Library/Frameworks/MetalPerformanceShaders.framework/Versions/A/Frameworks/MPSFunctions.framework/Versions/A/MPSFunctions
0x00007ff805af0000 	/System/Library/PrivateFrameworks/MetalTools.framework/Versions/A/MetalTools
0x00007ff80e98d000 	/System/Library/PrivateFrameworks/AggregateDictionary.framework/Versions/A/AggregateDictionary
0x00007ff810acb000 	/usr/lib/libIOReport.dylib
0x00007ffa1e62d000 	/System/Library/Frameworks/OpenCL.framework/Versions/A/OpenCL
0x00007ff810e2f000 	/System/Library/PrivateFrameworks/FaceCore.framework/Versions/A/FaceCore
0x00007ff810e20000 	/System/Library/PrivateFrameworks/GraphVisualizer.framework/Versions/A/GraphVisualizer
0x00007ffb08fa0000 	/System/Library/PrivateFrameworks/FontServices.framework/Versions/A/FontServices
0x00007ff81124c000 	/System/Library/PrivateFrameworks/OTSVG.framework/Versions/A/OTSVG
0x00007ff80c770000 	/System/Library/Frameworks/ApplicationServices.framework/Versions/A/Frameworks/ATS.framework/Versions/A/Resources/libFontRegistry.dylib
0x00007ff81129d000 	/System/Library/PrivateFrameworks/FontServices.framework/libhvf.dylib
0x00007ffb08fa1000 	/System/Library/PrivateFrameworks/FontServices.framework/libXTFontStaticRegistryData.dylib
0x00007ff810c99000 	/System/Library/PrivateFrameworks/AppleVA.framework/Versions/A/AppleVA
0x00007ff812dba000 	/System/Library/Frameworks/ApplicationServices.framework/Versions/A/Frameworks/ATS.framework/Versions/A/ATS
0x00007ff80ae40000 	/System/Library/Frameworks/ApplicationServices.framework/Versions/A/Frameworks/HIServices.framework/Versions/A/HIServices
0x00007ff811d95000 	/System/Library/Frameworks/ApplicationServices.framework/Versions/A/Frameworks/PrintCore.framework/Versions/A/PrintCore
0x00007ff81313e000 	/System/Library/Frameworks/ApplicationServices.framework/Versions/A/Frameworks/QD.framework/Versions/A/QD
0x00007ff813136000 	/System/Library/Frameworks/ApplicationServices.framework/Versions/A/Frameworks/ColorSyncLegacy.framework/Versions/A/ColorSyncLegacy
0x00007ff812daa000 	/System/Library/Frameworks/ApplicationServices.framework/Versions/A/Frameworks/SpeechSynthesis.framework/Versions/A/SpeechSynthesis
0x00007ff811d56000 	/System/Library/Frameworks/ApplicationServices.framework/Versions/A/Frameworks/ATSUI.framework/Versions/A/ATSUI
0x00007ff8130cb000 	/usr/lib/libcups.2.dylib
0x00007ff81348e000 	/System/Library/Frameworks/Kerberos.framework/Versions/A/Kerberos
0x00007ff81349d000 	/System/Library/Frameworks/GSS.framework/Versions/A/GSS
0x00007ff812e26000 	/usr/lib/libresolv.9.dylib
0x00007ff8112ac000 	/System/Library/PrivateFrameworks/Heimdal.framework/Versions/A/Heimdal
0x00007ff819f86000 	/System/Library/Frameworks/Kerberos.framework/Versions/A/Libraries/libHeimdalProxy.dylib
0x00007ff80bb12000 	/System/Library/Frameworks/Network.framework/Versions/A/Network
0x00007ff810d03000 	/usr/lib/libheimdal-asn1.dylib
0x00007ff8134e9000 	/System/Library/PrivateFrameworks/CommonAuth.framework/Versions/A/CommonAuth
0x00007ff812d27000 	/System/Library/PrivateFrameworks/AudioSession.framework/Versions/A/AudioSession
0x00007ff810d93000 	/System/Library/PrivateFrameworks/MediaExperience.framework/Versions/A/MediaExperience
0x00007ff812bbb000 	/System/Library/PrivateFrameworks/AudioSession.framework/libSessionUtility.dylib
0x00007ff81314a000 	/System/Library/PrivateFrameworks/AudioResourceArbitration.framework/Versions/A/AudioResourceArbitration
0x00007ff81713b000 	/System/Library/PrivateFrameworks/PowerLog.framework/Versions/A/PowerLog
0x00007ff810d0c000 	/System/Library/PrivateFrameworks/IconFoundation.framework/Versions/A/IconFoundation
0x00007ff815f55000 	/System/Library/PrivateFrameworks/SpeechRecognitionCore.framework/Versions/A/SpeechRecognitionCore
0x00007ffa0e4b8000 	/System/Library/CoreServices/Encodings/libLatin2Converter.dylib
0x0000000102269000 	/Library/Java/JavaVirtualMachines/temurin-11.jdk/Contents/Home/lib/server/libjvm.dylib
0x00000001014d2000 	/Library/Java/JavaVirtualMachines/temurin-11.jdk/Contents/Home/lib/libverify.dylib
0x000000010150f000 	/Library/Java/JavaVirtualMachines/temurin-11.jdk/Contents/Home/lib/libjava.dylib
0x00000001014e3000 	/Library/Java/JavaVirtualMachines/temurin-11.jdk/Contents/Home/lib/libjimage.dylib
0x00000001014fb000 	/Library/Java/JavaVirtualMachines/temurin-11.jdk/Contents/Home/lib/libzip.dylib
0x0000000101fb5000 	/Library/Java/JavaVirtualMachines/temurin-11.jdk/Contents/Home/lib/libnio.dylib
0x0000000101fe1000 	/Library/Java/JavaVirtualMachines/temurin-11.jdk/Contents/Home/lib/libnet.dylib
0x0000000101faa000 	/Library/Java/JavaVirtualMachines/temurin-11.jdk/Contents/Home/lib/libextnet.dylib
0x0000000101fd4000 	/Users/szabosandor/.openjfx/cache/17.0.0.1/libprism_es2.dylib
0x00007ff807c71000 	/System/Library/PrivateFrameworks/CoreServicesInternal.framework/Versions/A/CoreServicesInternal
0x00007ffa1d229000 	/System/Library/Frameworks/OpenGL.framework/Versions/A/Resources/GLEngine.bundle/GLEngine
0x00007ffa1d08b000 	/System/Library/Frameworks/OpenGL.framework/Versions/A/Libraries/libGLProgrammability.dylib
0x00007ffa1527f000 	/System/Library/Extensions/AppleIntelICLGraphicsGLDriver.bundle/Contents/MacOS/AppleIntelICLGraphicsGLDriver
0x00007ff914a1e000 	/System/Library/PrivateFrameworks/GPUSupport.framework/Versions/A/Libraries/libGPUSupportMercury.dylib
0x00007ffa1d3b8000 	/System/Library/Frameworks/OpenGL.framework/Versions/A/Resources/GLRendererFloat.bundle/GLRendererFloat
0x0000000124f4a000 	/Users/szabosandor/.openjfx/cache/17.0.0.1/libglass.dylib
0x00007ff81772c000 	/System/Library/Frameworks/FileProvider.framework/Versions/A/FileProvider
0x00007ff80b8f1000 	/System/Library/Frameworks/Accounts.framework/Versions/A/Accounts
0x00007ff8178a3000 	/System/Library/PrivateFrameworks/GenerationalStorage.framework/Versions/A/GenerationalStorage
0x00007ff8183b5000 	/System/Library/PrivateFrameworks/CoreSymbolication.framework/Versions/A/CoreSymbolication
0x00007ff817130000 	/System/Library/PrivateFrameworks/SymptomDiagnosticReporter.framework/Versions/A/SymptomDiagnosticReporter
0x00007ff808f32000 	/System/Library/PrivateFrameworks/DesktopServicesPriv.framework/Versions/A/DesktopServicesPriv
0x00007ff807db2000 	/usr/lib/libsandbox.1.dylib
0x00007ff80cc07000 	/System/Library/PrivateFrameworks/UserManagement.framework/Versions/A/UserManagement
0x00007ff81837a000 	/System/Library/PrivateFrameworks/DebugSymbols.framework/Versions/A/DebugSymbols
0x00007ff81312b000 	/System/Library/PrivateFrameworks/NetAuth.framework/Versions/A/NetAuth
0x00007ff814019000 	/System/Library/PrivateFrameworks/Sharing.framework/Versions/A/Sharing
0x00007ff80cbda000 	/System/Library/PrivateFrameworks/login.framework/Versions/A/Frameworks/loginsupport.framework/Versions/A/loginsupport
0x00007ff8194ba000 	/System/Library/PrivateFrameworks/Apple80211.framework/Versions/A/Apple80211
0x00007ff80fdbb000 	/System/Library/PrivateFrameworks/AuthKit.framework/Versions/A/AuthKit
0x00007ff80f415000 	/System/Library/PrivateFrameworks/CoreUtils.framework/Versions/A/CoreUtils
0x00007ff80f33c000 	/System/Library/Frameworks/CoreWLAN.framework/Versions/A/CoreWLAN
0x00007ff814174000 	/System/Library/Frameworks/IOBluetooth.framework/Versions/A/IOBluetooth
0x00007ff819522000 	/System/Library/PrivateFrameworks/CoreWiFi.framework/Versions/A/CoreWiFi
0x00007ff817f4f000 	/System/Library/PrivateFrameworks/FrontBoardServices.framework/Versions/A/FrontBoardServices
0x00007ff817fe1000 	/System/Library/PrivateFrameworks/BoardServices.framework/Versions/A/BoardServices
0x00007ff80f62f000 	/System/Library/PrivateFrameworks/AssertionServices.framework/Versions/A/AssertionServices
0x00007ff8196a6000 	/System/Library/PrivateFrameworks/BackBoardServices.framework/Versions/A/BackBoardServices
0x00007ff813578000 	/System/Library/PrivateFrameworks/CorePhoneNumbers.framework/Versions/A/CorePhoneNumbers
0x00007ff81724d000 	/System/Library/PrivateFrameworks/DiskManagement.framework/Versions/A/DiskManagement
0x00007ff817161000 	/System/Library/PrivateFrameworks/AppleIDAuthSupport.framework/Versions/A/AppleIDAuthSupport
0x00007ffa23ba5000 	/System/Library/PrivateFrameworks/AAAFoundation.framework/Versions/A/AAAFoundation
0x00007ff813559000 	/System/Library/PrivateFrameworks/KeychainCircle.framework/Versions/A/KeychainCircle
0x00007ff817219000 	/System/Library/PrivateFrameworks/MediaKit.framework/Versions/A/MediaKit
0x00007ff81716d000 	/System/Library/Frameworks/DiscRecording.framework/Versions/A/DiscRecording
0x00007ff810c11000 	/usr/lib/libCoreStorage.dylib
0x00007ff819995000 	/usr/lib/libcsfde.dylib
0x00007ff814241000 	/System/Library/PrivateFrameworks/ProtectedCloudStorage.framework/Versions/A/ProtectedCloudStorage
0x00007ff819991000 	/System/Library/PrivateFrameworks/EFILogin.framework/Versions/A/EFILogin
0x00007ff8178c9000 	/System/Library/PrivateFrameworks/OctagonTrust.framework/Versions/A/OctagonTrust
0x00007ffb082c2000 	/System/Library/PrivateFrameworks/CoreUtilsExtras.framework/Versions/A/CoreUtilsExtras
0x00007ff8170a3000 	/System/Library/Frameworks/CoreBluetooth.framework/Versions/A/CoreBluetooth
0x00007ff81a00b000 	/System/Library/Frameworks/AudioUnit.framework/Versions/A/AudioUnit
0x00007ff810c09000 	/usr/lib/libMatch.1.dylib
0x00007ff90efa4000 	/System/Library/Frameworks/Accelerate.framework/Versions/A/Frameworks/vImage.framework/Versions/A/Libraries/libCGInterfaces.dylib
0x00000001267f4000 	/usr/lib/libobjc-trampolines.dylib
0x00007ff80c900000 	/System/Library/PrivateFrameworks/ViewBridge.framework/Versions/A/ViewBridge
0x00007ffb1aeb9000 	/usr/lib/libRosetta.dylib
0x00000001295cd000 	/Users/szabosandor/.openjfx/cache/17.0.0.1/libjavafx_font.dylib
0x00007ff811366000 	/System/Library/PrivateFrameworks/login.framework/Versions/A/login
0x00007ff816620000 	/System/Library/PrivateFrameworks/SystemAdministration.framework/Versions/A/SystemAdministration
0x00007ff811fbd000 	/System/Library/Frameworks/MediaToolbox.framework/Versions/A/MediaToolbox
0x00007ff815f21000 	/System/Library/Frameworks/DirectoryService.framework/Versions/A/DirectoryService
0x00007ff819833000 	/System/Library/PrivateFrameworks/DiskImages.framework/Versions/A/DiskImages
0x00007ff80f6d7000 	/System/Library/Frameworks/ServiceManagement.framework/Versions/A/ServiceManagement
0x00007ff819a0d000 	/System/Library/PrivateFrameworks/LoginUIKit.framework/Versions/A/Frameworks/LoginUICore.framework/Versions/A/LoginUICore
0x00007ff811514000 	/usr/lib/libodfde.dylib
0x00007ff8176fc000 	/System/Library/PrivateFrameworks/CoreAVCHD.framework/Versions/A/CoreAVCHD
0x00007ff8165e4000 	/System/Library/Frameworks/MediaAccessibility.framework/Versions/A/MediaAccessibility
0x00007ff8176f8000 	/System/Library/PrivateFrameworks/Mangrove.framework/Versions/A/Mangrove
0x00007ff8165ef000 	/System/Library/PrivateFrameworks/AlgosScoreFramework.framework/Versions/A/AlgosScoreFramework
0x00007ffb0570e000 	/System/Library/PrivateFrameworks/CMPhoto.framework/Versions/A/CMPhoto
0x00007ff818250000 	/System/Library/PrivateFrameworks/AppleVPA.framework/Versions/A/AppleVPA
0x00007ff81733d000 	/System/Library/PrivateFrameworks/CoreAUC.framework/Versions/A/CoreAUC
0x00007ff8199a1000 	/usr/lib/libcurl.4.dylib
0x00007ff8196fe000 	/usr/lib/libcrypto.44.dylib
0x00007ff819806000 	/usr/lib/libssl.46.dylib
0x00007ff8196c4000 	/System/Library/Frameworks/LDAP.framework/Versions/A/LDAP
0x00007ff8196fc000 	/System/Library/PrivateFrameworks/TrustEvaluationAgent.framework/Versions/A/TrustEvaluationAgent
0x00007ff812e3f000 	/usr/lib/libsasl2.2.dylib
0x00007ff816614000 	/System/Library/PrivateFrameworks/CoreDaemon.framework/Versions/B/CoreDaemon
0x00007ff81660f000 	/System/Library/PrivateFrameworks/AppleSRP.framework/Versions/A/AppleSRP


VM Arguments:
jvm_args: --module-path=/Users/szabosandor/.m2/repository/org/openjfx/javafx-base/17.0.0.1/javafx-base-17.0.0.1-mac.jar:/Users/szabosandor/.m2/repository/org/openjfx/javafx-base/17.0.0.1/javafx-base-17.0.0.1.jar:/Users/szabosandor/.m2/repository/org/openjfx/javafx-controls/11/javafx-controls-11-mac.jar:/Users/szabosandor/.m2/repository/org/openjfx/javafx-controls/11/javafx-controls-11.jar:/Users/szabosandor/.m2/repository/org/openjfx/javafx-fxml/11/javafx-fxml-11-mac.jar:/Users/szabosandor/.m2/repository/org/openjfx/javafx-fxml/11/javafx-fxml-11.jar:/Users/szabosandor/.m2/repository/org/openjfx/javafx-graphics/11/javafx-graphics-11-mac.jar:/Users/szabosandor/.m2/repository/org/openjfx/javafx-graphics/11/javafx-graphics-11.jar --add-modules=javafx.base,javafx.controls,javafx.fxml,javafx.graphics 
java_command: hu.unideb.inf.Main
java_class_path (initial): /Users/szabosandor/Desktop/Virsly-Projekt/target/classes:/Users/szabosandor/.m2/repository/antlr/antlr/2.7.7/antlr-2.7.7.jar:/Users/szabosandor/.m2/repository/com/fasterxml/classmate/1.3.4/classmate-1.3.4.jar:/Users/szabosandor/.m2/repository/com/google/protobuf/protobuf-java/3.11.4/protobuf-java-3.11.4.jar:/Users/szabosandor/.m2/repository/com/h2database/h2/1.4.199/h2-1.4.199.jar:/Users/szabosandor/.m2/repository/com/sun/istack/istack-commons-runtime/3.0.7/istack-commons-runtime-3.0.7.jar:/Users/szabosandor/.m2/repository/com/sun/xml/fastinfoset/FastInfoset/1.2.15/FastInfoset-1.2.15.jar:/Users/szabosandor/.m2/repository/javax/activation/javax.activation-api/1.2.0/javax.activation-api-1.2.0.jar:/Users/szabosandor/.m2/repository/javax/persistence/javax.persistence-api/2.2/javax.persistence-api-2.2.jar:/Users/szabosandor/.m2/repository/javax/xml/bind/jaxb-api/2.3.1/jaxb-api-2.3.1.jar:/Users/szabosandor/.m2/repository/mysql/mysql-connector-java/8.0.22/mysql-connector-java-8.0.22.jar:/Users/szabosandor/.m2/repository/net/bytebuddy/byte-buddy/1.9.11/byte-buddy-1.9.11.jar:/Users/szabosandor/.m2/repository/org/dom4j/dom4j/2.1.1/dom4j-2.1.1.jar:/Users/szabosandor/.m2/repository/org/glassfish/jaxb/jaxb-runtime/2.3.1/jaxb-runtime-2.3.1.jar:/Users/szabosandor/.m2/repository/org/glassfish/jaxb/txw2/2.3.1/txw2-2.3.1.jar:/Users/szabosandor/.m2/repository/org/hibernate/hibernate-core/5.4.4.Final/hibernate-core-5.4.4.Final.jar:/Users/szabosandor/.m2/repository/org/hibernate/hibernate-entitymanager/5.4.4.Final/hibernate-entitymanager-5.4.4.Final.jar:/Users/szabosandor/.m2/repository/org/hibernate/common/hibernate-commons-annotations/5.1.0.Final/hibernate-commons-annotations-5.1.0.Final.jar:/Users/szabosandor/.m2/repository/org/javassist/javassist/3.24.0-GA/javassist-3.24.0-GA.jar:/Users/szabosandor/.m2/repository/org/jboss/jandex/2.0.5.Final/jandex-2.0.5.Final.jar:/Users/szabosandor/.m2/repository/org/jboss/logging/jboss-logging/3.3.2.Final/jboss-logging
Launcher Type: SUN_STANDARD

[Global flags]
     intx CICompilerCount                          = 3                                         {product} {ergonomic}
     uint ConcGCThreads                            = 1                                         {product} {ergonomic}
     uint G1ConcRefinementThreads                  = 4                                         {product} {ergonomic}
   size_t G1HeapRegionSize                         = 1048576                                   {product} {ergonomic}
    uintx GCDrainStackTargetSize                   = 64                                        {product} {ergonomic}
   size_t InitialHeapSize                          = 134217728                                 {product} {ergonomic}
   size_t MarkStackSize                            = 4194304                                   {product} {ergonomic}
   size_t MaxHeapSize                              = 2147483648                                {product} {ergonomic}
   size_t MaxNewSize                               = 1287651328                                {product} {ergonomic}
   size_t MinHeapDeltaBytes                        = 1048576                                   {product} {ergonomic}
    uintx NonNMethodCodeHeapSize                   = 5830732                                {pd product} {ergonomic}
    uintx NonProfiledCodeHeapSize                  = 122913754                              {pd product} {ergonomic}
    uintx ProfiledCodeHeapSize                     = 122913754                              {pd product} {ergonomic}
    uintx ReservedCodeCacheSize                    = 251658240                              {pd product} {ergonomic}
     bool SegmentedCodeCache                       = true                                      {product} {ergonomic}
     bool UseCompressedClassPointers               = true                                 {lp64_product} {ergonomic}
     bool UseCompressedOops                        = true                                 {lp64_product} {ergonomic}
     bool UseG1GC                                  = true                                      {product} {ergonomic}

Logging:
Log output configuration:
 #0: stdout all=warning uptime,level,tags
 #1: stderr all=off uptime,level,tags

Environment Variables:
PATH=/usr/local/bin:/usr/bin:/bin:/usr/sbin:/sbin:/usr/local/share/dotnet:~/.dotnet/tools:/Library/Frameworks/Mono.framework/Versions/Current/Commands:/Users/szabosandor/.zsh/misc
SHELL=/bin/zsh
LC_CTYPE=hu_HU.UTF-8

Signal Handlers:
SIGSEGV: [libjvm.dylib+0x7c73e4], sa_mask[0]=11111111011111110111111111111111, sa_flags=SA_ONSTACK|SA_RESTART|SA_SIGINFO
SIGBUS: [libjvm.dylib+0x7c73e4], sa_mask[0]=11111111011111110111111111111111, sa_flags=SA_RESTART|SA_SIGINFO
SIGFPE: [libjvm.dylib+0x7c73e4], sa_mask[0]=11111111011111110111111111111111, sa_flags=SA_RESTART|SA_SIGINFO
SIGPIPE: [libjvm.dylib+0x62c4e1], sa_mask[0]=11111111011111110111111111111111, sa_flags=SA_RESTART|SA_SIGINFO
SIGXFSZ: [libjvm.dylib+0x62c4e1], sa_mask[0]=11111111011111110111111111111111, sa_flags=SA_RESTART|SA_SIGINFO
SIGILL: [libjvm.dylib+0x7c73e4], sa_mask[0]=11111111011111110111111111111111, sa_flags=SA_RESTART|SA_SIGINFO
SIGUSR2: [libjvm.dylib+0x62cac9], sa_mask[0]=00100000000000000000000000000000, sa_flags=SA_RESTART|SA_SIGINFO
SIGHUP: [libjvm.dylib+0x62b667], sa_mask[0]=11111111011111110111111111111111, sa_flags=SA_RESTART|SA_SIGINFO
SIGINT: [libjvm.dylib+0x62b667], sa_mask[0]=11111111011111110111111111111111, sa_flags=SA_RESTART|SA_SIGINFO
SIGTERM: [libjvm.dylib+0x62b667], sa_mask[0]=11111111011111110111111111111111, sa_flags=SA_RESTART|SA_SIGINFO
SIGQUIT: [libjvm.dylib+0x62b667], sa_mask[0]=11111111011111110111111111111111, sa_flags=SA_RESTART|SA_SIGINFO


---------------  S Y S T E M  ---------------

OS:uname:Darwin 21.2.0 Darwin Kernel Version 21.2.0: Sun Nov 28 20:28:54 PST 2021; root:xnu-8019.61.5~1/RELEASE_X86_64 x86_64
OS uptime: 8 days 9:10 hours
rlimit (soft/hard): STACK 8192k/65532k , CORE 0k/infinity , NPROC 1392/2088 , NOFILE 10240/infinity , AS infinity/infinity , CPU infinity/infinity , DATA infinity/infinity , FSIZE infinity/infinity , MEMLOCK infinity/infinity , RSS infinity/infinity
load average:2.33 2.70 2.90

CPU:total 4 (initial active 4) (2 cores per cpu, 2 threads per core) family 6 model 126 stepping 5 microcode 0xa6, cmov, cx8, fxsr, mmx, sse, sse2, sse3, ssse3, sse4.1, sse4.2, popcnt, avx, avx2, aes, clmul, erms, 3dnowpref, lzcnt, ht, tsc, tscinvbit, bmi1, bmi2, adx, sha, fma

Memory: 4k page, physical 8388608k(22280k free), swap 2097152k(1037824k free)

vm_info: OpenJDK 64-Bit Server VM (11.0.12+7) for bsd-amd64 JRE (11.0.12+7), built on Jul 21 2021 09:19:19 by "jenkins" with clang 4.2.1 Compatible Apple LLVM 10.0.1 (clang-1001.0.46.4)

END.
